running egg_info
writing ../../build/parallelbot/parallelbot.egg-info/PKG-INFO
writing dependency_links to ../../build/parallelbot/parallelbot.egg-info/dependency_links.txt
writing entry points to ../../build/parallelbot/parallelbot.egg-info/entry_points.txt
writing requirements to ../../build/parallelbot/parallelbot.egg-info/requires.txt
writing top-level names to ../../build/parallelbot/parallelbot.egg-info/top_level.txt
reading manifest file '../../build/parallelbot/parallelbot.egg-info/SOURCES.txt'
adding license file 'LICENSE'
writing manifest file '../../build/parallelbot/parallelbot.egg-info/SOURCES.txt'
running build
running build_py
copying parallelbot/PB_kinematics.py -> /home/noah/Documents/Grad/Coursework/RoboticsProject/ME439_term_project/ros2_ws/build/parallelbot/build/lib/parallelbot
copying parallelbot/ServoCommander.py -> /home/noah/Documents/Grad/Coursework/RoboticsProject/ME439_term_project/ros2_ws/build/parallelbot/build/lib/parallelbot
running install
running install_lib
copying /home/noah/Documents/Grad/Coursework/RoboticsProject/ME439_term_project/ros2_ws/build/parallelbot/build/lib/parallelbot/PB_kinematics.py -> /home/noah/Documents/Grad/Coursework/RoboticsProject/ME439_term_project/ros2_ws/install/parallelbot/lib/python3.12/site-packages/parallelbot
copying /home/noah/Documents/Grad/Coursework/RoboticsProject/ME439_term_project/ros2_ws/build/parallelbot/build/lib/parallelbot/ServoCommander.py -> /home/noah/Documents/Grad/Coursework/RoboticsProject/ME439_term_project/ros2_ws/install/parallelbot/lib/python3.12/site-packages/parallelbot
byte-compiling /home/noah/Documents/Grad/Coursework/RoboticsProject/ME439_term_project/ros2_ws/install/parallelbot/lib/python3.12/site-packages/parallelbot/PB_kinematics.py to PB_kinematics.cpython-312.pyc
byte-compiling /home/noah/Documents/Grad/Coursework/RoboticsProject/ME439_term_project/ros2_ws/install/parallelbot/lib/python3.12/site-packages/parallelbot/ServoCommander.py to ServoCommander.cpython-312.pyc
running install_data
running install_egg_info
removing '/home/noah/Documents/Grad/Coursework/RoboticsProject/ME439_term_project/ros2_ws/install/parallelbot/lib/python3.12/site-packages/parallelbot-0.0.0-py3.12.egg-info' (and everything under it)
Copying ../../build/parallelbot/parallelbot.egg-info to /home/noah/Documents/Grad/Coursework/RoboticsProject/ME439_term_project/ros2_ws/install/parallelbot/lib/python3.12/site-packages/parallelbot-0.0.0-py3.12.egg-info
running install_scripts
Installing PB_kinematics script to /home/noah/Documents/Grad/Coursework/RoboticsProject/ME439_term_project/ros2_ws/install/parallelbot/lib/parallelbot
Installing ServoCommander script to /home/noah/Documents/Grad/Coursework/RoboticsProject/ME439_term_project/ros2_ws/install/parallelbot/lib/parallelbot
writing list of installed files to '/home/noah/Documents/Grad/Coursework/RoboticsProject/ME439_term_project/ros2_ws/build/parallelbot/install.log'
