[0.017s] Invoking command in '/home/noah/Documents/Grad/Coursework/RoboticsProject/ME439_term_project/ros2_ws/build/parallelbot_interfaces': CMAKE_PREFIX_PATH=${CMAKE_PREFIX_PATH}:/opt/ros/jazzy /usr/bin/cmake /home/noah/Documents/Grad/Coursework/RoboticsProject/ME439_term_project/ros2_ws/src/parallelbot_interfaces -DCMAKE_INSTALL_PREFIX=/home/noah/Documents/Grad/Coursework/RoboticsProject/ME439_term_project/ros2_ws/install/parallelbot_interfaces
[0.036s] -- Found ament_cmake: 2.5.2 (/opt/ros/jazzy/share/ament_cmake/cmake)
[0.337s] -- Found example_interfaces: 0.12.0 (/opt/ros/jazzy/share/example_interfaces/cmake)
[0.367s] -- Found rosidl_generator_c: 4.6.4 (/opt/ros/jazzy/share/rosidl_generator_c/cmake)
[0.377s] -- Found rosidl_generator_cpp: 4.6.4 (/opt/ros/jazzy/share/rosidl_generator_cpp/cmake)
[0.390s] -- Using all available rosidl_typesupport_c: rosidl_typesupport_fastrtps_c;rosidl_typesupport_introspection_c
[0.405s] -- Using all available rosidl_typesupport_cpp: rosidl_typesupport_fastrtps_cpp;rosidl_typesupport_introspection_cpp
[0.492s] -- Found geometry_msgs: 5.3.5 (/opt/ros/jazzy/share/geometry_msgs/cmake)
[0.535s] -- Found sensor_msgs: 5.3.5 (/opt/ros/jazzy/share/sensor_msgs/cmake)
[0.570s] -- Found nav_msgs: 5.3.5 (/opt/ros/jazzy/share/nav_msgs/cmake)
[0.601s] -- Found map_msgs: 2.4.1 (/opt/ros/jazzy/share/map_msgs/cmake)
[0.644s] -- Found rosidl_default_generators: 1.6.0 (/opt/ros/jazzy/share/rosidl_default_generators/cmake)
[0.653s] -- Found rosidl_adapter: 4.6.4 (/opt/ros/jazzy/share/rosidl_adapter/cmake)
[1.371s] -- Found ament_cmake_ros: 0.12.0 (/opt/ros/jazzy/share/ament_cmake_ros/cmake)
[2.382s] -- Using all available rosidl_typesupport_c: rosidl_typesupport_fastrtps_c;rosidl_typesupport_introspection_c
[2.790s] -- Using all available rosidl_typesupport_cpp: rosidl_typesupport_fastrtps_cpp;rosidl_typesupport_introspection_cpp
[2.798s] -- Found python_cmake_module: 0.11.1 (/opt/ros/jazzy/share/python_cmake_module/cmake)
[2.947s] -- Found PythonExtra: /usr/bin/python3  
[3.493s] -- Found Python3: /usr/bin/python3 (found version "3.12.3") found components: Interpreter Development NumPy Development.Module Development.Embed 
[3.558s] -- Found ament_lint_auto: 0.17.1 (/opt/ros/jazzy/share/ament_lint_auto/cmake)
[3.597s] -- Added test 'flake8' to check Python code syntax and style conventions
[3.597s] -- Configured 'flake8' exclude dirs and/or files: 
[3.599s] -- Added test 'lint_cmake' to check CMake code style
[3.600s] -- Added test 'pep257' to check Python code against some of the docstring style conventions in PEP 257
[3.603s] -- Added test 'xmllint' to check XML markup files
[3.608s] -- Configuring done (3.6s)
[3.675s] -- Generating done (0.1s)
[3.680s] -- Build files have been written to: /home/noah/Documents/Grad/Coursework/RoboticsProject/ME439_term_project/ros2_ws/build/parallelbot_interfaces
[3.687s] Invoked command in '/home/noah/Documents/Grad/Coursework/RoboticsProject/ME439_term_project/ros2_ws/build/parallelbot_interfaces' returned '0': CMAKE_PREFIX_PATH=${CMAKE_PREFIX_PATH}:/opt/ros/jazzy /usr/bin/cmake /home/noah/Documents/Grad/Coursework/RoboticsProject/ME439_term_project/ros2_ws/src/parallelbot_interfaces -DCMAKE_INSTALL_PREFIX=/home/noah/Documents/Grad/Coursework/RoboticsProject/ME439_term_project/ros2_ws/install/parallelbot_interfaces
[3.689s] Invoking command in '/home/noah/Documents/Grad/Coursework/RoboticsProject/ME439_term_project/ros2_ws/build/parallelbot_interfaces': CMAKE_PREFIX_PATH=${CMAKE_PREFIX_PATH}:/opt/ros/jazzy /usr/bin/cmake --build /home/noah/Documents/Grad/Coursework/RoboticsProject/ME439_term_project/ros2_ws/build/parallelbot_interfaces -- -j8 -l8
[3.747s] [  1%] [34m[1mGenerating type hashes for ROS interfaces[0m
[3.756s] [  1%] Built target ament_cmake_python_copy_parallelbot_interfaces
[4.072s] [  1%] Built target parallelbot_interfaces__rosidl_generator_type_description
[4.083s] [  3%] [34m[1mGenerating C code for ROS interfaces[0m
[4.093s] [  5%] [34m[1mGenerating C++ code for ROS interfaces[0m
[4.099s] running egg_info
[4.100s] creating parallelbot_interfaces.egg-info
[4.135s] writing parallelbot_interfaces.egg-info/PKG-INFO
[4.135s] writing dependency_links to parallelbot_interfaces.egg-info/dependency_links.txt
[4.135s] writing top-level names to parallelbot_interfaces.egg-info/top_level.txt
[4.136s] writing manifest file 'parallelbot_interfaces.egg-info/SOURCES.txt'
[4.260s] reading manifest file 'parallelbot_interfaces.egg-info/SOURCES.txt'
[4.261s] writing manifest file 'parallelbot_interfaces.egg-info/SOURCES.txt'
[4.291s] [  5%] Built target ament_cmake_python_build_parallelbot_interfaces_egg
[4.565s] [  5%] Built target parallelbot_interfaces__cpp
[4.669s] [ 18%] [32mBuilding C object CMakeFiles/parallelbot_interfaces__rosidl_generator_c.dir/rosidl_generator_c/parallelbot_interfaces/msg/detail/pb_joint_angles__functions.c.o[0m
[4.669s] [ 18%] [32mBuilding C object CMakeFiles/parallelbot_interfaces__rosidl_generator_c.dir/rosidl_generator_c/parallelbot_interfaces/msg/detail/pb_joint_command__description.c.o[0m
[4.670s] [ 18%] [32mBuilding C object CMakeFiles/parallelbot_interfaces__rosidl_generator_c.dir/rosidl_generator_c/parallelbot_interfaces/msg/detail/pb_endpoint__functions.c.o[0m
[4.670s] [ 18%] [32mBuilding C object CMakeFiles/parallelbot_interfaces__rosidl_generator_c.dir/rosidl_generator_c/parallelbot_interfaces/msg/detail/pb_joint_angles__type_support.c.o[0m
[4.670s] [ 18%] [32mBuilding C object CMakeFiles/parallelbot_interfaces__rosidl_generator_c.dir/rosidl_generator_c/parallelbot_interfaces/msg/detail/pb_endpoint__type_support.c.o[0m
[4.670s] [ 18%] [32mBuilding C object CMakeFiles/parallelbot_interfaces__rosidl_generator_c.dir/rosidl_generator_c/parallelbot_interfaces/msg/detail/pb_endpoint__description.c.o[0m
[4.670s] [ 20%] [32mBuilding C object CMakeFiles/parallelbot_interfaces__rosidl_generator_c.dir/rosidl_generator_c/parallelbot_interfaces/msg/detail/pb_joint_command__functions.c.o[0m
[4.671s] [ 20%] [32mBuilding C object CMakeFiles/parallelbot_interfaces__rosidl_generator_c.dir/rosidl_generator_c/parallelbot_interfaces/msg/detail/pb_joint_angles__description.c.o[0m
[4.730s] [ 22%] [32mBuilding C object CMakeFiles/parallelbot_interfaces__rosidl_generator_c.dir/rosidl_generator_c/parallelbot_interfaces/msg/detail/pb_joint_command__type_support.c.o[0m
[4.770s] [ 24%] [32m[1mLinking C shared library libparallelbot_interfaces__rosidl_generator_c.so[0m
[4.808s] [ 24%] Built target parallelbot_interfaces__rosidl_generator_c
[4.821s] [ 27%] [34m[1mGenerating C introspection for ROS interfaces[0m
[4.821s] [ 27%] [34m[1mGenerating C++ type support for eProsima Fast-RTPS[0m
[4.825s] [ 31%] [34m[1mGenerating C++ type support dispatch for ROS interfaces[0m
[4.825s] [ 31%] [34m[1mGenerating C type support for eProsima Fast-RTPS[0m
[4.825s] [ 35%] [34m[1mGenerating C type support dispatch for ROS interfaces[0m
[4.826s] [ 35%] [34m[1mGenerating C++ introspection for ROS interfaces[0m
[5.203s] [ 37%] [32mBuilding CXX object CMakeFiles/parallelbot_interfaces__rosidl_typesupport_c.dir/rosidl_typesupport_c/parallelbot_interfaces/msg/pb_joint_angles__type_support.cpp.o[0m
[5.212s] [ 38%] [32mBuilding CXX object CMakeFiles/parallelbot_interfaces__rosidl_typesupport_c.dir/rosidl_typesupport_c/parallelbot_interfaces/msg/pb_endpoint__type_support.cpp.o[0m
[5.215s] [ 40%] [32mBuilding CXX object CMakeFiles/parallelbot_interfaces__rosidl_typesupport_c.dir/rosidl_typesupport_c/parallelbot_interfaces/msg/pb_joint_command__type_support.cpp.o[0m
[5.260s] [ 42%] [32mBuilding CXX object CMakeFiles/parallelbot_interfaces__rosidl_typesupport_introspection_cpp.dir/rosidl_typesupport_introspection_cpp/parallelbot_interfaces/msg/detail/pb_joint_angles__type_support.cpp.o[0m
[5.296s] [ 44%] [32mBuilding CXX object CMakeFiles/parallelbot_interfaces__rosidl_typesupport_introspection_cpp.dir/rosidl_typesupport_introspection_cpp/parallelbot_interfaces/msg/detail/pb_endpoint__type_support.cpp.o[0m
[5.299s] [ 46%] [32mBuilding CXX object CMakeFiles/parallelbot_interfaces__rosidl_typesupport_introspection_cpp.dir/rosidl_typesupport_introspection_cpp/parallelbot_interfaces/msg/detail/pb_joint_command__type_support.cpp.o[0m
[5.304s] [ 48%] [32m[1mLinking CXX shared library libparallelbot_interfaces__rosidl_typesupport_c.so[0m
[5.384s] [ 48%] Built target parallelbot_interfaces__rosidl_typesupport_c
[5.470s] [ 50%] [32mBuilding CXX object CMakeFiles/parallelbot_interfaces__rosidl_typesupport_cpp.dir/rosidl_typesupport_cpp/parallelbot_interfaces/msg/pb_joint_angles__type_support.cpp.o[0m
[5.480s] [ 51%] [32mBuilding CXX object CMakeFiles/parallelbot_interfaces__rosidl_typesupport_cpp.dir/rosidl_typesupport_cpp/parallelbot_interfaces/msg/pb_endpoint__type_support.cpp.o[0m
[5.684s] [ 53%] [32mBuilding C object CMakeFiles/parallelbot_interfaces__rosidl_typesupport_introspection_c.dir/rosidl_typesupport_introspection_c/parallelbot_interfaces/msg/detail/pb_joint_angles__type_support.c.o[0m
[5.689s] [ 55%] [32mBuilding CXX object CMakeFiles/parallelbot_interfaces__rosidl_typesupport_fastrtps_cpp.dir/rosidl_typesupport_fastrtps_cpp/parallelbot_interfaces/msg/detail/dds_fastrtps/pb_joint_angles__type_support.cpp.o[0m
[5.739s] [ 57%] [32mBuilding CXX object CMakeFiles/parallelbot_interfaces__rosidl_typesupport_fastrtps_c.dir/rosidl_typesupport_fastrtps_c/parallelbot_interfaces/msg/detail/pb_joint_angles__type_support_c.cpp.o[0m
[5.790s] [ 59%] [32mBuilding C object CMakeFiles/parallelbot_interfaces__rosidl_typesupport_introspection_c.dir/rosidl_typesupport_introspection_c/parallelbot_interfaces/msg/detail/pb_endpoint__type_support.c.o[0m
[5.984s] [ 61%] [32mBuilding C object CMakeFiles/parallelbot_interfaces__rosidl_typesupport_introspection_c.dir/rosidl_typesupport_introspection_c/parallelbot_interfaces/msg/detail/pb_joint_command__type_support.c.o[0m
[6.101s] [ 62%] [32m[1mLinking C shared library libparallelbot_interfaces__rosidl_typesupport_introspection_c.so[0m
[6.157s] [ 64%] [32mBuilding CXX object CMakeFiles/parallelbot_interfaces__rosidl_typesupport_fastrtps_cpp.dir/rosidl_typesupport_fastrtps_cpp/parallelbot_interfaces/msg/detail/dds_fastrtps/pb_endpoint__type_support.cpp.o[0m
[6.159s] [ 64%] Built target parallelbot_interfaces__rosidl_typesupport_introspection_c
[6.171s] [ 66%] [32mBuilding CXX object CMakeFiles/parallelbot_interfaces__rosidl_typesupport_cpp.dir/rosidl_typesupport_cpp/parallelbot_interfaces/msg/pb_joint_command__type_support.cpp.o[0m
[6.253s] [ 68%] [32mBuilding CXX object CMakeFiles/parallelbot_interfaces__rosidl_typesupport_fastrtps_c.dir/rosidl_typesupport_fastrtps_c/parallelbot_interfaces/msg/detail/pb_endpoint__type_support_c.cpp.o[0m
[6.353s] [ 70%] [32mBuilding CXX object CMakeFiles/parallelbot_interfaces__rosidl_typesupport_fastrtps_c.dir/rosidl_typesupport_fastrtps_c/parallelbot_interfaces/msg/detail/pb_joint_command__type_support_c.cpp.o[0m
[6.365s] [ 72%] [32mBuilding CXX object CMakeFiles/parallelbot_interfaces__rosidl_typesupport_fastrtps_cpp.dir/rosidl_typesupport_fastrtps_cpp/parallelbot_interfaces/msg/detail/dds_fastrtps/pb_joint_command__type_support.cpp.o[0m
[6.372s] [ 74%] [32m[1mLinking CXX shared library libparallelbot_interfaces__rosidl_typesupport_introspection_cpp.so[0m
[6.559s] [ 74%] Built target parallelbot_interfaces__rosidl_typesupport_introspection_cpp
[6.911s] [ 75%] [32m[1mLinking CXX shared library libparallelbot_interfaces__rosidl_typesupport_cpp.so[0m
[6.995s] [ 75%] Built target parallelbot_interfaces__rosidl_typesupport_cpp
[7.347s] [ 77%] [32m[1mLinking CXX shared library libparallelbot_interfaces__rosidl_typesupport_fastrtps_c.so[0m
[7.441s] [ 79%] [32m[1mLinking CXX shared library libparallelbot_interfaces__rosidl_typesupport_fastrtps_cpp.so[0m
[7.441s] [ 79%] Built target parallelbot_interfaces__rosidl_typesupport_fastrtps_c
[7.576s] [ 79%] Built target parallelbot_interfaces__rosidl_typesupport_fastrtps_cpp
[7.596s] [ 79%] Built target parallelbot_interfaces
[7.621s] [ 81%] [34m[1mGenerating Python code for ROS interfaces[0m
[8.143s] [ 81%] Built target parallelbot_interfaces__py
[8.164s] [ 87%] [32mBuilding C object CMakeFiles/parallelbot_interfaces__rosidl_generator_py.dir/rosidl_generator_py/parallelbot_interfaces/msg/_pb_joint_angles_s.c.o[0m
[8.164s] [ 87%] [32mBuilding C object CMakeFiles/parallelbot_interfaces__rosidl_generator_py.dir/rosidl_generator_py/parallelbot_interfaces/msg/_pb_endpoint_s.c.o[0m
[8.165s] [ 87%] [32mBuilding C object CMakeFiles/parallelbot_interfaces__rosidl_generator_py.dir/rosidl_generator_py/parallelbot_interfaces/msg/_pb_joint_command_s.c.o[0m
[8.423s] [ 88%] [32m[1mLinking C shared library libparallelbot_interfaces__rosidl_generator_py.so[0m
[8.468s] [ 88%] Built target parallelbot_interfaces__rosidl_generator_py
[8.490s] [ 94%] [32mBuilding C object CMakeFiles/parallelbot_interfaces_s__rosidl_typesupport_introspection_c.dir/rosidl_generator_py/parallelbot_interfaces/_parallelbot_interfaces_s.ep.rosidl_typesupport_introspection_c.c.o[0m
[8.490s] [ 94%] [32mBuilding C object CMakeFiles/parallelbot_interfaces_s__rosidl_typesupport_c.dir/rosidl_generator_py/parallelbot_interfaces/_parallelbot_interfaces_s.ep.rosidl_typesupport_c.c.o[0m
[8.490s] [ 94%] [32mBuilding C object CMakeFiles/parallelbot_interfaces_s__rosidl_typesupport_fastrtps_c.dir/rosidl_generator_py/parallelbot_interfaces/_parallelbot_interfaces_s.ep.rosidl_typesupport_fastrtps_c.c.o[0m
[8.614s] [ 96%] [32m[1mLinking C shared module rosidl_generator_py/parallelbot_interfaces/parallelbot_interfaces_s__rosidl_typesupport_c.so[0m
[8.614s] [ 98%] [32m[1mLinking C shared module rosidl_generator_py/parallelbot_interfaces/parallelbot_interfaces_s__rosidl_typesupport_introspection_c.so[0m
[8.615s] [100%] [32m[1mLinking C shared module rosidl_generator_py/parallelbot_interfaces/parallelbot_interfaces_s__rosidl_typesupport_fastrtps_c.so[0m
[8.649s] [100%] Built target parallelbot_interfaces_s__rosidl_typesupport_introspection_c
[8.650s] [100%] Built target parallelbot_interfaces_s__rosidl_typesupport_fastrtps_c
[8.650s] [100%] Built target parallelbot_interfaces_s__rosidl_typesupport_c
[8.662s] Invoked command in '/home/noah/Documents/Grad/Coursework/RoboticsProject/ME439_term_project/ros2_ws/build/parallelbot_interfaces' returned '0': CMAKE_PREFIX_PATH=${CMAKE_PREFIX_PATH}:/opt/ros/jazzy /usr/bin/cmake --build /home/noah/Documents/Grad/Coursework/RoboticsProject/ME439_term_project/ros2_ws/build/parallelbot_interfaces -- -j8 -l8
[8.814s] Invoking command in '/home/noah/Documents/Grad/Coursework/RoboticsProject/ME439_term_project/ros2_ws/build/parallelbot_interfaces': CMAKE_PREFIX_PATH=${CMAKE_PREFIX_PATH}:/opt/ros/jazzy /usr/bin/cmake --install /home/noah/Documents/Grad/Coursework/RoboticsProject/ME439_term_project/ros2_ws/build/parallelbot_interfaces
[8.827s] -- Install configuration: ""
[8.828s] -- Installing: /home/noah/Documents/Grad/Coursework/RoboticsProject/ME439_term_project/ros2_ws/install/parallelbot_interfaces/share/ament_index/resource_index/rosidl_interfaces/parallelbot_interfaces
[8.828s] -- Installing: /home/noah/Documents/Grad/Coursework/RoboticsProject/ME439_term_project/ros2_ws/install/parallelbot_interfaces/share/parallelbot_interfaces/msg/PBJointAngles.json
[8.828s] -- Installing: /home/noah/Documents/Grad/Coursework/RoboticsProject/ME439_term_project/ros2_ws/install/parallelbot_interfaces/share/parallelbot_interfaces/msg/PBEndpoint.json
[8.829s] -- Installing: /home/noah/Documents/Grad/Coursework/RoboticsProject/ME439_term_project/ros2_ws/install/parallelbot_interfaces/share/parallelbot_interfaces/msg/PBJointCommand.json
[8.829s] -- Installing: /home/noah/Documents/Grad/Coursework/RoboticsProject/ME439_term_project/ros2_ws/install/parallelbot_interfaces/include/parallelbot_interfaces/parallelbot_interfaces
[8.829s] -- Installing: /home/noah/Documents/Grad/Coursework/RoboticsProject/ME439_term_project/ros2_ws/install/parallelbot_interfaces/include/parallelbot_interfaces/parallelbot_interfaces/msg
[8.829s] -- Installing: /home/noah/Documents/Grad/Coursework/RoboticsProject/ME439_term_project/ros2_ws/install/parallelbot_interfaces/include/parallelbot_interfaces/parallelbot_interfaces/msg/pb_joint_command.h
[8.830s] -- Installing: /home/noah/Documents/Grad/Coursework/RoboticsProject/ME439_term_project/ros2_ws/install/parallelbot_interfaces/include/parallelbot_interfaces/parallelbot_interfaces/msg/detail
[8.830s] -- Installing: /home/noah/Documents/Grad/Coursework/RoboticsProject/ME439_term_project/ros2_ws/install/parallelbot_interfaces/include/parallelbot_interfaces/parallelbot_interfaces/msg/detail/pb_endpoint__functions.c
[8.830s] -- Installing: /home/noah/Documents/Grad/Coursework/RoboticsProject/ME439_term_project/ros2_ws/install/parallelbot_interfaces/include/parallelbot_interfaces/parallelbot_interfaces/msg/detail/pb_joint_command__struct.h
[8.830s] -- Installing: /home/noah/Documents/Grad/Coursework/RoboticsProject/ME439_term_project/ros2_ws/install/parallelbot_interfaces/include/parallelbot_interfaces/parallelbot_interfaces/msg/detail/pb_endpoint__struct.h
[8.830s] -- Installing: /home/noah/Documents/Grad/Coursework/RoboticsProject/ME439_term_project/ros2_ws/install/parallelbot_interfaces/include/parallelbot_interfaces/parallelbot_interfaces/msg/detail/pb_endpoint__type_support.c
[8.831s] -- Installing: /home/noah/Documents/Grad/Coursework/RoboticsProject/ME439_term_project/ros2_ws/install/parallelbot_interfaces/include/parallelbot_interfaces/parallelbot_interfaces/msg/detail/pb_joint_command__type_support.c
[8.831s] -- Installing: /home/noah/Documents/Grad/Coursework/RoboticsProject/ME439_term_project/ros2_ws/install/parallelbot_interfaces/include/parallelbot_interfaces/parallelbot_interfaces/msg/detail/pb_joint_command__type_support.h
[8.831s] -- Installing: /home/noah/Documents/Grad/Coursework/RoboticsProject/ME439_term_project/ros2_ws/install/parallelbot_interfaces/include/parallelbot_interfaces/parallelbot_interfaces/msg/detail/pb_joint_command__functions.c
[8.831s] -- Installing: /home/noah/Documents/Grad/Coursework/RoboticsProject/ME439_term_project/ros2_ws/install/parallelbot_interfaces/include/parallelbot_interfaces/parallelbot_interfaces/msg/detail/pb_endpoint__description.c
[8.832s] -- Installing: /home/noah/Documents/Grad/Coursework/RoboticsProject/ME439_term_project/ros2_ws/install/parallelbot_interfaces/include/parallelbot_interfaces/parallelbot_interfaces/msg/detail/pb_endpoint__type_support.h
[8.832s] -- Installing: /home/noah/Documents/Grad/Coursework/RoboticsProject/ME439_term_project/ros2_ws/install/parallelbot_interfaces/include/parallelbot_interfaces/parallelbot_interfaces/msg/detail/pb_joint_angles__description.c
[8.832s] -- Installing: /home/noah/Documents/Grad/Coursework/RoboticsProject/ME439_term_project/ros2_ws/install/parallelbot_interfaces/include/parallelbot_interfaces/parallelbot_interfaces/msg/detail/pb_endpoint__functions.h
[8.832s] -- Installing: /home/noah/Documents/Grad/Coursework/RoboticsProject/ME439_term_project/ros2_ws/install/parallelbot_interfaces/include/parallelbot_interfaces/parallelbot_interfaces/msg/detail/pb_joint_command__functions.h
[8.833s] -- Installing: /home/noah/Documents/Grad/Coursework/RoboticsProject/ME439_term_project/ros2_ws/install/parallelbot_interfaces/include/parallelbot_interfaces/parallelbot_interfaces/msg/detail/pb_joint_command__description.c
[8.833s] -- Installing: /home/noah/Documents/Grad/Coursework/RoboticsProject/ME439_term_project/ros2_ws/install/parallelbot_interfaces/include/parallelbot_interfaces/parallelbot_interfaces/msg/detail/pb_joint_angles__functions.c
[8.833s] -- Installing: /home/noah/Documents/Grad/Coursework/RoboticsProject/ME439_term_project/ros2_ws/install/parallelbot_interfaces/include/parallelbot_interfaces/parallelbot_interfaces/msg/detail/pb_joint_angles__functions.h
[8.833s] -- Installing: /home/noah/Documents/Grad/Coursework/RoboticsProject/ME439_term_project/ros2_ws/install/parallelbot_interfaces/include/parallelbot_interfaces/parallelbot_interfaces/msg/detail/pb_joint_angles__struct.h
[8.833s] -- Installing: /home/noah/Documents/Grad/Coursework/RoboticsProject/ME439_term_project/ros2_ws/install/parallelbot_interfaces/include/parallelbot_interfaces/parallelbot_interfaces/msg/detail/pb_joint_angles__type_support.c
[8.834s] -- Installing: /home/noah/Documents/Grad/Coursework/RoboticsProject/ME439_term_project/ros2_ws/install/parallelbot_interfaces/include/parallelbot_interfaces/parallelbot_interfaces/msg/detail/pb_joint_angles__type_support.h
[8.834s] -- Installing: /home/noah/Documents/Grad/Coursework/RoboticsProject/ME439_term_project/ros2_ws/install/parallelbot_interfaces/include/parallelbot_interfaces/parallelbot_interfaces/msg/rosidl_generator_c__visibility_control.h
[8.834s] -- Installing: /home/noah/Documents/Grad/Coursework/RoboticsProject/ME439_term_project/ros2_ws/install/parallelbot_interfaces/include/parallelbot_interfaces/parallelbot_interfaces/msg/pb_endpoint.h
[8.834s] -- Installing: /home/noah/Documents/Grad/Coursework/RoboticsProject/ME439_term_project/ros2_ws/install/parallelbot_interfaces/include/parallelbot_interfaces/parallelbot_interfaces/msg/pb_joint_angles.h
[8.835s] -- Installing: /home/noah/Documents/Grad/Coursework/RoboticsProject/ME439_term_project/ros2_ws/install/parallelbot_interfaces/share/parallelbot_interfaces/environment/library_path.sh
[8.835s] -- Installing: /home/noah/Documents/Grad/Coursework/RoboticsProject/ME439_term_project/ros2_ws/install/parallelbot_interfaces/share/parallelbot_interfaces/environment/library_path.dsv
[8.835s] -- Installing: /home/noah/Documents/Grad/Coursework/RoboticsProject/ME439_term_project/ros2_ws/install/parallelbot_interfaces/lib/libparallelbot_interfaces__rosidl_generator_c.so
[8.836s] -- Set non-toolchain portion of runtime path of "/home/noah/Documents/Grad/Coursework/RoboticsProject/ME439_term_project/ros2_ws/install/parallelbot_interfaces/lib/libparallelbot_interfaces__rosidl_generator_c.so" to ""
[8.836s] -- Up-to-date: /home/noah/Documents/Grad/Coursework/RoboticsProject/ME439_term_project/ros2_ws/install/parallelbot_interfaces/include/parallelbot_interfaces/parallelbot_interfaces
[8.837s] -- Up-to-date: /home/noah/Documents/Grad/Coursework/RoboticsProject/ME439_term_project/ros2_ws/install/parallelbot_interfaces/include/parallelbot_interfaces/parallelbot_interfaces/msg
[8.837s] -- Installing: /home/noah/Documents/Grad/Coursework/RoboticsProject/ME439_term_project/ros2_ws/install/parallelbot_interfaces/include/parallelbot_interfaces/parallelbot_interfaces/msg/rosidl_typesupport_fastrtps_c__visibility_control.h
[8.837s] -- Up-to-date: /home/noah/Documents/Grad/Coursework/RoboticsProject/ME439_term_project/ros2_ws/install/parallelbot_interfaces/include/parallelbot_interfaces/parallelbot_interfaces/msg/detail
[8.837s] -- Installing: /home/noah/Documents/Grad/Coursework/RoboticsProject/ME439_term_project/ros2_ws/install/parallelbot_interfaces/include/parallelbot_interfaces/parallelbot_interfaces/msg/detail/pb_joint_angles__rosidl_typesupport_fastrtps_c.h
[8.838s] -- Installing: /home/noah/Documents/Grad/Coursework/RoboticsProject/ME439_term_project/ros2_ws/install/parallelbot_interfaces/include/parallelbot_interfaces/parallelbot_interfaces/msg/detail/pb_joint_command__rosidl_typesupport_fastrtps_c.h
[8.838s] -- Installing: /home/noah/Documents/Grad/Coursework/RoboticsProject/ME439_term_project/ros2_ws/install/parallelbot_interfaces/include/parallelbot_interfaces/parallelbot_interfaces/msg/detail/pb_endpoint__rosidl_typesupport_fastrtps_c.h
[8.838s] -- Installing: /home/noah/Documents/Grad/Coursework/RoboticsProject/ME439_term_project/ros2_ws/install/parallelbot_interfaces/lib/libparallelbot_interfaces__rosidl_typesupport_fastrtps_c.so
[8.839s] -- Set non-toolchain portion of runtime path of "/home/noah/Documents/Grad/Coursework/RoboticsProject/ME439_term_project/ros2_ws/install/parallelbot_interfaces/lib/libparallelbot_interfaces__rosidl_typesupport_fastrtps_c.so" to ""
[8.839s] -- Up-to-date: /home/noah/Documents/Grad/Coursework/RoboticsProject/ME439_term_project/ros2_ws/install/parallelbot_interfaces/include/parallelbot_interfaces/parallelbot_interfaces
[8.839s] -- Up-to-date: /home/noah/Documents/Grad/Coursework/RoboticsProject/ME439_term_project/ros2_ws/install/parallelbot_interfaces/include/parallelbot_interfaces/parallelbot_interfaces/msg
[8.839s] -- Installing: /home/noah/Documents/Grad/Coursework/RoboticsProject/ME439_term_project/ros2_ws/install/parallelbot_interfaces/include/parallelbot_interfaces/parallelbot_interfaces/msg/pb_joint_angles.hpp
[8.840s] -- Up-to-date: /home/noah/Documents/Grad/Coursework/RoboticsProject/ME439_term_project/ros2_ws/install/parallelbot_interfaces/include/parallelbot_interfaces/parallelbot_interfaces/msg/detail
[8.840s] -- Installing: /home/noah/Documents/Grad/Coursework/RoboticsProject/ME439_term_project/ros2_ws/install/parallelbot_interfaces/include/parallelbot_interfaces/parallelbot_interfaces/msg/detail/pb_joint_angles__traits.hpp
[8.840s] -- Installing: /home/noah/Documents/Grad/Coursework/RoboticsProject/ME439_term_project/ros2_ws/install/parallelbot_interfaces/include/parallelbot_interfaces/parallelbot_interfaces/msg/detail/pb_endpoint__builder.hpp
[8.840s] -- Installing: /home/noah/Documents/Grad/Coursework/RoboticsProject/ME439_term_project/ros2_ws/install/parallelbot_interfaces/include/parallelbot_interfaces/parallelbot_interfaces/msg/detail/pb_endpoint__type_support.hpp
[8.841s] -- Installing: /home/noah/Documents/Grad/Coursework/RoboticsProject/ME439_term_project/ros2_ws/install/parallelbot_interfaces/include/parallelbot_interfaces/parallelbot_interfaces/msg/detail/pb_joint_command__traits.hpp
[8.841s] -- Installing: /home/noah/Documents/Grad/Coursework/RoboticsProject/ME439_term_project/ros2_ws/install/parallelbot_interfaces/include/parallelbot_interfaces/parallelbot_interfaces/msg/detail/pb_joint_command__type_support.hpp
[8.841s] -- Installing: /home/noah/Documents/Grad/Coursework/RoboticsProject/ME439_term_project/ros2_ws/install/parallelbot_interfaces/include/parallelbot_interfaces/parallelbot_interfaces/msg/detail/pb_endpoint__struct.hpp
[8.841s] -- Installing: /home/noah/Documents/Grad/Coursework/RoboticsProject/ME439_term_project/ros2_ws/install/parallelbot_interfaces/include/parallelbot_interfaces/parallelbot_interfaces/msg/detail/pb_joint_angles__type_support.hpp
[8.842s] -- Installing: /home/noah/Documents/Grad/Coursework/RoboticsProject/ME439_term_project/ros2_ws/install/parallelbot_interfaces/include/parallelbot_interfaces/parallelbot_interfaces/msg/detail/pb_joint_angles__builder.hpp
[8.842s] -- Installing: /home/noah/Documents/Grad/Coursework/RoboticsProject/ME439_term_project/ros2_ws/install/parallelbot_interfaces/include/parallelbot_interfaces/parallelbot_interfaces/msg/detail/pb_endpoint__traits.hpp
[8.842s] -- Installing: /home/noah/Documents/Grad/Coursework/RoboticsProject/ME439_term_project/ros2_ws/install/parallelbot_interfaces/include/parallelbot_interfaces/parallelbot_interfaces/msg/detail/pb_joint_angles__struct.hpp
[8.842s] -- Installing: /home/noah/Documents/Grad/Coursework/RoboticsProject/ME439_term_project/ros2_ws/install/parallelbot_interfaces/include/parallelbot_interfaces/parallelbot_interfaces/msg/detail/pb_joint_command__builder.hpp
[8.842s] -- Installing: /home/noah/Documents/Grad/Coursework/RoboticsProject/ME439_term_project/ros2_ws/install/parallelbot_interfaces/include/parallelbot_interfaces/parallelbot_interfaces/msg/detail/pb_joint_command__struct.hpp
[8.843s] -- Installing: /home/noah/Documents/Grad/Coursework/RoboticsProject/ME439_term_project/ros2_ws/install/parallelbot_interfaces/include/parallelbot_interfaces/parallelbot_interfaces/msg/pb_endpoint.hpp
[8.843s] -- Installing: /home/noah/Documents/Grad/Coursework/RoboticsProject/ME439_term_project/ros2_ws/install/parallelbot_interfaces/include/parallelbot_interfaces/parallelbot_interfaces/msg/rosidl_generator_cpp__visibility_control.hpp
[8.843s] -- Installing: /home/noah/Documents/Grad/Coursework/RoboticsProject/ME439_term_project/ros2_ws/install/parallelbot_interfaces/include/parallelbot_interfaces/parallelbot_interfaces/msg/pb_joint_command.hpp
[8.843s] -- Up-to-date: /home/noah/Documents/Grad/Coursework/RoboticsProject/ME439_term_project/ros2_ws/install/parallelbot_interfaces/include/parallelbot_interfaces/parallelbot_interfaces
[8.843s] -- Up-to-date: /home/noah/Documents/Grad/Coursework/RoboticsProject/ME439_term_project/ros2_ws/install/parallelbot_interfaces/include/parallelbot_interfaces/parallelbot_interfaces/msg
[8.844s] -- Up-to-date: /home/noah/Documents/Grad/Coursework/RoboticsProject/ME439_term_project/ros2_ws/install/parallelbot_interfaces/include/parallelbot_interfaces/parallelbot_interfaces/msg/detail
[8.844s] -- Installing: /home/noah/Documents/Grad/Coursework/RoboticsProject/ME439_term_project/ros2_ws/install/parallelbot_interfaces/include/parallelbot_interfaces/parallelbot_interfaces/msg/detail/pb_endpoint__rosidl_typesupport_fastrtps_cpp.hpp
[8.844s] -- Installing: /home/noah/Documents/Grad/Coursework/RoboticsProject/ME439_term_project/ros2_ws/install/parallelbot_interfaces/include/parallelbot_interfaces/parallelbot_interfaces/msg/detail/pb_joint_angles__rosidl_typesupport_fastrtps_cpp.hpp
[8.844s] -- Installing: /home/noah/Documents/Grad/Coursework/RoboticsProject/ME439_term_project/ros2_ws/install/parallelbot_interfaces/include/parallelbot_interfaces/parallelbot_interfaces/msg/detail/dds_fastrtps
[8.844s] -- Installing: /home/noah/Documents/Grad/Coursework/RoboticsProject/ME439_term_project/ros2_ws/install/parallelbot_interfaces/include/parallelbot_interfaces/parallelbot_interfaces/msg/detail/pb_joint_command__rosidl_typesupport_fastrtps_cpp.hpp
[8.844s] -- Installing: /home/noah/Documents/Grad/Coursework/RoboticsProject/ME439_term_project/ros2_ws/install/parallelbot_interfaces/include/parallelbot_interfaces/parallelbot_interfaces/msg/rosidl_typesupport_fastrtps_cpp__visibility_control.h
[8.845s] -- Installing: /home/noah/Documents/Grad/Coursework/RoboticsProject/ME439_term_project/ros2_ws/install/parallelbot_interfaces/lib/libparallelbot_interfaces__rosidl_typesupport_fastrtps_cpp.so
[8.845s] -- Set non-toolchain portion of runtime path of "/home/noah/Documents/Grad/Coursework/RoboticsProject/ME439_term_project/ros2_ws/install/parallelbot_interfaces/lib/libparallelbot_interfaces__rosidl_typesupport_fastrtps_cpp.so" to ""
[8.845s] -- Up-to-date: /home/noah/Documents/Grad/Coursework/RoboticsProject/ME439_term_project/ros2_ws/install/parallelbot_interfaces/include/parallelbot_interfaces/parallelbot_interfaces
[8.845s] -- Up-to-date: /home/noah/Documents/Grad/Coursework/RoboticsProject/ME439_term_project/ros2_ws/install/parallelbot_interfaces/include/parallelbot_interfaces/parallelbot_interfaces/msg
[8.846s] -- Up-to-date: /home/noah/Documents/Grad/Coursework/RoboticsProject/ME439_term_project/ros2_ws/install/parallelbot_interfaces/include/parallelbot_interfaces/parallelbot_interfaces/msg/detail
[8.846s] -- Installing: /home/noah/Documents/Grad/Coursework/RoboticsProject/ME439_term_project/ros2_ws/install/parallelbot_interfaces/include/parallelbot_interfaces/parallelbot_interfaces/msg/detail/pb_endpoint__type_support.c
[8.846s] -- Installing: /home/noah/Documents/Grad/Coursework/RoboticsProject/ME439_term_project/ros2_ws/install/parallelbot_interfaces/include/parallelbot_interfaces/parallelbot_interfaces/msg/detail/pb_joint_command__type_support.c
[8.846s] -- Installing: /home/noah/Documents/Grad/Coursework/RoboticsProject/ME439_term_project/ros2_ws/install/parallelbot_interfaces/include/parallelbot_interfaces/parallelbot_interfaces/msg/detail/pb_endpoint__rosidl_typesupport_introspection_c.h
[8.846s] -- Installing: /home/noah/Documents/Grad/Coursework/RoboticsProject/ME439_term_project/ros2_ws/install/parallelbot_interfaces/include/parallelbot_interfaces/parallelbot_interfaces/msg/detail/pb_joint_angles__rosidl_typesupport_introspection_c.h
[8.847s] -- Installing: /home/noah/Documents/Grad/Coursework/RoboticsProject/ME439_term_project/ros2_ws/install/parallelbot_interfaces/include/parallelbot_interfaces/parallelbot_interfaces/msg/detail/pb_joint_angles__type_support.c
[8.847s] -- Installing: /home/noah/Documents/Grad/Coursework/RoboticsProject/ME439_term_project/ros2_ws/install/parallelbot_interfaces/include/parallelbot_interfaces/parallelbot_interfaces/msg/detail/pb_joint_command__rosidl_typesupport_introspection_c.h
[8.847s] -- Installing: /home/noah/Documents/Grad/Coursework/RoboticsProject/ME439_term_project/ros2_ws/install/parallelbot_interfaces/include/parallelbot_interfaces/parallelbot_interfaces/msg/rosidl_typesupport_introspection_c__visibility_control.h
[8.847s] -- Installing: /home/noah/Documents/Grad/Coursework/RoboticsProject/ME439_term_project/ros2_ws/install/parallelbot_interfaces/lib/libparallelbot_interfaces__rosidl_typesupport_introspection_c.so
[8.847s] -- Set non-toolchain portion of runtime path of "/home/noah/Documents/Grad/Coursework/RoboticsProject/ME439_term_project/ros2_ws/install/parallelbot_interfaces/lib/libparallelbot_interfaces__rosidl_typesupport_introspection_c.so" to ""
[8.848s] -- Installing: /home/noah/Documents/Grad/Coursework/RoboticsProject/ME439_term_project/ros2_ws/install/parallelbot_interfaces/lib/libparallelbot_interfaces__rosidl_typesupport_c.so
[8.848s] -- Set non-toolchain portion of runtime path of "/home/noah/Documents/Grad/Coursework/RoboticsProject/ME439_term_project/ros2_ws/install/parallelbot_interfaces/lib/libparallelbot_interfaces__rosidl_typesupport_c.so" to ""
[8.848s] -- Up-to-date: /home/noah/Documents/Grad/Coursework/RoboticsProject/ME439_term_project/ros2_ws/install/parallelbot_interfaces/include/parallelbot_interfaces/parallelbot_interfaces
[8.848s] -- Up-to-date: /home/noah/Documents/Grad/Coursework/RoboticsProject/ME439_term_project/ros2_ws/install/parallelbot_interfaces/include/parallelbot_interfaces/parallelbot_interfaces/msg
[8.848s] -- Up-to-date: /home/noah/Documents/Grad/Coursework/RoboticsProject/ME439_term_project/ros2_ws/install/parallelbot_interfaces/include/parallelbot_interfaces/parallelbot_interfaces/msg/detail
[8.849s] -- Installing: /home/noah/Documents/Grad/Coursework/RoboticsProject/ME439_term_project/ros2_ws/install/parallelbot_interfaces/include/parallelbot_interfaces/parallelbot_interfaces/msg/detail/pb_joint_command__rosidl_typesupport_introspection_cpp.hpp
[8.849s] -- Installing: /home/noah/Documents/Grad/Coursework/RoboticsProject/ME439_term_project/ros2_ws/install/parallelbot_interfaces/include/parallelbot_interfaces/parallelbot_interfaces/msg/detail/pb_joint_command__type_support.cpp
[8.849s] -- Installing: /home/noah/Documents/Grad/Coursework/RoboticsProject/ME439_term_project/ros2_ws/install/parallelbot_interfaces/include/parallelbot_interfaces/parallelbot_interfaces/msg/detail/pb_joint_angles__rosidl_typesupport_introspection_cpp.hpp
[8.849s] -- Installing: /home/noah/Documents/Grad/Coursework/RoboticsProject/ME439_term_project/ros2_ws/install/parallelbot_interfaces/include/parallelbot_interfaces/parallelbot_interfaces/msg/detail/pb_endpoint__type_support.cpp
[8.849s] -- Installing: /home/noah/Documents/Grad/Coursework/RoboticsProject/ME439_term_project/ros2_ws/install/parallelbot_interfaces/include/parallelbot_interfaces/parallelbot_interfaces/msg/detail/pb_joint_angles__type_support.cpp
[8.849s] -- Installing: /home/noah/Documents/Grad/Coursework/RoboticsProject/ME439_term_project/ros2_ws/install/parallelbot_interfaces/include/parallelbot_interfaces/parallelbot_interfaces/msg/detail/pb_endpoint__rosidl_typesupport_introspection_cpp.hpp
[8.850s] -- Installing: /home/noah/Documents/Grad/Coursework/RoboticsProject/ME439_term_project/ros2_ws/install/parallelbot_interfaces/lib/libparallelbot_interfaces__rosidl_typesupport_introspection_cpp.so
[8.850s] -- Set non-toolchain portion of runtime path of "/home/noah/Documents/Grad/Coursework/RoboticsProject/ME439_term_project/ros2_ws/install/parallelbot_interfaces/lib/libparallelbot_interfaces__rosidl_typesupport_introspection_cpp.so" to ""
[8.850s] -- Installing: /home/noah/Documents/Grad/Coursework/RoboticsProject/ME439_term_project/ros2_ws/install/parallelbot_interfaces/lib/libparallelbot_interfaces__rosidl_typesupport_cpp.so
[8.851s] -- Set non-toolchain portion of runtime path of "/home/noah/Documents/Grad/Coursework/RoboticsProject/ME439_term_project/ros2_ws/install/parallelbot_interfaces/lib/libparallelbot_interfaces__rosidl_typesupport_cpp.so" to ""
[8.851s] -- Installing: /home/noah/Documents/Grad/Coursework/RoboticsProject/ME439_term_project/ros2_ws/install/parallelbot_interfaces/share/parallelbot_interfaces/environment/pythonpath.sh
[8.851s] -- Installing: /home/noah/Documents/Grad/Coursework/RoboticsProject/ME439_term_project/ros2_ws/install/parallelbot_interfaces/share/parallelbot_interfaces/environment/pythonpath.dsv
[8.851s] -- Up-to-date: /home/noah/Documents/Grad/Coursework/RoboticsProject/ME439_term_project/ros2_ws/install/parallelbot_interfaces/lib/python3.12/site-packages/parallelbot_interfaces-0.0.0-py3.12.egg-info
[8.851s] -- Installing: /home/noah/Documents/Grad/Coursework/RoboticsProject/ME439_term_project/ros2_ws/install/parallelbot_interfaces/lib/python3.12/site-packages/parallelbot_interfaces-0.0.0-py3.12.egg-info/SOURCES.txt
[8.852s] -- Installing: /home/noah/Documents/Grad/Coursework/RoboticsProject/ME439_term_project/ros2_ws/install/parallelbot_interfaces/lib/python3.12/site-packages/parallelbot_interfaces-0.0.0-py3.12.egg-info/dependency_links.txt
[8.852s] -- Installing: /home/noah/Documents/Grad/Coursework/RoboticsProject/ME439_term_project/ros2_ws/install/parallelbot_interfaces/lib/python3.12/site-packages/parallelbot_interfaces-0.0.0-py3.12.egg-info/PKG-INFO
[8.852s] -- Installing: /home/noah/Documents/Grad/Coursework/RoboticsProject/ME439_term_project/ros2_ws/install/parallelbot_interfaces/lib/python3.12/site-packages/parallelbot_interfaces-0.0.0-py3.12.egg-info/top_level.txt
[8.852s] -- Up-to-date: /home/noah/Documents/Grad/Coursework/RoboticsProject/ME439_term_project/ros2_ws/install/parallelbot_interfaces/lib/python3.12/site-packages/parallelbot_interfaces
[8.852s] -- Installing: /home/noah/Documents/Grad/Coursework/RoboticsProject/ME439_term_project/ros2_ws/install/parallelbot_interfaces/lib/python3.12/site-packages/parallelbot_interfaces/msg
[8.852s] -- Installing: /home/noah/Documents/Grad/Coursework/RoboticsProject/ME439_term_project/ros2_ws/install/parallelbot_interfaces/lib/python3.12/site-packages/parallelbot_interfaces/msg/_pb_joint_angles.py
[8.853s] -- Installing: /home/noah/Documents/Grad/Coursework/RoboticsProject/ME439_term_project/ros2_ws/install/parallelbot_interfaces/lib/python3.12/site-packages/parallelbot_interfaces/msg/_pb_endpoint.py
[8.853s] -- Installing: /home/noah/Documents/Grad/Coursework/RoboticsProject/ME439_term_project/ros2_ws/install/parallelbot_interfaces/lib/python3.12/site-packages/parallelbot_interfaces/msg/_pb_joint_command.py
[8.853s] -- Installing: /home/noah/Documents/Grad/Coursework/RoboticsProject/ME439_term_project/ros2_ws/install/parallelbot_interfaces/lib/python3.12/site-packages/parallelbot_interfaces/msg/__init__.py
[8.853s] -- Installing: /home/noah/Documents/Grad/Coursework/RoboticsProject/ME439_term_project/ros2_ws/install/parallelbot_interfaces/lib/python3.12/site-packages/parallelbot_interfaces/msg/_pb_endpoint_s.c
[8.853s] -- Installing: /home/noah/Documents/Grad/Coursework/RoboticsProject/ME439_term_project/ros2_ws/install/parallelbot_interfaces/lib/python3.12/site-packages/parallelbot_interfaces/msg/_pb_joint_angles_s.c
[8.854s] -- Installing: /home/noah/Documents/Grad/Coursework/RoboticsProject/ME439_term_project/ros2_ws/install/parallelbot_interfaces/lib/python3.12/site-packages/parallelbot_interfaces/msg/_pb_joint_command_s.c
[8.854s] -- Installing: /home/noah/Documents/Grad/Coursework/RoboticsProject/ME439_term_project/ros2_ws/install/parallelbot_interfaces/lib/python3.12/site-packages/parallelbot_interfaces/parallelbot_interfaces_s__rosidl_typesupport_fastrtps_c.so
[8.854s] -- Installing: /home/noah/Documents/Grad/Coursework/RoboticsProject/ME439_term_project/ros2_ws/install/parallelbot_interfaces/lib/python3.12/site-packages/parallelbot_interfaces/__init__.py
[8.854s] -- Installing: /home/noah/Documents/Grad/Coursework/RoboticsProject/ME439_term_project/ros2_ws/install/parallelbot_interfaces/lib/python3.12/site-packages/parallelbot_interfaces/_parallelbot_interfaces_s.ep.rosidl_typesupport_introspection_c.c
[8.854s] -- Installing: /home/noah/Documents/Grad/Coursework/RoboticsProject/ME439_term_project/ros2_ws/install/parallelbot_interfaces/lib/python3.12/site-packages/parallelbot_interfaces/_parallelbot_interfaces_s.ep.rosidl_typesupport_c.c
[8.855s] -- Installing: /home/noah/Documents/Grad/Coursework/RoboticsProject/ME439_term_project/ros2_ws/install/parallelbot_interfaces/lib/python3.12/site-packages/parallelbot_interfaces/parallelbot_interfaces_s__rosidl_typesupport_introspection_c.so
[8.855s] -- Installing: /home/noah/Documents/Grad/Coursework/RoboticsProject/ME439_term_project/ros2_ws/install/parallelbot_interfaces/lib/python3.12/site-packages/parallelbot_interfaces/_parallelbot_interfaces_s.ep.rosidl_typesupport_fastrtps_c.c
[8.855s] -- Installing: /home/noah/Documents/Grad/Coursework/RoboticsProject/ME439_term_project/ros2_ws/install/parallelbot_interfaces/lib/python3.12/site-packages/parallelbot_interfaces/parallelbot_interfaces_s__rosidl_typesupport_c.so
[8.901s] Listing '/home/noah/Documents/Grad/Coursework/RoboticsProject/ME439_term_project/ros2_ws/install/parallelbot_interfaces/lib/python3.12/site-packages/parallelbot_interfaces'...
[8.902s] Compiling '/home/noah/Documents/Grad/Coursework/RoboticsProject/ME439_term_project/ros2_ws/install/parallelbot_interfaces/lib/python3.12/site-packages/parallelbot_interfaces/__init__.py'...
[8.902s] Listing '/home/noah/Documents/Grad/Coursework/RoboticsProject/ME439_term_project/ros2_ws/install/parallelbot_interfaces/lib/python3.12/site-packages/parallelbot_interfaces/msg'...
[8.902s] Compiling '/home/noah/Documents/Grad/Coursework/RoboticsProject/ME439_term_project/ros2_ws/install/parallelbot_interfaces/lib/python3.12/site-packages/parallelbot_interfaces/msg/__init__.py'...
[8.902s] Compiling '/home/noah/Documents/Grad/Coursework/RoboticsProject/ME439_term_project/ros2_ws/install/parallelbot_interfaces/lib/python3.12/site-packages/parallelbot_interfaces/msg/_pb_endpoint.py'...
[8.902s] Compiling '/home/noah/Documents/Grad/Coursework/RoboticsProject/ME439_term_project/ros2_ws/install/parallelbot_interfaces/lib/python3.12/site-packages/parallelbot_interfaces/msg/_pb_joint_angles.py'...
[8.903s] Compiling '/home/noah/Documents/Grad/Coursework/RoboticsProject/ME439_term_project/ros2_ws/install/parallelbot_interfaces/lib/python3.12/site-packages/parallelbot_interfaces/msg/_pb_joint_command.py'...
[8.913s] -- Installing: /home/noah/Documents/Grad/Coursework/RoboticsProject/ME439_term_project/ros2_ws/install/parallelbot_interfaces/lib/python3.12/site-packages/parallelbot_interfaces/parallelbot_interfaces_s__rosidl_typesupport_fastrtps_c.so
[8.913s] -- Set non-toolchain portion of runtime path of "/home/noah/Documents/Grad/Coursework/RoboticsProject/ME439_term_project/ros2_ws/install/parallelbot_interfaces/lib/python3.12/site-packages/parallelbot_interfaces/parallelbot_interfaces_s__rosidl_typesupport_fastrtps_c.so" to ""
[8.913s] -- Installing: /home/noah/Documents/Grad/Coursework/RoboticsProject/ME439_term_project/ros2_ws/install/parallelbot_interfaces/lib/python3.12/site-packages/parallelbot_interfaces/parallelbot_interfaces_s__rosidl_typesupport_introspection_c.so
[8.914s] -- Set non-toolchain portion of runtime path of "/home/noah/Documents/Grad/Coursework/RoboticsProject/ME439_term_project/ros2_ws/install/parallelbot_interfaces/lib/python3.12/site-packages/parallelbot_interfaces/parallelbot_interfaces_s__rosidl_typesupport_introspection_c.so" to ""
[8.914s] -- Installing: /home/noah/Documents/Grad/Coursework/RoboticsProject/ME439_term_project/ros2_ws/install/parallelbot_interfaces/lib/python3.12/site-packages/parallelbot_interfaces/parallelbot_interfaces_s__rosidl_typesupport_c.so
[8.914s] -- Set non-toolchain portion of runtime path of "/home/noah/Documents/Grad/Coursework/RoboticsProject/ME439_term_project/ros2_ws/install/parallelbot_interfaces/lib/python3.12/site-packages/parallelbot_interfaces/parallelbot_interfaces_s__rosidl_typesupport_c.so" to ""
[8.915s] -- Installing: /home/noah/Documents/Grad/Coursework/RoboticsProject/ME439_term_project/ros2_ws/install/parallelbot_interfaces/lib/libparallelbot_interfaces__rosidl_generator_py.so
[8.915s] -- Set non-toolchain portion of runtime path of "/home/noah/Documents/Grad/Coursework/RoboticsProject/ME439_term_project/ros2_ws/install/parallelbot_interfaces/lib/libparallelbot_interfaces__rosidl_generator_py.so" to ""
[8.915s] -- Installing: /home/noah/Documents/Grad/Coursework/RoboticsProject/ME439_term_project/ros2_ws/install/parallelbot_interfaces/share/parallelbot_interfaces/msg/PBJointAngles.idl
[8.915s] -- Installing: /home/noah/Documents/Grad/Coursework/RoboticsProject/ME439_term_project/ros2_ws/install/parallelbot_interfaces/share/parallelbot_interfaces/msg/PBEndpoint.idl
[8.916s] -- Installing: /home/noah/Documents/Grad/Coursework/RoboticsProject/ME439_term_project/ros2_ws/install/parallelbot_interfaces/share/parallelbot_interfaces/msg/PBJointCommand.idl
[8.916s] -- Installing: /home/noah/Documents/Grad/Coursework/RoboticsProject/ME439_term_project/ros2_ws/install/parallelbot_interfaces/share/parallelbot_interfaces/msg/PBJointAngles.msg
[8.916s] -- Installing: /home/noah/Documents/Grad/Coursework/RoboticsProject/ME439_term_project/ros2_ws/install/parallelbot_interfaces/share/parallelbot_interfaces/msg/PBEndpoint.msg
[8.916s] -- Installing: /home/noah/Documents/Grad/Coursework/RoboticsProject/ME439_term_project/ros2_ws/install/parallelbot_interfaces/share/parallelbot_interfaces/msg/PBJointCommand.msg
[8.917s] -- Installing: /home/noah/Documents/Grad/Coursework/RoboticsProject/ME439_term_project/ros2_ws/install/parallelbot_interfaces/share/ament_index/resource_index/package_run_dependencies/parallelbot_interfaces
[8.917s] -- Installing: /home/noah/Documents/Grad/Coursework/RoboticsProject/ME439_term_project/ros2_ws/install/parallelbot_interfaces/share/ament_index/resource_index/parent_prefix_path/parallelbot_interfaces
[8.917s] -- Installing: /home/noah/Documents/Grad/Coursework/RoboticsProject/ME439_term_project/ros2_ws/install/parallelbot_interfaces/share/parallelbot_interfaces/environment/ament_prefix_path.sh
[8.917s] -- Installing: /home/noah/Documents/Grad/Coursework/RoboticsProject/ME439_term_project/ros2_ws/install/parallelbot_interfaces/share/parallelbot_interfaces/environment/ament_prefix_path.dsv
[8.918s] -- Installing: /home/noah/Documents/Grad/Coursework/RoboticsProject/ME439_term_project/ros2_ws/install/parallelbot_interfaces/share/parallelbot_interfaces/environment/path.sh
[8.918s] -- Installing: /home/noah/Documents/Grad/Coursework/RoboticsProject/ME439_term_project/ros2_ws/install/parallelbot_interfaces/share/parallelbot_interfaces/environment/path.dsv
[8.918s] -- Installing: /home/noah/Documents/Grad/Coursework/RoboticsProject/ME439_term_project/ros2_ws/install/parallelbot_interfaces/share/parallelbot_interfaces/local_setup.bash
[8.919s] -- Installing: /home/noah/Documents/Grad/Coursework/RoboticsProject/ME439_term_project/ros2_ws/install/parallelbot_interfaces/share/parallelbot_interfaces/local_setup.sh
[8.919s] -- Installing: /home/noah/Documents/Grad/Coursework/RoboticsProject/ME439_term_project/ros2_ws/install/parallelbot_interfaces/share/parallelbot_interfaces/local_setup.zsh
[8.919s] -- Installing: /home/noah/Documents/Grad/Coursework/RoboticsProject/ME439_term_project/ros2_ws/install/parallelbot_interfaces/share/parallelbot_interfaces/local_setup.dsv
[8.919s] -- Installing: /home/noah/Documents/Grad/Coursework/RoboticsProject/ME439_term_project/ros2_ws/install/parallelbot_interfaces/share/parallelbot_interfaces/package.dsv
[8.920s] -- Installing: /home/noah/Documents/Grad/Coursework/RoboticsProject/ME439_term_project/ros2_ws/install/parallelbot_interfaces/share/ament_index/resource_index/packages/parallelbot_interfaces
[8.920s] -- Installing: /home/noah/Documents/Grad/Coursework/RoboticsProject/ME439_term_project/ros2_ws/install/parallelbot_interfaces/share/parallelbot_interfaces/cmake/export_parallelbot_interfaces__rosidl_generator_cExport.cmake
[8.921s] -- Installing: /home/noah/Documents/Grad/Coursework/RoboticsProject/ME439_term_project/ros2_ws/install/parallelbot_interfaces/share/parallelbot_interfaces/cmake/export_parallelbot_interfaces__rosidl_generator_cExport-noconfig.cmake
[8.921s] -- Installing: /home/noah/Documents/Grad/Coursework/RoboticsProject/ME439_term_project/ros2_ws/install/parallelbot_interfaces/share/parallelbot_interfaces/cmake/export_parallelbot_interfaces__rosidl_typesupport_fastrtps_cExport.cmake
[8.921s] -- Installing: /home/noah/Documents/Grad/Coursework/RoboticsProject/ME439_term_project/ros2_ws/install/parallelbot_interfaces/share/parallelbot_interfaces/cmake/export_parallelbot_interfaces__rosidl_typesupport_fastrtps_cExport-noconfig.cmake
[8.922s] -- Installing: /home/noah/Documents/Grad/Coursework/RoboticsProject/ME439_term_project/ros2_ws/install/parallelbot_interfaces/share/parallelbot_interfaces/cmake/export_parallelbot_interfaces__rosidl_generator_cppExport.cmake
[8.922s] -- Installing: /home/noah/Documents/Grad/Coursework/RoboticsProject/ME439_term_project/ros2_ws/install/parallelbot_interfaces/share/parallelbot_interfaces/cmake/export_parallelbot_interfaces__rosidl_typesupport_fastrtps_cppExport.cmake
[8.922s] -- Installing: /home/noah/Documents/Grad/Coursework/RoboticsProject/ME439_term_project/ros2_ws/install/parallelbot_interfaces/share/parallelbot_interfaces/cmake/export_parallelbot_interfaces__rosidl_typesupport_fastrtps_cppExport-noconfig.cmake
[8.923s] -- Installing: /home/noah/Documents/Grad/Coursework/RoboticsProject/ME439_term_project/ros2_ws/install/parallelbot_interfaces/share/parallelbot_interfaces/cmake/parallelbot_interfaces__rosidl_typesupport_introspection_cExport.cmake
[8.923s] -- Installing: /home/noah/Documents/Grad/Coursework/RoboticsProject/ME439_term_project/ros2_ws/install/parallelbot_interfaces/share/parallelbot_interfaces/cmake/parallelbot_interfaces__rosidl_typesupport_introspection_cExport-noconfig.cmake
[8.923s] -- Installing: /home/noah/Documents/Grad/Coursework/RoboticsProject/ME439_term_project/ros2_ws/install/parallelbot_interfaces/share/parallelbot_interfaces/cmake/parallelbot_interfaces__rosidl_typesupport_cExport.cmake
[8.924s] -- Installing: /home/noah/Documents/Grad/Coursework/RoboticsProject/ME439_term_project/ros2_ws/install/parallelbot_interfaces/share/parallelbot_interfaces/cmake/parallelbot_interfaces__rosidl_typesupport_cExport-noconfig.cmake
[8.924s] -- Installing: /home/noah/Documents/Grad/Coursework/RoboticsProject/ME439_term_project/ros2_ws/install/parallelbot_interfaces/share/parallelbot_interfaces/cmake/parallelbot_interfaces__rosidl_typesupport_introspection_cppExport.cmake
[8.924s] -- Installing: /home/noah/Documents/Grad/Coursework/RoboticsProject/ME439_term_project/ros2_ws/install/parallelbot_interfaces/share/parallelbot_interfaces/cmake/parallelbot_interfaces__rosidl_typesupport_introspection_cppExport-noconfig.cmake
[8.925s] -- Installing: /home/noah/Documents/Grad/Coursework/RoboticsProject/ME439_term_project/ros2_ws/install/parallelbot_interfaces/share/parallelbot_interfaces/cmake/parallelbot_interfaces__rosidl_typesupport_cppExport.cmake
[8.925s] -- Installing: /home/noah/Documents/Grad/Coursework/RoboticsProject/ME439_term_project/ros2_ws/install/parallelbot_interfaces/share/parallelbot_interfaces/cmake/parallelbot_interfaces__rosidl_typesupport_cppExport-noconfig.cmake
[8.925s] -- Installing: /home/noah/Documents/Grad/Coursework/RoboticsProject/ME439_term_project/ros2_ws/install/parallelbot_interfaces/share/parallelbot_interfaces/cmake/export_parallelbot_interfaces__rosidl_generator_pyExport.cmake
[8.926s] -- Installing: /home/noah/Documents/Grad/Coursework/RoboticsProject/ME439_term_project/ros2_ws/install/parallelbot_interfaces/share/parallelbot_interfaces/cmake/export_parallelbot_interfaces__rosidl_generator_pyExport-noconfig.cmake
[8.926s] -- Installing: /home/noah/Documents/Grad/Coursework/RoboticsProject/ME439_term_project/ros2_ws/install/parallelbot_interfaces/share/parallelbot_interfaces/cmake/rosidl_cmake-extras.cmake
[8.926s] -- Installing: /home/noah/Documents/Grad/Coursework/RoboticsProject/ME439_term_project/ros2_ws/install/parallelbot_interfaces/share/parallelbot_interfaces/cmake/ament_cmake_export_dependencies-extras.cmake
[8.926s] -- Installing: /home/noah/Documents/Grad/Coursework/RoboticsProject/ME439_term_project/ros2_ws/install/parallelbot_interfaces/share/parallelbot_interfaces/cmake/ament_cmake_export_include_directories-extras.cmake
[8.927s] -- Installing: /home/noah/Documents/Grad/Coursework/RoboticsProject/ME439_term_project/ros2_ws/install/parallelbot_interfaces/share/parallelbot_interfaces/cmake/ament_cmake_export_libraries-extras.cmake
[8.927s] -- Installing: /home/noah/Documents/Grad/Coursework/RoboticsProject/ME439_term_project/ros2_ws/install/parallelbot_interfaces/share/parallelbot_interfaces/cmake/ament_cmake_export_targets-extras.cmake
[8.927s] -- Installing: /home/noah/Documents/Grad/Coursework/RoboticsProject/ME439_term_project/ros2_ws/install/parallelbot_interfaces/share/parallelbot_interfaces/cmake/rosidl_cmake_export_typesupport_targets-extras.cmake
[8.927s] -- Installing: /home/noah/Documents/Grad/Coursework/RoboticsProject/ME439_term_project/ros2_ws/install/parallelbot_interfaces/share/parallelbot_interfaces/cmake/rosidl_cmake_export_typesupport_libraries-extras.cmake
[8.927s] -- Installing: /home/noah/Documents/Grad/Coursework/RoboticsProject/ME439_term_project/ros2_ws/install/parallelbot_interfaces/share/parallelbot_interfaces/cmake/parallelbot_interfacesConfig.cmake
[8.928s] -- Installing: /home/noah/Documents/Grad/Coursework/RoboticsProject/ME439_term_project/ros2_ws/install/parallelbot_interfaces/share/parallelbot_interfaces/cmake/parallelbot_interfacesConfig-version.cmake
[8.928s] -- Installing: /home/noah/Documents/Grad/Coursework/RoboticsProject/ME439_term_project/ros2_ws/install/parallelbot_interfaces/share/parallelbot_interfaces/package.xml
[8.930s] Invoked command in '/home/noah/Documents/Grad/Coursework/RoboticsProject/ME439_term_project/ros2_ws/build/parallelbot_interfaces' returned '0': CMAKE_PREFIX_PATH=${CMAKE_PREFIX_PATH}:/opt/ros/jazzy /usr/bin/cmake --install /home/noah/Documents/Grad/Coursework/RoboticsProject/ME439_term_project/ros2_ws/build/parallelbot_interfaces
