running egg_info
creating ../../build/parallelbot_interfaces/parallelbot_interfaces.egg-info
writing ../../build/parallelbot_interfaces/parallelbot_interfaces.egg-info/PKG-INFO
writing dependency_links to ../../build/parallelbot_interfaces/parallelbot_interfaces.egg-info/dependency_links.txt
writing requirements to ../../build/parallelbot_interfaces/parallelbot_interfaces.egg-info/requires.txt
writing top-level names to ../../build/parallelbot_interfaces/parallelbot_interfaces.egg-info/top_level.txt
writing manifest file '../../build/parallelbot_interfaces/parallelbot_interfaces.egg-info/SOURCES.txt'
reading manifest file '../../build/parallelbot_interfaces/parallelbot_interfaces.egg-info/SOURCES.txt'
adding license file 'LICENSE'
writing manifest file '../../build/parallelbot_interfaces/parallelbot_interfaces.egg-info/SOURCES.txt'
running build
running build_py
creating /home/noah/parallel_ws/build/parallelbot_interfaces/build
creating /home/noah/parallel_ws/build/parallelbot_interfaces/build/lib
creating /home/noah/parallel_ws/build/parallelbot_interfaces/build/lib/parallelbot_interfaces
copying parallelbot_interfaces/__init__.py -> /home/noah/parallel_ws/build/parallelbot_interfaces/build/lib/parallelbot_interfaces
running install
running install_lib
creating /home/noah/parallel_ws/install/parallelbot_interfaces/lib/python3.12/site-packages/parallelbot_interfaces
copying /home/noah/parallel_ws/build/parallelbot_interfaces/build/lib/parallelbot_interfaces/__init__.py -> /home/noah/parallel_ws/install/parallelbot_interfaces/lib/python3.12/site-packages/parallelbot_interfaces
byte-compiling /home/noah/parallel_ws/install/parallelbot_interfaces/lib/python3.12/site-packages/parallelbot_interfaces/__init__.py to __init__.cpython-312.pyc
running install_data
creating /home/noah/parallel_ws/install/parallelbot_interfaces/share/ament_index
creating /home/noah/parallel_ws/install/parallelbot_interfaces/share/ament_index/resource_index
creating /home/noah/parallel_ws/install/parallelbot_interfaces/share/ament_index/resource_index/packages
copying resource/parallelbot_interfaces -> /home/noah/parallel_ws/install/parallelbot_interfaces/share/ament_index/resource_index/packages
copying package.xml -> /home/noah/parallel_ws/install/parallelbot_interfaces/share/parallelbot_interfaces
running install_egg_info
Copying ../../build/parallelbot_interfaces/parallelbot_interfaces.egg-info to /home/noah/parallel_ws/install/parallelbot_interfaces/lib/python3.12/site-packages/parallelbot_interfaces-0.0.0-py3.12.egg-info
running install_scripts
writing list of installed files to '/home/noah/parallel_ws/build/parallelbot_interfaces/install.log'
