[  1%] Built target parallelbot_interfaces__rosidl_generator_type_description
[  1%] Built target ament_cmake_python_copy_parallelbot_interfaces
[  3%] Built target parallelbot_interfaces__cpp
[ 24%] Built target parallelbot_interfaces__rosidl_generator_c
[ 48%] Built target parallelbot_interfaces__rosidl_typesupport_fastrtps_cpp
[ 50%] Built target parallelbot_interfaces__rosidl_typesupport_introspection_c
[ 51%] Built target parallelbot_interfaces__rosidl_typesupport_c
[ 66%] Built target parallelbot_interfaces__rosidl_typesupport_cpp
[ 70%] Built target parallelbot_interfaces__rosidl_typesupport_fastrtps_c
[ 79%] Built target parallelbot_interfaces__rosidl_typesupport_introspection_cpp
[ 79%] Built target parallelbot_interfaces
[ 81%] Built target parallelbot_interfaces__py
[ 88%] Built target parallelbot_interfaces__rosidl_generator_py
[100%] Built target parallelbot_interfaces_s__rosidl_typesupport_c
[100%] Built target parallelbot_interfaces_s__rosidl_typesupport_introspection_c
[100%] Built target parallelbot_interfaces_s__rosidl_typesupport_fastrtps_c
running egg_info
writing parallelbot_interfaces.egg-info/PKG-INFO
writing dependency_links to parallelbot_interfaces.egg-info/dependency_links.txt
writing top-level names to parallelbot_interfaces.egg-info/top_level.txt
reading manifest file 'parallelbot_interfaces.egg-info/SOURCES.txt'
writing manifest file 'parallelbot_interfaces.egg-info/SOURCES.txt'
[100%] Built target ament_cmake_python_build_parallelbot_interfaces_egg
-- Install configuration: ""
-- Up-to-date: /home/noah/Documents/Grad/Coursework/RoboticsProject/ME439_term_project/ros2_ws/install/parallelbot_interfaces/share/ament_index/resource_index/rosidl_interfaces/parallelbot_interfaces
-- Up-to-date: /home/noah/Documents/Grad/Coursework/RoboticsProject/ME439_term_project/ros2_ws/install/parallelbot_interfaces/share/parallelbot_interfaces/msg/PBJointAngles.json
-- Up-to-date: /home/noah/Documents/Grad/Coursework/RoboticsProject/ME439_term_project/ros2_ws/install/parallelbot_interfaces/share/parallelbot_interfaces/msg/PBEndpoint.json
-- Up-to-date: /home/noah/Documents/Grad/Coursework/RoboticsProject/ME439_term_project/ros2_ws/install/parallelbot_interfaces/share/parallelbot_interfaces/msg/PBJointCommand.json
-- Up-to-date: /home/noah/Documents/Grad/Coursework/RoboticsProject/ME439_term_project/ros2_ws/install/parallelbot_interfaces/include/parallelbot_interfaces/parallelbot_interfaces
-- Up-to-date: /home/noah/Documents/Grad/Coursework/RoboticsProject/ME439_term_project/ros2_ws/install/parallelbot_interfaces/include/parallelbot_interfaces/parallelbot_interfaces/msg
-- Up-to-date: /home/noah/Documents/Grad/Coursework/RoboticsProject/ME439_term_project/ros2_ws/install/parallelbot_interfaces/include/parallelbot_interfaces/parallelbot_interfaces/msg/pb_joint_command.h
-- Up-to-date: /home/noah/Documents/Grad/Coursework/RoboticsProject/ME439_term_project/ros2_ws/install/parallelbot_interfaces/include/parallelbot_interfaces/parallelbot_interfaces/msg/detail
-- Up-to-date: /home/noah/Documents/Grad/Coursework/RoboticsProject/ME439_term_project/ros2_ws/install/parallelbot_interfaces/include/parallelbot_interfaces/parallelbot_interfaces/msg/detail/pb_endpoint__functions.c
-- Up-to-date: /home/noah/Documents/Grad/Coursework/RoboticsProject/ME439_term_project/ros2_ws/install/parallelbot_interfaces/include/parallelbot_interfaces/parallelbot_interfaces/msg/detail/pb_joint_command__struct.h
-- Up-to-date: /home/noah/Documents/Grad/Coursework/RoboticsProject/ME439_term_project/ros2_ws/install/parallelbot_interfaces/include/parallelbot_interfaces/parallelbot_interfaces/msg/detail/pb_endpoint__struct.h
-- Up-to-date: /home/noah/Documents/Grad/Coursework/RoboticsProject/ME439_term_project/ros2_ws/install/parallelbot_interfaces/include/parallelbot_interfaces/parallelbot_interfaces/msg/detail/pb_endpoint__type_support.c
-- Up-to-date: /home/noah/Documents/Grad/Coursework/RoboticsProject/ME439_term_project/ros2_ws/install/parallelbot_interfaces/include/parallelbot_interfaces/parallelbot_interfaces/msg/detail/pb_joint_command__type_support.c
-- Up-to-date: /home/noah/Documents/Grad/Coursework/RoboticsProject/ME439_term_project/ros2_ws/install/parallelbot_interfaces/include/parallelbot_interfaces/parallelbot_interfaces/msg/detail/pb_joint_command__type_support.h
-- Up-to-date: /home/noah/Documents/Grad/Coursework/RoboticsProject/ME439_term_project/ros2_ws/install/parallelbot_interfaces/include/parallelbot_interfaces/parallelbot_interfaces/msg/detail/pb_joint_command__functions.c
-- Up-to-date: /home/noah/Documents/Grad/Coursework/RoboticsProject/ME439_term_project/ros2_ws/install/parallelbot_interfaces/include/parallelbot_interfaces/parallelbot_interfaces/msg/detail/pb_endpoint__description.c
-- Up-to-date: /home/noah/Documents/Grad/Coursework/RoboticsProject/ME439_term_project/ros2_ws/install/parallelbot_interfaces/include/parallelbot_interfaces/parallelbot_interfaces/msg/detail/pb_endpoint__type_support.h
-- Up-to-date: /home/noah/Documents/Grad/Coursework/RoboticsProject/ME439_term_project/ros2_ws/install/parallelbot_interfaces/include/parallelbot_interfaces/parallelbot_interfaces/msg/detail/pb_joint_angles__description.c
-- Up-to-date: /home/noah/Documents/Grad/Coursework/RoboticsProject/ME439_term_project/ros2_ws/install/parallelbot_interfaces/include/parallelbot_interfaces/parallelbot_interfaces/msg/detail/pb_endpoint__functions.h
-- Up-to-date: /home/noah/Documents/Grad/Coursework/RoboticsProject/ME439_term_project/ros2_ws/install/parallelbot_interfaces/include/parallelbot_interfaces/parallelbot_interfaces/msg/detail/pb_joint_command__functions.h
-- Up-to-date: /home/noah/Documents/Grad/Coursework/RoboticsProject/ME439_term_project/ros2_ws/install/parallelbot_interfaces/include/parallelbot_interfaces/parallelbot_interfaces/msg/detail/pb_joint_command__description.c
-- Up-to-date: /home/noah/Documents/Grad/Coursework/RoboticsProject/ME439_term_project/ros2_ws/install/parallelbot_interfaces/include/parallelbot_interfaces/parallelbot_interfaces/msg/detail/pb_joint_angles__functions.c
-- Up-to-date: /home/noah/Documents/Grad/Coursework/RoboticsProject/ME439_term_project/ros2_ws/install/parallelbot_interfaces/include/parallelbot_interfaces/parallelbot_interfaces/msg/detail/pb_joint_angles__functions.h
-- Up-to-date: /home/noah/Documents/Grad/Coursework/RoboticsProject/ME439_term_project/ros2_ws/install/parallelbot_interfaces/include/parallelbot_interfaces/parallelbot_interfaces/msg/detail/pb_joint_angles__struct.h
-- Up-to-date: /home/noah/Documents/Grad/Coursework/RoboticsProject/ME439_term_project/ros2_ws/install/parallelbot_interfaces/include/parallelbot_interfaces/parallelbot_interfaces/msg/detail/pb_joint_angles__type_support.c
-- Up-to-date: /home/noah/Documents/Grad/Coursework/RoboticsProject/ME439_term_project/ros2_ws/install/parallelbot_interfaces/include/parallelbot_interfaces/parallelbot_interfaces/msg/detail/pb_joint_angles__type_support.h
-- Up-to-date: /home/noah/Documents/Grad/Coursework/RoboticsProject/ME439_term_project/ros2_ws/install/parallelbot_interfaces/include/parallelbot_interfaces/parallelbot_interfaces/msg/rosidl_generator_c__visibility_control.h
-- Up-to-date: /home/noah/Documents/Grad/Coursework/RoboticsProject/ME439_term_project/ros2_ws/install/parallelbot_interfaces/include/parallelbot_interfaces/parallelbot_interfaces/msg/pb_endpoint.h
-- Up-to-date: /home/noah/Documents/Grad/Coursework/RoboticsProject/ME439_term_project/ros2_ws/install/parallelbot_interfaces/include/parallelbot_interfaces/parallelbot_interfaces/msg/pb_joint_angles.h
-- Up-to-date: /home/noah/Documents/Grad/Coursework/RoboticsProject/ME439_term_project/ros2_ws/install/parallelbot_interfaces/share/parallelbot_interfaces/environment/library_path.sh
-- Up-to-date: /home/noah/Documents/Grad/Coursework/RoboticsProject/ME439_term_project/ros2_ws/install/parallelbot_interfaces/share/parallelbot_interfaces/environment/library_path.dsv
-- Up-to-date: /home/noah/Documents/Grad/Coursework/RoboticsProject/ME439_term_project/ros2_ws/install/parallelbot_interfaces/lib/libparallelbot_interfaces__rosidl_generator_c.so
-- Up-to-date: /home/noah/Documents/Grad/Coursework/RoboticsProject/ME439_term_project/ros2_ws/install/parallelbot_interfaces/include/parallelbot_interfaces/parallelbot_interfaces
-- Up-to-date: /home/noah/Documents/Grad/Coursework/RoboticsProject/ME439_term_project/ros2_ws/install/parallelbot_interfaces/include/parallelbot_interfaces/parallelbot_interfaces/msg
-- Up-to-date: /home/noah/Documents/Grad/Coursework/RoboticsProject/ME439_term_project/ros2_ws/install/parallelbot_interfaces/include/parallelbot_interfaces/parallelbot_interfaces/msg/rosidl_typesupport_fastrtps_c__visibility_control.h
-- Up-to-date: /home/noah/Documents/Grad/Coursework/RoboticsProject/ME439_term_project/ros2_ws/install/parallelbot_interfaces/include/parallelbot_interfaces/parallelbot_interfaces/msg/detail
-- Up-to-date: /home/noah/Documents/Grad/Coursework/RoboticsProject/ME439_term_project/ros2_ws/install/parallelbot_interfaces/include/parallelbot_interfaces/parallelbot_interfaces/msg/detail/pb_joint_angles__rosidl_typesupport_fastrtps_c.h
-- Up-to-date: /home/noah/Documents/Grad/Coursework/RoboticsProject/ME439_term_project/ros2_ws/install/parallelbot_interfaces/include/parallelbot_interfaces/parallelbot_interfaces/msg/detail/pb_joint_command__rosidl_typesupport_fastrtps_c.h
-- Up-to-date: /home/noah/Documents/Grad/Coursework/RoboticsProject/ME439_term_project/ros2_ws/install/parallelbot_interfaces/include/parallelbot_interfaces/parallelbot_interfaces/msg/detail/pb_endpoint__rosidl_typesupport_fastrtps_c.h
-- Up-to-date: /home/noah/Documents/Grad/Coursework/RoboticsProject/ME439_term_project/ros2_ws/install/parallelbot_interfaces/lib/libparallelbot_interfaces__rosidl_typesupport_fastrtps_c.so
-- Up-to-date: /home/noah/Documents/Grad/Coursework/RoboticsProject/ME439_term_project/ros2_ws/install/parallelbot_interfaces/include/parallelbot_interfaces/parallelbot_interfaces
-- Up-to-date: /home/noah/Documents/Grad/Coursework/RoboticsProject/ME439_term_project/ros2_ws/install/parallelbot_interfaces/include/parallelbot_interfaces/parallelbot_interfaces/msg
-- Up-to-date: /home/noah/Documents/Grad/Coursework/RoboticsProject/ME439_term_project/ros2_ws/install/parallelbot_interfaces/include/parallelbot_interfaces/parallelbot_interfaces/msg/pb_joint_angles.hpp
-- Up-to-date: /home/noah/Documents/Grad/Coursework/RoboticsProject/ME439_term_project/ros2_ws/install/parallelbot_interfaces/include/parallelbot_interfaces/parallelbot_interfaces/msg/detail
-- Up-to-date: /home/noah/Documents/Grad/Coursework/RoboticsProject/ME439_term_project/ros2_ws/install/parallelbot_interfaces/include/parallelbot_interfaces/parallelbot_interfaces/msg/detail/pb_joint_angles__traits.hpp
-- Up-to-date: /home/noah/Documents/Grad/Coursework/RoboticsProject/ME439_term_project/ros2_ws/install/parallelbot_interfaces/include/parallelbot_interfaces/parallelbot_interfaces/msg/detail/pb_endpoint__builder.hpp
-- Up-to-date: /home/noah/Documents/Grad/Coursework/RoboticsProject/ME439_term_project/ros2_ws/install/parallelbot_interfaces/include/parallelbot_interfaces/parallelbot_interfaces/msg/detail/pb_endpoint__type_support.hpp
-- Up-to-date: /home/noah/Documents/Grad/Coursework/RoboticsProject/ME439_term_project/ros2_ws/install/parallelbot_interfaces/include/parallelbot_interfaces/parallelbot_interfaces/msg/detail/pb_joint_command__traits.hpp
-- Up-to-date: /home/noah/Documents/Grad/Coursework/RoboticsProject/ME439_term_project/ros2_ws/install/parallelbot_interfaces/include/parallelbot_interfaces/parallelbot_interfaces/msg/detail/pb_joint_command__type_support.hpp
-- Up-to-date: /home/noah/Documents/Grad/Coursework/RoboticsProject/ME439_term_project/ros2_ws/install/parallelbot_interfaces/include/parallelbot_interfaces/parallelbot_interfaces/msg/detail/pb_endpoint__struct.hpp
-- Up-to-date: /home/noah/Documents/Grad/Coursework/RoboticsProject/ME439_term_project/ros2_ws/install/parallelbot_interfaces/include/parallelbot_interfaces/parallelbot_interfaces/msg/detail/pb_joint_angles__type_support.hpp
-- Up-to-date: /home/noah/Documents/Grad/Coursework/RoboticsProject/ME439_term_project/ros2_ws/install/parallelbot_interfaces/include/parallelbot_interfaces/parallelbot_interfaces/msg/detail/pb_joint_angles__builder.hpp
-- Up-to-date: /home/noah/Documents/Grad/Coursework/RoboticsProject/ME439_term_project/ros2_ws/install/parallelbot_interfaces/include/parallelbot_interfaces/parallelbot_interfaces/msg/detail/pb_endpoint__traits.hpp
-- Up-to-date: /home/noah/Documents/Grad/Coursework/RoboticsProject/ME439_term_project/ros2_ws/install/parallelbot_interfaces/include/parallelbot_interfaces/parallelbot_interfaces/msg/detail/pb_joint_angles__struct.hpp
-- Up-to-date: /home/noah/Documents/Grad/Coursework/RoboticsProject/ME439_term_project/ros2_ws/install/parallelbot_interfaces/include/parallelbot_interfaces/parallelbot_interfaces/msg/detail/pb_joint_command__builder.hpp
-- Up-to-date: /home/noah/Documents/Grad/Coursework/RoboticsProject/ME439_term_project/ros2_ws/install/parallelbot_interfaces/include/parallelbot_interfaces/parallelbot_interfaces/msg/detail/pb_joint_command__struct.hpp
-- Up-to-date: /home/noah/Documents/Grad/Coursework/RoboticsProject/ME439_term_project/ros2_ws/install/parallelbot_interfaces/include/parallelbot_interfaces/parallelbot_interfaces/msg/pb_endpoint.hpp
-- Up-to-date: /home/noah/Documents/Grad/Coursework/RoboticsProject/ME439_term_project/ros2_ws/install/parallelbot_interfaces/include/parallelbot_interfaces/parallelbot_interfaces/msg/rosidl_generator_cpp__visibility_control.hpp
-- Up-to-date: /home/noah/Documents/Grad/Coursework/RoboticsProject/ME439_term_project/ros2_ws/install/parallelbot_interfaces/include/parallelbot_interfaces/parallelbot_interfaces/msg/pb_joint_command.hpp
-- Up-to-date: /home/noah/Documents/Grad/Coursework/RoboticsProject/ME439_term_project/ros2_ws/install/parallelbot_interfaces/include/parallelbot_interfaces/parallelbot_interfaces
-- Up-to-date: /home/noah/Documents/Grad/Coursework/RoboticsProject/ME439_term_project/ros2_ws/install/parallelbot_interfaces/include/parallelbot_interfaces/parallelbot_interfaces/msg
-- Up-to-date: /home/noah/Documents/Grad/Coursework/RoboticsProject/ME439_term_project/ros2_ws/install/parallelbot_interfaces/include/parallelbot_interfaces/parallelbot_interfaces/msg/detail
-- Up-to-date: /home/noah/Documents/Grad/Coursework/RoboticsProject/ME439_term_project/ros2_ws/install/parallelbot_interfaces/include/parallelbot_interfaces/parallelbot_interfaces/msg/detail/pb_endpoint__rosidl_typesupport_fastrtps_cpp.hpp
-- Up-to-date: /home/noah/Documents/Grad/Coursework/RoboticsProject/ME439_term_project/ros2_ws/install/parallelbot_interfaces/include/parallelbot_interfaces/parallelbot_interfaces/msg/detail/pb_joint_angles__rosidl_typesupport_fastrtps_cpp.hpp
-- Up-to-date: /home/noah/Documents/Grad/Coursework/RoboticsProject/ME439_term_project/ros2_ws/install/parallelbot_interfaces/include/parallelbot_interfaces/parallelbot_interfaces/msg/detail/dds_fastrtps
-- Up-to-date: /home/noah/Documents/Grad/Coursework/RoboticsProject/ME439_term_project/ros2_ws/install/parallelbot_interfaces/include/parallelbot_interfaces/parallelbot_interfaces/msg/detail/pb_joint_command__rosidl_typesupport_fastrtps_cpp.hpp
-- Up-to-date: /home/noah/Documents/Grad/Coursework/RoboticsProject/ME439_term_project/ros2_ws/install/parallelbot_interfaces/include/parallelbot_interfaces/parallelbot_interfaces/msg/rosidl_typesupport_fastrtps_cpp__visibility_control.h
-- Up-to-date: /home/noah/Documents/Grad/Coursework/RoboticsProject/ME439_term_project/ros2_ws/install/parallelbot_interfaces/lib/libparallelbot_interfaces__rosidl_typesupport_fastrtps_cpp.so
-- Up-to-date: /home/noah/Documents/Grad/Coursework/RoboticsProject/ME439_term_project/ros2_ws/install/parallelbot_interfaces/include/parallelbot_interfaces/parallelbot_interfaces
-- Up-to-date: /home/noah/Documents/Grad/Coursework/RoboticsProject/ME439_term_project/ros2_ws/install/parallelbot_interfaces/include/parallelbot_interfaces/parallelbot_interfaces/msg
-- Up-to-date: /home/noah/Documents/Grad/Coursework/RoboticsProject/ME439_term_project/ros2_ws/install/parallelbot_interfaces/include/parallelbot_interfaces/parallelbot_interfaces/msg/detail
-- Up-to-date: /home/noah/Documents/Grad/Coursework/RoboticsProject/ME439_term_project/ros2_ws/install/parallelbot_interfaces/include/parallelbot_interfaces/parallelbot_interfaces/msg/detail/pb_endpoint__type_support.c
-- Up-to-date: /home/noah/Documents/Grad/Coursework/RoboticsProject/ME439_term_project/ros2_ws/install/parallelbot_interfaces/include/parallelbot_interfaces/parallelbot_interfaces/msg/detail/pb_joint_command__type_support.c
-- Up-to-date: /home/noah/Documents/Grad/Coursework/RoboticsProject/ME439_term_project/ros2_ws/install/parallelbot_interfaces/include/parallelbot_interfaces/parallelbot_interfaces/msg/detail/pb_endpoint__rosidl_typesupport_introspection_c.h
-- Up-to-date: /home/noah/Documents/Grad/Coursework/RoboticsProject/ME439_term_project/ros2_ws/install/parallelbot_interfaces/include/parallelbot_interfaces/parallelbot_interfaces/msg/detail/pb_joint_angles__rosidl_typesupport_introspection_c.h
-- Up-to-date: /home/noah/Documents/Grad/Coursework/RoboticsProject/ME439_term_project/ros2_ws/install/parallelbot_interfaces/include/parallelbot_interfaces/parallelbot_interfaces/msg/detail/pb_joint_angles__type_support.c
-- Up-to-date: /home/noah/Documents/Grad/Coursework/RoboticsProject/ME439_term_project/ros2_ws/install/parallelbot_interfaces/include/parallelbot_interfaces/parallelbot_interfaces/msg/detail/pb_joint_command__rosidl_typesupport_introspection_c.h
-- Up-to-date: /home/noah/Documents/Grad/Coursework/RoboticsProject/ME439_term_project/ros2_ws/install/parallelbot_interfaces/include/parallelbot_interfaces/parallelbot_interfaces/msg/rosidl_typesupport_introspection_c__visibility_control.h
-- Up-to-date: /home/noah/Documents/Grad/Coursework/RoboticsProject/ME439_term_project/ros2_ws/install/parallelbot_interfaces/lib/libparallelbot_interfaces__rosidl_typesupport_introspection_c.so
-- Up-to-date: /home/noah/Documents/Grad/Coursework/RoboticsProject/ME439_term_project/ros2_ws/install/parallelbot_interfaces/lib/libparallelbot_interfaces__rosidl_typesupport_c.so
-- Up-to-date: /home/noah/Documents/Grad/Coursework/RoboticsProject/ME439_term_project/ros2_ws/install/parallelbot_interfaces/include/parallelbot_interfaces/parallelbot_interfaces
-- Up-to-date: /home/noah/Documents/Grad/Coursework/RoboticsProject/ME439_term_project/ros2_ws/install/parallelbot_interfaces/include/parallelbot_interfaces/parallelbot_interfaces/msg
-- Up-to-date: /home/noah/Documents/Grad/Coursework/RoboticsProject/ME439_term_project/ros2_ws/install/parallelbot_interfaces/include/parallelbot_interfaces/parallelbot_interfaces/msg/detail
-- Up-to-date: /home/noah/Documents/Grad/Coursework/RoboticsProject/ME439_term_project/ros2_ws/install/parallelbot_interfaces/include/parallelbot_interfaces/parallelbot_interfaces/msg/detail/pb_joint_command__rosidl_typesupport_introspection_cpp.hpp
-- Up-to-date: /home/noah/Documents/Grad/Coursework/RoboticsProject/ME439_term_project/ros2_ws/install/parallelbot_interfaces/include/parallelbot_interfaces/parallelbot_interfaces/msg/detail/pb_joint_command__type_support.cpp
-- Up-to-date: /home/noah/Documents/Grad/Coursework/RoboticsProject/ME439_term_project/ros2_ws/install/parallelbot_interfaces/include/parallelbot_interfaces/parallelbot_interfaces/msg/detail/pb_joint_angles__rosidl_typesupport_introspection_cpp.hpp
-- Up-to-date: /home/noah/Documents/Grad/Coursework/RoboticsProject/ME439_term_project/ros2_ws/install/parallelbot_interfaces/include/parallelbot_interfaces/parallelbot_interfaces/msg/detail/pb_endpoint__type_support.cpp
-- Up-to-date: /home/noah/Documents/Grad/Coursework/RoboticsProject/ME439_term_project/ros2_ws/install/parallelbot_interfaces/include/parallelbot_interfaces/parallelbot_interfaces/msg/detail/pb_joint_angles__type_support.cpp
-- Up-to-date: /home/noah/Documents/Grad/Coursework/RoboticsProject/ME439_term_project/ros2_ws/install/parallelbot_interfaces/include/parallelbot_interfaces/parallelbot_interfaces/msg/detail/pb_endpoint__rosidl_typesupport_introspection_cpp.hpp
-- Up-to-date: /home/noah/Documents/Grad/Coursework/RoboticsProject/ME439_term_project/ros2_ws/install/parallelbot_interfaces/lib/libparallelbot_interfaces__rosidl_typesupport_introspection_cpp.so
-- Up-to-date: /home/noah/Documents/Grad/Coursework/RoboticsProject/ME439_term_project/ros2_ws/install/parallelbot_interfaces/lib/libparallelbot_interfaces__rosidl_typesupport_cpp.so
-- Up-to-date: /home/noah/Documents/Grad/Coursework/RoboticsProject/ME439_term_project/ros2_ws/install/parallelbot_interfaces/share/parallelbot_interfaces/environment/pythonpath.sh
-- Up-to-date: /home/noah/Documents/Grad/Coursework/RoboticsProject/ME439_term_project/ros2_ws/install/parallelbot_interfaces/share/parallelbot_interfaces/environment/pythonpath.dsv
-- Up-to-date: /home/noah/Documents/Grad/Coursework/RoboticsProject/ME439_term_project/ros2_ws/install/parallelbot_interfaces/lib/python3.12/site-packages/parallelbot_interfaces-0.0.0-py3.12.egg-info
-- Installing: /home/noah/Documents/Grad/Coursework/RoboticsProject/ME439_term_project/ros2_ws/install/parallelbot_interfaces/lib/python3.12/site-packages/parallelbot_interfaces-0.0.0-py3.12.egg-info/SOURCES.txt
-- Installing: /home/noah/Documents/Grad/Coursework/RoboticsProject/ME439_term_project/ros2_ws/install/parallelbot_interfaces/lib/python3.12/site-packages/parallelbot_interfaces-0.0.0-py3.12.egg-info/dependency_links.txt
-- Installing: /home/noah/Documents/Grad/Coursework/RoboticsProject/ME439_term_project/ros2_ws/install/parallelbot_interfaces/lib/python3.12/site-packages/parallelbot_interfaces-0.0.0-py3.12.egg-info/PKG-INFO
-- Installing: /home/noah/Documents/Grad/Coursework/RoboticsProject/ME439_term_project/ros2_ws/install/parallelbot_interfaces/lib/python3.12/site-packages/parallelbot_interfaces-0.0.0-py3.12.egg-info/top_level.txt
-- Up-to-date: /home/noah/Documents/Grad/Coursework/RoboticsProject/ME439_term_project/ros2_ws/install/parallelbot_interfaces/lib/python3.12/site-packages/parallelbot_interfaces
-- Up-to-date: /home/noah/Documents/Grad/Coursework/RoboticsProject/ME439_term_project/ros2_ws/install/parallelbot_interfaces/lib/python3.12/site-packages/parallelbot_interfaces/msg
-- Up-to-date: /home/noah/Documents/Grad/Coursework/RoboticsProject/ME439_term_project/ros2_ws/install/parallelbot_interfaces/lib/python3.12/site-packages/parallelbot_interfaces/msg/_pb_joint_angles.py
-- Up-to-date: /home/noah/Documents/Grad/Coursework/RoboticsProject/ME439_term_project/ros2_ws/install/parallelbot_interfaces/lib/python3.12/site-packages/parallelbot_interfaces/msg/_pb_endpoint.py
-- Up-to-date: /home/noah/Documents/Grad/Coursework/RoboticsProject/ME439_term_project/ros2_ws/install/parallelbot_interfaces/lib/python3.12/site-packages/parallelbot_interfaces/msg/_pb_joint_command.py
-- Up-to-date: /home/noah/Documents/Grad/Coursework/RoboticsProject/ME439_term_project/ros2_ws/install/parallelbot_interfaces/lib/python3.12/site-packages/parallelbot_interfaces/msg/__init__.py
-- Up-to-date: /home/noah/Documents/Grad/Coursework/RoboticsProject/ME439_term_project/ros2_ws/install/parallelbot_interfaces/lib/python3.12/site-packages/parallelbot_interfaces/msg/_pb_endpoint_s.c
-- Up-to-date: /home/noah/Documents/Grad/Coursework/RoboticsProject/ME439_term_project/ros2_ws/install/parallelbot_interfaces/lib/python3.12/site-packages/parallelbot_interfaces/msg/_pb_joint_angles_s.c
-- Up-to-date: /home/noah/Documents/Grad/Coursework/RoboticsProject/ME439_term_project/ros2_ws/install/parallelbot_interfaces/lib/python3.12/site-packages/parallelbot_interfaces/msg/_pb_joint_command_s.c
-- Up-to-date: /home/noah/Documents/Grad/Coursework/RoboticsProject/ME439_term_project/ros2_ws/install/parallelbot_interfaces/lib/python3.12/site-packages/parallelbot_interfaces/parallelbot_interfaces_s__rosidl_typesupport_fastrtps_c.so
-- Up-to-date: /home/noah/Documents/Grad/Coursework/RoboticsProject/ME439_term_project/ros2_ws/install/parallelbot_interfaces/lib/python3.12/site-packages/parallelbot_interfaces/__init__.py
-- Up-to-date: /home/noah/Documents/Grad/Coursework/RoboticsProject/ME439_term_project/ros2_ws/install/parallelbot_interfaces/lib/python3.12/site-packages/parallelbot_interfaces/_parallelbot_interfaces_s.ep.rosidl_typesupport_introspection_c.c
-- Up-to-date: /home/noah/Documents/Grad/Coursework/RoboticsProject/ME439_term_project/ros2_ws/install/parallelbot_interfaces/lib/python3.12/site-packages/parallelbot_interfaces/_parallelbot_interfaces_s.ep.rosidl_typesupport_c.c
-- Up-to-date: /home/noah/Documents/Grad/Coursework/RoboticsProject/ME439_term_project/ros2_ws/install/parallelbot_interfaces/lib/python3.12/site-packages/parallelbot_interfaces/parallelbot_interfaces_s__rosidl_typesupport_introspection_c.so
-- Up-to-date: /home/noah/Documents/Grad/Coursework/RoboticsProject/ME439_term_project/ros2_ws/install/parallelbot_interfaces/lib/python3.12/site-packages/parallelbot_interfaces/_parallelbot_interfaces_s.ep.rosidl_typesupport_fastrtps_c.c
-- Up-to-date: /home/noah/Documents/Grad/Coursework/RoboticsProject/ME439_term_project/ros2_ws/install/parallelbot_interfaces/lib/python3.12/site-packages/parallelbot_interfaces/parallelbot_interfaces_s__rosidl_typesupport_c.so
Listing '/home/noah/Documents/Grad/Coursework/RoboticsProject/ME439_term_project/ros2_ws/install/parallelbot_interfaces/lib/python3.12/site-packages/parallelbot_interfaces'...
Listing '/home/noah/Documents/Grad/Coursework/RoboticsProject/ME439_term_project/ros2_ws/install/parallelbot_interfaces/lib/python3.12/site-packages/parallelbot_interfaces/msg'...
-- Up-to-date: /home/noah/Documents/Grad/Coursework/RoboticsProject/ME439_term_project/ros2_ws/install/parallelbot_interfaces/lib/python3.12/site-packages/parallelbot_interfaces/parallelbot_interfaces_s__rosidl_typesupport_fastrtps_c.so
-- Up-to-date: /home/noah/Documents/Grad/Coursework/RoboticsProject/ME439_term_project/ros2_ws/install/parallelbot_interfaces/lib/python3.12/site-packages/parallelbot_interfaces/parallelbot_interfaces_s__rosidl_typesupport_introspection_c.so
-- Up-to-date: /home/noah/Documents/Grad/Coursework/RoboticsProject/ME439_term_project/ros2_ws/install/parallelbot_interfaces/lib/python3.12/site-packages/parallelbot_interfaces/parallelbot_interfaces_s__rosidl_typesupport_c.so
-- Up-to-date: /home/noah/Documents/Grad/Coursework/RoboticsProject/ME439_term_project/ros2_ws/install/parallelbot_interfaces/lib/libparallelbot_interfaces__rosidl_generator_py.so
-- Up-to-date: /home/noah/Documents/Grad/Coursework/RoboticsProject/ME439_term_project/ros2_ws/install/parallelbot_interfaces/share/parallelbot_interfaces/msg/PBJointAngles.idl
-- Up-to-date: /home/noah/Documents/Grad/Coursework/RoboticsProject/ME439_term_project/ros2_ws/install/parallelbot_interfaces/share/parallelbot_interfaces/msg/PBEndpoint.idl
-- Up-to-date: /home/noah/Documents/Grad/Coursework/RoboticsProject/ME439_term_project/ros2_ws/install/parallelbot_interfaces/share/parallelbot_interfaces/msg/PBJointCommand.idl
-- Up-to-date: /home/noah/Documents/Grad/Coursework/RoboticsProject/ME439_term_project/ros2_ws/install/parallelbot_interfaces/share/parallelbot_interfaces/msg/PBJointAngles.msg
-- Up-to-date: /home/noah/Documents/Grad/Coursework/RoboticsProject/ME439_term_project/ros2_ws/install/parallelbot_interfaces/share/parallelbot_interfaces/msg/PBEndpoint.msg
-- Up-to-date: /home/noah/Documents/Grad/Coursework/RoboticsProject/ME439_term_project/ros2_ws/install/parallelbot_interfaces/share/parallelbot_interfaces/msg/PBJointCommand.msg
-- Up-to-date: /home/noah/Documents/Grad/Coursework/RoboticsProject/ME439_term_project/ros2_ws/install/parallelbot_interfaces/share/ament_index/resource_index/package_run_dependencies/parallelbot_interfaces
-- Up-to-date: /home/noah/Documents/Grad/Coursework/RoboticsProject/ME439_term_project/ros2_ws/install/parallelbot_interfaces/share/ament_index/resource_index/parent_prefix_path/parallelbot_interfaces
-- Up-to-date: /home/noah/Documents/Grad/Coursework/RoboticsProject/ME439_term_project/ros2_ws/install/parallelbot_interfaces/share/parallelbot_interfaces/environment/ament_prefix_path.sh
-- Up-to-date: /home/noah/Documents/Grad/Coursework/RoboticsProject/ME439_term_project/ros2_ws/install/parallelbot_interfaces/share/parallelbot_interfaces/environment/ament_prefix_path.dsv
-- Up-to-date: /home/noah/Documents/Grad/Coursework/RoboticsProject/ME439_term_project/ros2_ws/install/parallelbot_interfaces/share/parallelbot_interfaces/environment/path.sh
-- Up-to-date: /home/noah/Documents/Grad/Coursework/RoboticsProject/ME439_term_project/ros2_ws/install/parallelbot_interfaces/share/parallelbot_interfaces/environment/path.dsv
-- Up-to-date: /home/noah/Documents/Grad/Coursework/RoboticsProject/ME439_term_project/ros2_ws/install/parallelbot_interfaces/share/parallelbot_interfaces/local_setup.bash
-- Up-to-date: /home/noah/Documents/Grad/Coursework/RoboticsProject/ME439_term_project/ros2_ws/install/parallelbot_interfaces/share/parallelbot_interfaces/local_setup.sh
-- Up-to-date: /home/noah/Documents/Grad/Coursework/RoboticsProject/ME439_term_project/ros2_ws/install/parallelbot_interfaces/share/parallelbot_interfaces/local_setup.zsh
-- Up-to-date: /home/noah/Documents/Grad/Coursework/RoboticsProject/ME439_term_project/ros2_ws/install/parallelbot_interfaces/share/parallelbot_interfaces/local_setup.dsv
-- Installing: /home/noah/Documents/Grad/Coursework/RoboticsProject/ME439_term_project/ros2_ws/install/parallelbot_interfaces/share/parallelbot_interfaces/package.dsv
-- Up-to-date: /home/noah/Documents/Grad/Coursework/RoboticsProject/ME439_term_project/ros2_ws/install/parallelbot_interfaces/share/ament_index/resource_index/packages/parallelbot_interfaces
-- Up-to-date: /home/noah/Documents/Grad/Coursework/RoboticsProject/ME439_term_project/ros2_ws/install/parallelbot_interfaces/share/parallelbot_interfaces/cmake/export_parallelbot_interfaces__rosidl_generator_cExport.cmake
-- Up-to-date: /home/noah/Documents/Grad/Coursework/RoboticsProject/ME439_term_project/ros2_ws/install/parallelbot_interfaces/share/parallelbot_interfaces/cmake/export_parallelbot_interfaces__rosidl_generator_cExport-noconfig.cmake
-- Up-to-date: /home/noah/Documents/Grad/Coursework/RoboticsProject/ME439_term_project/ros2_ws/install/parallelbot_interfaces/share/parallelbot_interfaces/cmake/export_parallelbot_interfaces__rosidl_typesupport_fastrtps_cExport.cmake
-- Up-to-date: /home/noah/Documents/Grad/Coursework/RoboticsProject/ME439_term_project/ros2_ws/install/parallelbot_interfaces/share/parallelbot_interfaces/cmake/export_parallelbot_interfaces__rosidl_typesupport_fastrtps_cExport-noconfig.cmake
-- Up-to-date: /home/noah/Documents/Grad/Coursework/RoboticsProject/ME439_term_project/ros2_ws/install/parallelbot_interfaces/share/parallelbot_interfaces/cmake/export_parallelbot_interfaces__rosidl_generator_cppExport.cmake
-- Up-to-date: /home/noah/Documents/Grad/Coursework/RoboticsProject/ME439_term_project/ros2_ws/install/parallelbot_interfaces/share/parallelbot_interfaces/cmake/export_parallelbot_interfaces__rosidl_typesupport_fastrtps_cppExport.cmake
-- Up-to-date: /home/noah/Documents/Grad/Coursework/RoboticsProject/ME439_term_project/ros2_ws/install/parallelbot_interfaces/share/parallelbot_interfaces/cmake/export_parallelbot_interfaces__rosidl_typesupport_fastrtps_cppExport-noconfig.cmake
-- Up-to-date: /home/noah/Documents/Grad/Coursework/RoboticsProject/ME439_term_project/ros2_ws/install/parallelbot_interfaces/share/parallelbot_interfaces/cmake/parallelbot_interfaces__rosidl_typesupport_introspection_cExport.cmake
-- Up-to-date: /home/noah/Documents/Grad/Coursework/RoboticsProject/ME439_term_project/ros2_ws/install/parallelbot_interfaces/share/parallelbot_interfaces/cmake/parallelbot_interfaces__rosidl_typesupport_introspection_cExport-noconfig.cmake
-- Up-to-date: /home/noah/Documents/Grad/Coursework/RoboticsProject/ME439_term_project/ros2_ws/install/parallelbot_interfaces/share/parallelbot_interfaces/cmake/parallelbot_interfaces__rosidl_typesupport_cExport.cmake
-- Up-to-date: /home/noah/Documents/Grad/Coursework/RoboticsProject/ME439_term_project/ros2_ws/install/parallelbot_interfaces/share/parallelbot_interfaces/cmake/parallelbot_interfaces__rosidl_typesupport_cExport-noconfig.cmake
-- Up-to-date: /home/noah/Documents/Grad/Coursework/RoboticsProject/ME439_term_project/ros2_ws/install/parallelbot_interfaces/share/parallelbot_interfaces/cmake/parallelbot_interfaces__rosidl_typesupport_introspection_cppExport.cmake
-- Up-to-date: /home/noah/Documents/Grad/Coursework/RoboticsProject/ME439_term_project/ros2_ws/install/parallelbot_interfaces/share/parallelbot_interfaces/cmake/parallelbot_interfaces__rosidl_typesupport_introspection_cppExport-noconfig.cmake
-- Up-to-date: /home/noah/Documents/Grad/Coursework/RoboticsProject/ME439_term_project/ros2_ws/install/parallelbot_interfaces/share/parallelbot_interfaces/cmake/parallelbot_interfaces__rosidl_typesupport_cppExport.cmake
-- Up-to-date: /home/noah/Documents/Grad/Coursework/RoboticsProject/ME439_term_project/ros2_ws/install/parallelbot_interfaces/share/parallelbot_interfaces/cmake/parallelbot_interfaces__rosidl_typesupport_cppExport-noconfig.cmake
-- Up-to-date: /home/noah/Documents/Grad/Coursework/RoboticsProject/ME439_term_project/ros2_ws/install/parallelbot_interfaces/share/parallelbot_interfaces/cmake/export_parallelbot_interfaces__rosidl_generator_pyExport.cmake
-- Up-to-date: /home/noah/Documents/Grad/Coursework/RoboticsProject/ME439_term_project/ros2_ws/install/parallelbot_interfaces/share/parallelbot_interfaces/cmake/export_parallelbot_interfaces__rosidl_generator_pyExport-noconfig.cmake
-- Up-to-date: /home/noah/Documents/Grad/Coursework/RoboticsProject/ME439_term_project/ros2_ws/install/parallelbot_interfaces/share/parallelbot_interfaces/cmake/rosidl_cmake-extras.cmake
-- Up-to-date: /home/noah/Documents/Grad/Coursework/RoboticsProject/ME439_term_project/ros2_ws/install/parallelbot_interfaces/share/parallelbot_interfaces/cmake/ament_cmake_export_dependencies-extras.cmake
-- Up-to-date: /home/noah/Documents/Grad/Coursework/RoboticsProject/ME439_term_project/ros2_ws/install/parallelbot_interfaces/share/parallelbot_interfaces/cmake/ament_cmake_export_include_directories-extras.cmake
-- Up-to-date: /home/noah/Documents/Grad/Coursework/RoboticsProject/ME439_term_project/ros2_ws/install/parallelbot_interfaces/share/parallelbot_interfaces/cmake/ament_cmake_export_libraries-extras.cmake
-- Up-to-date: /home/noah/Documents/Grad/Coursework/RoboticsProject/ME439_term_project/ros2_ws/install/parallelbot_interfaces/share/parallelbot_interfaces/cmake/ament_cmake_export_targets-extras.cmake
-- Up-to-date: /home/noah/Documents/Grad/Coursework/RoboticsProject/ME439_term_project/ros2_ws/install/parallelbot_interfaces/share/parallelbot_interfaces/cmake/rosidl_cmake_export_typesupport_targets-extras.cmake
-- Up-to-date: /home/noah/Documents/Grad/Coursework/RoboticsProject/ME439_term_project/ros2_ws/install/parallelbot_interfaces/share/parallelbot_interfaces/cmake/rosidl_cmake_export_typesupport_libraries-extras.cmake
-- Up-to-date: /home/noah/Documents/Grad/Coursework/RoboticsProject/ME439_term_project/ros2_ws/install/parallelbot_interfaces/share/parallelbot_interfaces/cmake/parallelbot_interfacesConfig.cmake
-- Up-to-date: /home/noah/Documents/Grad/Coursework/RoboticsProject/ME439_term_project/ros2_ws/install/parallelbot_interfaces/share/parallelbot_interfaces/cmake/parallelbot_interfacesConfig-version.cmake
-- Up-to-date: /home/noah/Documents/Grad/Coursework/RoboticsProject/ME439_term_project/ros2_ws/install/parallelbot_interfaces/share/parallelbot_interfaces/package.xml
