[0.016s] Invoking command in '/home/noah/Documents/Grad/Coursework/RoboticsProject/ME439_term_project/ros2_ws/build/parallelbot_interfaces': CMAKE_PREFIX_PATH=${CMAKE_PREFIX_PATH}:/home/noah/Documents/Grad/Coursework/RoboticsProject/ME439_term_project/ros2_ws/install/parallelbot:/opt/ros/jazzy /usr/bin/cmake --build /home/noah/Documents/Grad/Coursework/RoboticsProject/ME439_term_project/ros2_ws/build/parallelbot_interfaces -- -j8 -l8
[0.077s] [  1%] Built target parallelbot_interfaces__rosidl_generator_type_description
[0.101s] [  1%] Built target ament_cmake_python_copy_parallelbot_interfaces
[0.122s] [  3%] Built target parallelbot_interfaces__cpp
[0.124s] [ 24%] Built target parallelbot_interfaces__rosidl_generator_c
[0.183s] [ 48%] Built target parallelbot_interfaces__rosidl_typesupport_fastrtps_cpp
[0.183s] [ 50%] Built target parallelbot_interfaces__rosidl_typesupport_introspection_c
[0.184s] [ 51%] Built target parallelbot_interfaces__rosidl_typesupport_c
[0.184s] [ 66%] Built target parallelbot_interfaces__rosidl_typesupport_cpp
[0.185s] [ 70%] Built target parallelbot_interfaces__rosidl_typesupport_fastrtps_c
[0.189s] [ 79%] Built target parallelbot_interfaces__rosidl_typesupport_introspection_cpp
[0.213s] [ 79%] Built target parallelbot_interfaces
[0.238s] [ 81%] Built target parallelbot_interfaces__py
[0.263s] [ 88%] Built target parallelbot_interfaces__rosidl_generator_py
[0.289s] [100%] Built target parallelbot_interfaces_s__rosidl_typesupport_c
[0.290s] [100%] Built target parallelbot_interfaces_s__rosidl_typesupport_introspection_c
[0.290s] [100%] Built target parallelbot_interfaces_s__rosidl_typesupport_fastrtps_c
[0.455s] running egg_info
[0.493s] writing parallelbot_interfaces.egg-info/PKG-INFO
[0.493s] writing dependency_links to parallelbot_interfaces.egg-info/dependency_links.txt
[0.494s] writing top-level names to parallelbot_interfaces.egg-info/top_level.txt
[0.675s] reading manifest file 'parallelbot_interfaces.egg-info/SOURCES.txt'
[0.676s] writing manifest file 'parallelbot_interfaces.egg-info/SOURCES.txt'
[0.809s] [100%] Built target ament_cmake_python_build_parallelbot_interfaces_egg
[0.845s] Invoked command in '/home/noah/Documents/Grad/Coursework/RoboticsProject/ME439_term_project/ros2_ws/build/parallelbot_interfaces' returned '0': CMAKE_PREFIX_PATH=${CMAKE_PREFIX_PATH}:/home/noah/Documents/Grad/Coursework/RoboticsProject/ME439_term_project/ros2_ws/install/parallelbot:/opt/ros/jazzy /usr/bin/cmake --build /home/noah/Documents/Grad/Coursework/RoboticsProject/ME439_term_project/ros2_ws/build/parallelbot_interfaces -- -j8 -l8
[0.985s] Invoking command in '/home/noah/Documents/Grad/Coursework/RoboticsProject/ME439_term_project/ros2_ws/build/parallelbot_interfaces': CMAKE_PREFIX_PATH=${CMAKE_PREFIX_PATH}:/home/noah/Documents/Grad/Coursework/RoboticsProject/ME439_term_project/ros2_ws/install/parallelbot:/opt/ros/jazzy /usr/bin/cmake --install /home/noah/Documents/Grad/Coursework/RoboticsProject/ME439_term_project/ros2_ws/build/parallelbot_interfaces
[0.995s] -- Install configuration: ""
[0.996s] -- Up-to-date: /home/noah/Documents/Grad/Coursework/RoboticsProject/ME439_term_project/ros2_ws/install/parallelbot_interfaces/share/ament_index/resource_index/rosidl_interfaces/parallelbot_interfaces
[0.996s] -- Up-to-date: /home/noah/Documents/Grad/Coursework/RoboticsProject/ME439_term_project/ros2_ws/install/parallelbot_interfaces/share/parallelbot_interfaces/msg/PBJointAngles.json
[0.996s] -- Up-to-date: /home/noah/Documents/Grad/Coursework/RoboticsProject/ME439_term_project/ros2_ws/install/parallelbot_interfaces/share/parallelbot_interfaces/msg/PBEndpoint.json
[0.996s] -- Up-to-date: /home/noah/Documents/Grad/Coursework/RoboticsProject/ME439_term_project/ros2_ws/install/parallelbot_interfaces/share/parallelbot_interfaces/msg/PBJointCommand.json
[0.996s] -- Up-to-date: /home/noah/Documents/Grad/Coursework/RoboticsProject/ME439_term_project/ros2_ws/install/parallelbot_interfaces/include/parallelbot_interfaces/parallelbot_interfaces
[0.996s] -- Up-to-date: /home/noah/Documents/Grad/Coursework/RoboticsProject/ME439_term_project/ros2_ws/install/parallelbot_interfaces/include/parallelbot_interfaces/parallelbot_interfaces/msg
[0.997s] -- Up-to-date: /home/noah/Documents/Grad/Coursework/RoboticsProject/ME439_term_project/ros2_ws/install/parallelbot_interfaces/include/parallelbot_interfaces/parallelbot_interfaces/msg/pb_joint_command.h
[0.997s] -- Up-to-date: /home/noah/Documents/Grad/Coursework/RoboticsProject/ME439_term_project/ros2_ws/install/parallelbot_interfaces/include/parallelbot_interfaces/parallelbot_interfaces/msg/detail
[0.997s] -- Up-to-date: /home/noah/Documents/Grad/Coursework/RoboticsProject/ME439_term_project/ros2_ws/install/parallelbot_interfaces/include/parallelbot_interfaces/parallelbot_interfaces/msg/detail/pb_endpoint__functions.c
[0.997s] -- Up-to-date: /home/noah/Documents/Grad/Coursework/RoboticsProject/ME439_term_project/ros2_ws/install/parallelbot_interfaces/include/parallelbot_interfaces/parallelbot_interfaces/msg/detail/pb_joint_command__struct.h
[0.997s] -- Up-to-date: /home/noah/Documents/Grad/Coursework/RoboticsProject/ME439_term_project/ros2_ws/install/parallelbot_interfaces/include/parallelbot_interfaces/parallelbot_interfaces/msg/detail/pb_endpoint__struct.h
[0.997s] -- Up-to-date: /home/noah/Documents/Grad/Coursework/RoboticsProject/ME439_term_project/ros2_ws/install/parallelbot_interfaces/include/parallelbot_interfaces/parallelbot_interfaces/msg/detail/pb_endpoint__type_support.c
[0.997s] -- Up-to-date: /home/noah/Documents/Grad/Coursework/RoboticsProject/ME439_term_project/ros2_ws/install/parallelbot_interfaces/include/parallelbot_interfaces/parallelbot_interfaces/msg/detail/pb_joint_command__type_support.c
[0.997s] -- Up-to-date: /home/noah/Documents/Grad/Coursework/RoboticsProject/ME439_term_project/ros2_ws/install/parallelbot_interfaces/include/parallelbot_interfaces/parallelbot_interfaces/msg/detail/pb_joint_command__type_support.h
[0.998s] -- Up-to-date: /home/noah/Documents/Grad/Coursework/RoboticsProject/ME439_term_project/ros2_ws/install/parallelbot_interfaces/include/parallelbot_interfaces/parallelbot_interfaces/msg/detail/pb_joint_command__functions.c
[0.998s] -- Up-to-date: /home/noah/Documents/Grad/Coursework/RoboticsProject/ME439_term_project/ros2_ws/install/parallelbot_interfaces/include/parallelbot_interfaces/parallelbot_interfaces/msg/detail/pb_endpoint__description.c
[0.998s] -- Up-to-date: /home/noah/Documents/Grad/Coursework/RoboticsProject/ME439_term_project/ros2_ws/install/parallelbot_interfaces/include/parallelbot_interfaces/parallelbot_interfaces/msg/detail/pb_endpoint__type_support.h
[0.998s] -- Up-to-date: /home/noah/Documents/Grad/Coursework/RoboticsProject/ME439_term_project/ros2_ws/install/parallelbot_interfaces/include/parallelbot_interfaces/parallelbot_interfaces/msg/detail/pb_joint_angles__description.c
[0.998s] -- Up-to-date: /home/noah/Documents/Grad/Coursework/RoboticsProject/ME439_term_project/ros2_ws/install/parallelbot_interfaces/include/parallelbot_interfaces/parallelbot_interfaces/msg/detail/pb_endpoint__functions.h
[0.998s] -- Up-to-date: /home/noah/Documents/Grad/Coursework/RoboticsProject/ME439_term_project/ros2_ws/install/parallelbot_interfaces/include/parallelbot_interfaces/parallelbot_interfaces/msg/detail/pb_joint_command__functions.h
[0.998s] -- Up-to-date: /home/noah/Documents/Grad/Coursework/RoboticsProject/ME439_term_project/ros2_ws/install/parallelbot_interfaces/include/parallelbot_interfaces/parallelbot_interfaces/msg/detail/pb_joint_command__description.c
[0.999s] -- Up-to-date: /home/noah/Documents/Grad/Coursework/RoboticsProject/ME439_term_project/ros2_ws/install/parallelbot_interfaces/include/parallelbot_interfaces/parallelbot_interfaces/msg/detail/pb_joint_angles__functions.c
[0.999s] -- Up-to-date: /home/noah/Documents/Grad/Coursework/RoboticsProject/ME439_term_project/ros2_ws/install/parallelbot_interfaces/include/parallelbot_interfaces/parallelbot_interfaces/msg/detail/pb_joint_angles__functions.h
[0.999s] -- Up-to-date: /home/noah/Documents/Grad/Coursework/RoboticsProject/ME439_term_project/ros2_ws/install/parallelbot_interfaces/include/parallelbot_interfaces/parallelbot_interfaces/msg/detail/pb_joint_angles__struct.h
[0.999s] -- Up-to-date: /home/noah/Documents/Grad/Coursework/RoboticsProject/ME439_term_project/ros2_ws/install/parallelbot_interfaces/include/parallelbot_interfaces/parallelbot_interfaces/msg/detail/pb_joint_angles__type_support.c
[0.999s] -- Up-to-date: /home/noah/Documents/Grad/Coursework/RoboticsProject/ME439_term_project/ros2_ws/install/parallelbot_interfaces/include/parallelbot_interfaces/parallelbot_interfaces/msg/detail/pb_joint_angles__type_support.h
[0.999s] -- Up-to-date: /home/noah/Documents/Grad/Coursework/RoboticsProject/ME439_term_project/ros2_ws/install/parallelbot_interfaces/include/parallelbot_interfaces/parallelbot_interfaces/msg/rosidl_generator_c__visibility_control.h
[0.999s] -- Up-to-date: /home/noah/Documents/Grad/Coursework/RoboticsProject/ME439_term_project/ros2_ws/install/parallelbot_interfaces/include/parallelbot_interfaces/parallelbot_interfaces/msg/pb_endpoint.h
[1.000s] -- Up-to-date: /home/noah/Documents/Grad/Coursework/RoboticsProject/ME439_term_project/ros2_ws/install/parallelbot_interfaces/include/parallelbot_interfaces/parallelbot_interfaces/msg/pb_joint_angles.h
[1.000s] -- Up-to-date: /home/noah/Documents/Grad/Coursework/RoboticsProject/ME439_term_project/ros2_ws/install/parallelbot_interfaces/share/parallelbot_interfaces/environment/library_path.sh
[1.000s] -- Up-to-date: /home/noah/Documents/Grad/Coursework/RoboticsProject/ME439_term_project/ros2_ws/install/parallelbot_interfaces/share/parallelbot_interfaces/environment/library_path.dsv
[1.000s] -- Up-to-date: /home/noah/Documents/Grad/Coursework/RoboticsProject/ME439_term_project/ros2_ws/install/parallelbot_interfaces/lib/libparallelbot_interfaces__rosidl_generator_c.so
[1.000s] -- Up-to-date: /home/noah/Documents/Grad/Coursework/RoboticsProject/ME439_term_project/ros2_ws/install/parallelbot_interfaces/include/parallelbot_interfaces/parallelbot_interfaces
[1.000s] -- Up-to-date: /home/noah/Documents/Grad/Coursework/RoboticsProject/ME439_term_project/ros2_ws/install/parallelbot_interfaces/include/parallelbot_interfaces/parallelbot_interfaces/msg
[1.000s] -- Up-to-date: /home/noah/Documents/Grad/Coursework/RoboticsProject/ME439_term_project/ros2_ws/install/parallelbot_interfaces/include/parallelbot_interfaces/parallelbot_interfaces/msg/rosidl_typesupport_fastrtps_c__visibility_control.h
[1.000s] -- Up-to-date: /home/noah/Documents/Grad/Coursework/RoboticsProject/ME439_term_project/ros2_ws/install/parallelbot_interfaces/include/parallelbot_interfaces/parallelbot_interfaces/msg/detail
[1.001s] -- Up-to-date: /home/noah/Documents/Grad/Coursework/RoboticsProject/ME439_term_project/ros2_ws/install/parallelbot_interfaces/include/parallelbot_interfaces/parallelbot_interfaces/msg/detail/pb_joint_angles__rosidl_typesupport_fastrtps_c.h
[1.001s] -- Up-to-date: /home/noah/Documents/Grad/Coursework/RoboticsProject/ME439_term_project/ros2_ws/install/parallelbot_interfaces/include/parallelbot_interfaces/parallelbot_interfaces/msg/detail/pb_joint_command__rosidl_typesupport_fastrtps_c.h
[1.001s] -- Up-to-date: /home/noah/Documents/Grad/Coursework/RoboticsProject/ME439_term_project/ros2_ws/install/parallelbot_interfaces/include/parallelbot_interfaces/parallelbot_interfaces/msg/detail/pb_endpoint__rosidl_typesupport_fastrtps_c.h
[1.001s] -- Up-to-date: /home/noah/Documents/Grad/Coursework/RoboticsProject/ME439_term_project/ros2_ws/install/parallelbot_interfaces/lib/libparallelbot_interfaces__rosidl_typesupport_fastrtps_c.so
[1.001s] -- Up-to-date: /home/noah/Documents/Grad/Coursework/RoboticsProject/ME439_term_project/ros2_ws/install/parallelbot_interfaces/include/parallelbot_interfaces/parallelbot_interfaces
[1.001s] -- Up-to-date: /home/noah/Documents/Grad/Coursework/RoboticsProject/ME439_term_project/ros2_ws/install/parallelbot_interfaces/include/parallelbot_interfaces/parallelbot_interfaces/msg
[1.001s] -- Up-to-date: /home/noah/Documents/Grad/Coursework/RoboticsProject/ME439_term_project/ros2_ws/install/parallelbot_interfaces/include/parallelbot_interfaces/parallelbot_interfaces/msg/pb_joint_angles.hpp
[1.002s] -- Up-to-date: /home/noah/Documents/Grad/Coursework/RoboticsProject/ME439_term_project/ros2_ws/install/parallelbot_interfaces/include/parallelbot_interfaces/parallelbot_interfaces/msg/detail
[1.002s] -- Up-to-date: /home/noah/Documents/Grad/Coursework/RoboticsProject/ME439_term_project/ros2_ws/install/parallelbot_interfaces/include/parallelbot_interfaces/parallelbot_interfaces/msg/detail/pb_joint_angles__traits.hpp
[1.002s] -- Up-to-date: /home/noah/Documents/Grad/Coursework/RoboticsProject/ME439_term_project/ros2_ws/install/parallelbot_interfaces/include/parallelbot_interfaces/parallelbot_interfaces/msg/detail/pb_endpoint__builder.hpp
[1.002s] -- Up-to-date: /home/noah/Documents/Grad/Coursework/RoboticsProject/ME439_term_project/ros2_ws/install/parallelbot_interfaces/include/parallelbot_interfaces/parallelbot_interfaces/msg/detail/pb_endpoint__type_support.hpp
[1.002s] -- Up-to-date: /home/noah/Documents/Grad/Coursework/RoboticsProject/ME439_term_project/ros2_ws/install/parallelbot_interfaces/include/parallelbot_interfaces/parallelbot_interfaces/msg/detail/pb_joint_command__traits.hpp
[1.003s] -- Up-to-date: /home/noah/Documents/Grad/Coursework/RoboticsProject/ME439_term_project/ros2_ws/install/parallelbot_interfaces/include/parallelbot_interfaces/parallelbot_interfaces/msg/detail/pb_joint_command__type_support.hpp
[1.003s] -- Up-to-date: /home/noah/Documents/Grad/Coursework/RoboticsProject/ME439_term_project/ros2_ws/install/parallelbot_interfaces/include/parallelbot_interfaces/parallelbot_interfaces/msg/detail/pb_endpoint__struct.hpp
[1.003s] -- Up-to-date: /home/noah/Documents/Grad/Coursework/RoboticsProject/ME439_term_project/ros2_ws/install/parallelbot_interfaces/include/parallelbot_interfaces/parallelbot_interfaces/msg/detail/pb_joint_angles__type_support.hpp
[1.003s] -- Up-to-date: /home/noah/Documents/Grad/Coursework/RoboticsProject/ME439_term_project/ros2_ws/install/parallelbot_interfaces/include/parallelbot_interfaces/parallelbot_interfaces/msg/detail/pb_joint_angles__builder.hpp
[1.003s] -- Up-to-date: /home/noah/Documents/Grad/Coursework/RoboticsProject/ME439_term_project/ros2_ws/install/parallelbot_interfaces/include/parallelbot_interfaces/parallelbot_interfaces/msg/detail/pb_endpoint__traits.hpp
[1.003s] -- Up-to-date: /home/noah/Documents/Grad/Coursework/RoboticsProject/ME439_term_project/ros2_ws/install/parallelbot_interfaces/include/parallelbot_interfaces/parallelbot_interfaces/msg/detail/pb_joint_angles__struct.hpp
[1.004s] -- Up-to-date: /home/noah/Documents/Grad/Coursework/RoboticsProject/ME439_term_project/ros2_ws/install/parallelbot_interfaces/include/parallelbot_interfaces/parallelbot_interfaces/msg/detail/pb_joint_command__builder.hpp
[1.004s] -- Up-to-date: /home/noah/Documents/Grad/Coursework/RoboticsProject/ME439_term_project/ros2_ws/install/parallelbot_interfaces/include/parallelbot_interfaces/parallelbot_interfaces/msg/detail/pb_joint_command__struct.hpp
[1.004s] -- Up-to-date: /home/noah/Documents/Grad/Coursework/RoboticsProject/ME439_term_project/ros2_ws/install/parallelbot_interfaces/include/parallelbot_interfaces/parallelbot_interfaces/msg/pb_endpoint.hpp
[1.004s] -- Up-to-date: /home/noah/Documents/Grad/Coursework/RoboticsProject/ME439_term_project/ros2_ws/install/parallelbot_interfaces/include/parallelbot_interfaces/parallelbot_interfaces/msg/rosidl_generator_cpp__visibility_control.hpp
[1.004s] -- Up-to-date: /home/noah/Documents/Grad/Coursework/RoboticsProject/ME439_term_project/ros2_ws/install/parallelbot_interfaces/include/parallelbot_interfaces/parallelbot_interfaces/msg/pb_joint_command.hpp
[1.004s] -- Up-to-date: /home/noah/Documents/Grad/Coursework/RoboticsProject/ME439_term_project/ros2_ws/install/parallelbot_interfaces/include/parallelbot_interfaces/parallelbot_interfaces
[1.005s] -- Up-to-date: /home/noah/Documents/Grad/Coursework/RoboticsProject/ME439_term_project/ros2_ws/install/parallelbot_interfaces/include/parallelbot_interfaces/parallelbot_interfaces/msg
[1.005s] -- Up-to-date: /home/noah/Documents/Grad/Coursework/RoboticsProject/ME439_term_project/ros2_ws/install/parallelbot_interfaces/include/parallelbot_interfaces/parallelbot_interfaces/msg/detail
[1.005s] -- Up-to-date: /home/noah/Documents/Grad/Coursework/RoboticsProject/ME439_term_project/ros2_ws/install/parallelbot_interfaces/include/parallelbot_interfaces/parallelbot_interfaces/msg/detail/pb_endpoint__rosidl_typesupport_fastrtps_cpp.hpp
[1.005s] -- Up-to-date: /home/noah/Documents/Grad/Coursework/RoboticsProject/ME439_term_project/ros2_ws/install/parallelbot_interfaces/include/parallelbot_interfaces/parallelbot_interfaces/msg/detail/pb_joint_angles__rosidl_typesupport_fastrtps_cpp.hpp
[1.005s] -- Up-to-date: /home/noah/Documents/Grad/Coursework/RoboticsProject/ME439_term_project/ros2_ws/install/parallelbot_interfaces/include/parallelbot_interfaces/parallelbot_interfaces/msg/detail/dds_fastrtps
[1.006s] -- Up-to-date: /home/noah/Documents/Grad/Coursework/RoboticsProject/ME439_term_project/ros2_ws/install/parallelbot_interfaces/include/parallelbot_interfaces/parallelbot_interfaces/msg/detail/pb_joint_command__rosidl_typesupport_fastrtps_cpp.hpp
[1.006s] -- Up-to-date: /home/noah/Documents/Grad/Coursework/RoboticsProject/ME439_term_project/ros2_ws/install/parallelbot_interfaces/include/parallelbot_interfaces/parallelbot_interfaces/msg/rosidl_typesupport_fastrtps_cpp__visibility_control.h
[1.006s] -- Up-to-date: /home/noah/Documents/Grad/Coursework/RoboticsProject/ME439_term_project/ros2_ws/install/parallelbot_interfaces/lib/libparallelbot_interfaces__rosidl_typesupport_fastrtps_cpp.so
[1.006s] -- Up-to-date: /home/noah/Documents/Grad/Coursework/RoboticsProject/ME439_term_project/ros2_ws/install/parallelbot_interfaces/include/parallelbot_interfaces/parallelbot_interfaces
[1.006s] -- Up-to-date: /home/noah/Documents/Grad/Coursework/RoboticsProject/ME439_term_project/ros2_ws/install/parallelbot_interfaces/include/parallelbot_interfaces/parallelbot_interfaces/msg
[1.007s] -- Up-to-date: /home/noah/Documents/Grad/Coursework/RoboticsProject/ME439_term_project/ros2_ws/install/parallelbot_interfaces/include/parallelbot_interfaces/parallelbot_interfaces/msg/detail
[1.007s] -- Up-to-date: /home/noah/Documents/Grad/Coursework/RoboticsProject/ME439_term_project/ros2_ws/install/parallelbot_interfaces/include/parallelbot_interfaces/parallelbot_interfaces/msg/detail/pb_endpoint__type_support.c
[1.007s] -- Up-to-date: /home/noah/Documents/Grad/Coursework/RoboticsProject/ME439_term_project/ros2_ws/install/parallelbot_interfaces/include/parallelbot_interfaces/parallelbot_interfaces/msg/detail/pb_joint_command__type_support.c
[1.007s] -- Up-to-date: /home/noah/Documents/Grad/Coursework/RoboticsProject/ME439_term_project/ros2_ws/install/parallelbot_interfaces/include/parallelbot_interfaces/parallelbot_interfaces/msg/detail/pb_endpoint__rosidl_typesupport_introspection_c.h
[1.007s] -- Up-to-date: /home/noah/Documents/Grad/Coursework/RoboticsProject/ME439_term_project/ros2_ws/install/parallelbot_interfaces/include/parallelbot_interfaces/parallelbot_interfaces/msg/detail/pb_joint_angles__rosidl_typesupport_introspection_c.h
[1.007s] -- Up-to-date: /home/noah/Documents/Grad/Coursework/RoboticsProject/ME439_term_project/ros2_ws/install/parallelbot_interfaces/include/parallelbot_interfaces/parallelbot_interfaces/msg/detail/pb_joint_angles__type_support.c
[1.008s] -- Up-to-date: /home/noah/Documents/Grad/Coursework/RoboticsProject/ME439_term_project/ros2_ws/install/parallelbot_interfaces/include/parallelbot_interfaces/parallelbot_interfaces/msg/detail/pb_joint_command__rosidl_typesupport_introspection_c.h
[1.008s] -- Up-to-date: /home/noah/Documents/Grad/Coursework/RoboticsProject/ME439_term_project/ros2_ws/install/parallelbot_interfaces/include/parallelbot_interfaces/parallelbot_interfaces/msg/rosidl_typesupport_introspection_c__visibility_control.h
[1.008s] -- Up-to-date: /home/noah/Documents/Grad/Coursework/RoboticsProject/ME439_term_project/ros2_ws/install/parallelbot_interfaces/lib/libparallelbot_interfaces__rosidl_typesupport_introspection_c.so
[1.008s] -- Up-to-date: /home/noah/Documents/Grad/Coursework/RoboticsProject/ME439_term_project/ros2_ws/install/parallelbot_interfaces/lib/libparallelbot_interfaces__rosidl_typesupport_c.so
[1.008s] -- Up-to-date: /home/noah/Documents/Grad/Coursework/RoboticsProject/ME439_term_project/ros2_ws/install/parallelbot_interfaces/include/parallelbot_interfaces/parallelbot_interfaces
[1.008s] -- Up-to-date: /home/noah/Documents/Grad/Coursework/RoboticsProject/ME439_term_project/ros2_ws/install/parallelbot_interfaces/include/parallelbot_interfaces/parallelbot_interfaces/msg
[1.009s] -- Up-to-date: /home/noah/Documents/Grad/Coursework/RoboticsProject/ME439_term_project/ros2_ws/install/parallelbot_interfaces/include/parallelbot_interfaces/parallelbot_interfaces/msg/detail
[1.009s] -- Up-to-date: /home/noah/Documents/Grad/Coursework/RoboticsProject/ME439_term_project/ros2_ws/install/parallelbot_interfaces/include/parallelbot_interfaces/parallelbot_interfaces/msg/detail/pb_joint_command__rosidl_typesupport_introspection_cpp.hpp
[1.009s] -- Up-to-date: /home/noah/Documents/Grad/Coursework/RoboticsProject/ME439_term_project/ros2_ws/install/parallelbot_interfaces/include/parallelbot_interfaces/parallelbot_interfaces/msg/detail/pb_joint_command__type_support.cpp
[1.009s] -- Up-to-date: /home/noah/Documents/Grad/Coursework/RoboticsProject/ME439_term_project/ros2_ws/install/parallelbot_interfaces/include/parallelbot_interfaces/parallelbot_interfaces/msg/detail/pb_joint_angles__rosidl_typesupport_introspection_cpp.hpp
[1.009s] -- Up-to-date: /home/noah/Documents/Grad/Coursework/RoboticsProject/ME439_term_project/ros2_ws/install/parallelbot_interfaces/include/parallelbot_interfaces/parallelbot_interfaces/msg/detail/pb_endpoint__type_support.cpp
[1.010s] -- Up-to-date: /home/noah/Documents/Grad/Coursework/RoboticsProject/ME439_term_project/ros2_ws/install/parallelbot_interfaces/include/parallelbot_interfaces/parallelbot_interfaces/msg/detail/pb_joint_angles__type_support.cpp
[1.010s] -- Up-to-date: /home/noah/Documents/Grad/Coursework/RoboticsProject/ME439_term_project/ros2_ws/install/parallelbot_interfaces/include/parallelbot_interfaces/parallelbot_interfaces/msg/detail/pb_endpoint__rosidl_typesupport_introspection_cpp.hpp
[1.010s] -- Up-to-date: /home/noah/Documents/Grad/Coursework/RoboticsProject/ME439_term_project/ros2_ws/install/parallelbot_interfaces/lib/libparallelbot_interfaces__rosidl_typesupport_introspection_cpp.so
[1.010s] -- Up-to-date: /home/noah/Documents/Grad/Coursework/RoboticsProject/ME439_term_project/ros2_ws/install/parallelbot_interfaces/lib/libparallelbot_interfaces__rosidl_typesupport_cpp.so
[1.010s] -- Up-to-date: /home/noah/Documents/Grad/Coursework/RoboticsProject/ME439_term_project/ros2_ws/install/parallelbot_interfaces/share/parallelbot_interfaces/environment/pythonpath.sh
[1.011s] -- Up-to-date: /home/noah/Documents/Grad/Coursework/RoboticsProject/ME439_term_project/ros2_ws/install/parallelbot_interfaces/share/parallelbot_interfaces/environment/pythonpath.dsv
[1.011s] -- Up-to-date: /home/noah/Documents/Grad/Coursework/RoboticsProject/ME439_term_project/ros2_ws/install/parallelbot_interfaces/lib/python3.12/site-packages/parallelbot_interfaces-0.0.0-py3.12.egg-info
[1.011s] -- Installing: /home/noah/Documents/Grad/Coursework/RoboticsProject/ME439_term_project/ros2_ws/install/parallelbot_interfaces/lib/python3.12/site-packages/parallelbot_interfaces-0.0.0-py3.12.egg-info/SOURCES.txt
[1.011s] -- Installing: /home/noah/Documents/Grad/Coursework/RoboticsProject/ME439_term_project/ros2_ws/install/parallelbot_interfaces/lib/python3.12/site-packages/parallelbot_interfaces-0.0.0-py3.12.egg-info/dependency_links.txt
[1.011s] -- Installing: /home/noah/Documents/Grad/Coursework/RoboticsProject/ME439_term_project/ros2_ws/install/parallelbot_interfaces/lib/python3.12/site-packages/parallelbot_interfaces-0.0.0-py3.12.egg-info/PKG-INFO
[1.011s] -- Installing: /home/noah/Documents/Grad/Coursework/RoboticsProject/ME439_term_project/ros2_ws/install/parallelbot_interfaces/lib/python3.12/site-packages/parallelbot_interfaces-0.0.0-py3.12.egg-info/top_level.txt
[1.012s] -- Up-to-date: /home/noah/Documents/Grad/Coursework/RoboticsProject/ME439_term_project/ros2_ws/install/parallelbot_interfaces/lib/python3.12/site-packages/parallelbot_interfaces
[1.012s] -- Up-to-date: /home/noah/Documents/Grad/Coursework/RoboticsProject/ME439_term_project/ros2_ws/install/parallelbot_interfaces/lib/python3.12/site-packages/parallelbot_interfaces/msg
[1.012s] -- Up-to-date: /home/noah/Documents/Grad/Coursework/RoboticsProject/ME439_term_project/ros2_ws/install/parallelbot_interfaces/lib/python3.12/site-packages/parallelbot_interfaces/msg/_pb_joint_angles.py
[1.012s] -- Up-to-date: /home/noah/Documents/Grad/Coursework/RoboticsProject/ME439_term_project/ros2_ws/install/parallelbot_interfaces/lib/python3.12/site-packages/parallelbot_interfaces/msg/_pb_endpoint.py
[1.012s] -- Up-to-date: /home/noah/Documents/Grad/Coursework/RoboticsProject/ME439_term_project/ros2_ws/install/parallelbot_interfaces/lib/python3.12/site-packages/parallelbot_interfaces/msg/_pb_joint_command.py
[1.012s] -- Up-to-date: /home/noah/Documents/Grad/Coursework/RoboticsProject/ME439_term_project/ros2_ws/install/parallelbot_interfaces/lib/python3.12/site-packages/parallelbot_interfaces/msg/__init__.py
[1.013s] -- Up-to-date: /home/noah/Documents/Grad/Coursework/RoboticsProject/ME439_term_project/ros2_ws/install/parallelbot_interfaces/lib/python3.12/site-packages/parallelbot_interfaces/msg/_pb_endpoint_s.c
[1.013s] -- Up-to-date: /home/noah/Documents/Grad/Coursework/RoboticsProject/ME439_term_project/ros2_ws/install/parallelbot_interfaces/lib/python3.12/site-packages/parallelbot_interfaces/msg/_pb_joint_angles_s.c
[1.013s] -- Up-to-date: /home/noah/Documents/Grad/Coursework/RoboticsProject/ME439_term_project/ros2_ws/install/parallelbot_interfaces/lib/python3.12/site-packages/parallelbot_interfaces/msg/_pb_joint_command_s.c
[1.013s] -- Up-to-date: /home/noah/Documents/Grad/Coursework/RoboticsProject/ME439_term_project/ros2_ws/install/parallelbot_interfaces/lib/python3.12/site-packages/parallelbot_interfaces/parallelbot_interfaces_s__rosidl_typesupport_fastrtps_c.so
[1.013s] -- Up-to-date: /home/noah/Documents/Grad/Coursework/RoboticsProject/ME439_term_project/ros2_ws/install/parallelbot_interfaces/lib/python3.12/site-packages/parallelbot_interfaces/__init__.py
[1.013s] -- Up-to-date: /home/noah/Documents/Grad/Coursework/RoboticsProject/ME439_term_project/ros2_ws/install/parallelbot_interfaces/lib/python3.12/site-packages/parallelbot_interfaces/_parallelbot_interfaces_s.ep.rosidl_typesupport_introspection_c.c
[1.014s] -- Up-to-date: /home/noah/Documents/Grad/Coursework/RoboticsProject/ME439_term_project/ros2_ws/install/parallelbot_interfaces/lib/python3.12/site-packages/parallelbot_interfaces/_parallelbot_interfaces_s.ep.rosidl_typesupport_c.c
[1.014s] -- Up-to-date: /home/noah/Documents/Grad/Coursework/RoboticsProject/ME439_term_project/ros2_ws/install/parallelbot_interfaces/lib/python3.12/site-packages/parallelbot_interfaces/parallelbot_interfaces_s__rosidl_typesupport_introspection_c.so
[1.014s] -- Up-to-date: /home/noah/Documents/Grad/Coursework/RoboticsProject/ME439_term_project/ros2_ws/install/parallelbot_interfaces/lib/python3.12/site-packages/parallelbot_interfaces/_parallelbot_interfaces_s.ep.rosidl_typesupport_fastrtps_c.c
[1.014s] -- Up-to-date: /home/noah/Documents/Grad/Coursework/RoboticsProject/ME439_term_project/ros2_ws/install/parallelbot_interfaces/lib/python3.12/site-packages/parallelbot_interfaces/parallelbot_interfaces_s__rosidl_typesupport_c.so
[1.043s] Listing '/home/noah/Documents/Grad/Coursework/RoboticsProject/ME439_term_project/ros2_ws/install/parallelbot_interfaces/lib/python3.12/site-packages/parallelbot_interfaces'...
[1.043s] Listing '/home/noah/Documents/Grad/Coursework/RoboticsProject/ME439_term_project/ros2_ws/install/parallelbot_interfaces/lib/python3.12/site-packages/parallelbot_interfaces/msg'...
[1.048s] -- Up-to-date: /home/noah/Documents/Grad/Coursework/RoboticsProject/ME439_term_project/ros2_ws/install/parallelbot_interfaces/lib/python3.12/site-packages/parallelbot_interfaces/parallelbot_interfaces_s__rosidl_typesupport_fastrtps_c.so
[1.048s] -- Up-to-date: /home/noah/Documents/Grad/Coursework/RoboticsProject/ME439_term_project/ros2_ws/install/parallelbot_interfaces/lib/python3.12/site-packages/parallelbot_interfaces/parallelbot_interfaces_s__rosidl_typesupport_introspection_c.so
[1.049s] -- Up-to-date: /home/noah/Documents/Grad/Coursework/RoboticsProject/ME439_term_project/ros2_ws/install/parallelbot_interfaces/lib/python3.12/site-packages/parallelbot_interfaces/parallelbot_interfaces_s__rosidl_typesupport_c.so
[1.049s] -- Up-to-date: /home/noah/Documents/Grad/Coursework/RoboticsProject/ME439_term_project/ros2_ws/install/parallelbot_interfaces/lib/libparallelbot_interfaces__rosidl_generator_py.so
[1.049s] -- Up-to-date: /home/noah/Documents/Grad/Coursework/RoboticsProject/ME439_term_project/ros2_ws/install/parallelbot_interfaces/share/parallelbot_interfaces/msg/PBJointAngles.idl
[1.049s] -- Up-to-date: /home/noah/Documents/Grad/Coursework/RoboticsProject/ME439_term_project/ros2_ws/install/parallelbot_interfaces/share/parallelbot_interfaces/msg/PBEndpoint.idl
[1.049s] -- Up-to-date: /home/noah/Documents/Grad/Coursework/RoboticsProject/ME439_term_project/ros2_ws/install/parallelbot_interfaces/share/parallelbot_interfaces/msg/PBJointCommand.idl
[1.049s] -- Up-to-date: /home/noah/Documents/Grad/Coursework/RoboticsProject/ME439_term_project/ros2_ws/install/parallelbot_interfaces/share/parallelbot_interfaces/msg/PBJointAngles.msg
[1.050s] -- Up-to-date: /home/noah/Documents/Grad/Coursework/RoboticsProject/ME439_term_project/ros2_ws/install/parallelbot_interfaces/share/parallelbot_interfaces/msg/PBEndpoint.msg
[1.050s] -- Up-to-date: /home/noah/Documents/Grad/Coursework/RoboticsProject/ME439_term_project/ros2_ws/install/parallelbot_interfaces/share/parallelbot_interfaces/msg/PBJointCommand.msg
[1.050s] -- Up-to-date: /home/noah/Documents/Grad/Coursework/RoboticsProject/ME439_term_project/ros2_ws/install/parallelbot_interfaces/share/ament_index/resource_index/package_run_dependencies/parallelbot_interfaces
[1.050s] -- Up-to-date: /home/noah/Documents/Grad/Coursework/RoboticsProject/ME439_term_project/ros2_ws/install/parallelbot_interfaces/share/ament_index/resource_index/parent_prefix_path/parallelbot_interfaces
[1.050s] -- Up-to-date: /home/noah/Documents/Grad/Coursework/RoboticsProject/ME439_term_project/ros2_ws/install/parallelbot_interfaces/share/parallelbot_interfaces/environment/ament_prefix_path.sh
[1.050s] -- Up-to-date: /home/noah/Documents/Grad/Coursework/RoboticsProject/ME439_term_project/ros2_ws/install/parallelbot_interfaces/share/parallelbot_interfaces/environment/ament_prefix_path.dsv
[1.050s] -- Up-to-date: /home/noah/Documents/Grad/Coursework/RoboticsProject/ME439_term_project/ros2_ws/install/parallelbot_interfaces/share/parallelbot_interfaces/environment/path.sh
[1.050s] -- Up-to-date: /home/noah/Documents/Grad/Coursework/RoboticsProject/ME439_term_project/ros2_ws/install/parallelbot_interfaces/share/parallelbot_interfaces/environment/path.dsv
[1.051s] -- Up-to-date: /home/noah/Documents/Grad/Coursework/RoboticsProject/ME439_term_project/ros2_ws/install/parallelbot_interfaces/share/parallelbot_interfaces/local_setup.bash
[1.051s] -- Up-to-date: /home/noah/Documents/Grad/Coursework/RoboticsProject/ME439_term_project/ros2_ws/install/parallelbot_interfaces/share/parallelbot_interfaces/local_setup.sh
[1.051s] -- Up-to-date: /home/noah/Documents/Grad/Coursework/RoboticsProject/ME439_term_project/ros2_ws/install/parallelbot_interfaces/share/parallelbot_interfaces/local_setup.zsh
[1.051s] -- Up-to-date: /home/noah/Documents/Grad/Coursework/RoboticsProject/ME439_term_project/ros2_ws/install/parallelbot_interfaces/share/parallelbot_interfaces/local_setup.dsv
[1.051s] -- Installing: /home/noah/Documents/Grad/Coursework/RoboticsProject/ME439_term_project/ros2_ws/install/parallelbot_interfaces/share/parallelbot_interfaces/package.dsv
[1.051s] -- Up-to-date: /home/noah/Documents/Grad/Coursework/RoboticsProject/ME439_term_project/ros2_ws/install/parallelbot_interfaces/share/ament_index/resource_index/packages/parallelbot_interfaces
[1.051s] -- Up-to-date: /home/noah/Documents/Grad/Coursework/RoboticsProject/ME439_term_project/ros2_ws/install/parallelbot_interfaces/share/parallelbot_interfaces/cmake/export_parallelbot_interfaces__rosidl_generator_cExport.cmake
[1.051s] -- Up-to-date: /home/noah/Documents/Grad/Coursework/RoboticsProject/ME439_term_project/ros2_ws/install/parallelbot_interfaces/share/parallelbot_interfaces/cmake/export_parallelbot_interfaces__rosidl_generator_cExport-noconfig.cmake
[1.051s] -- Up-to-date: /home/noah/Documents/Grad/Coursework/RoboticsProject/ME439_term_project/ros2_ws/install/parallelbot_interfaces/share/parallelbot_interfaces/cmake/export_parallelbot_interfaces__rosidl_typesupport_fastrtps_cExport.cmake
[1.052s] -- Up-to-date: /home/noah/Documents/Grad/Coursework/RoboticsProject/ME439_term_project/ros2_ws/install/parallelbot_interfaces/share/parallelbot_interfaces/cmake/export_parallelbot_interfaces__rosidl_typesupport_fastrtps_cExport-noconfig.cmake
[1.052s] -- Up-to-date: /home/noah/Documents/Grad/Coursework/RoboticsProject/ME439_term_project/ros2_ws/install/parallelbot_interfaces/share/parallelbot_interfaces/cmake/export_parallelbot_interfaces__rosidl_generator_cppExport.cmake
[1.052s] -- Up-to-date: /home/noah/Documents/Grad/Coursework/RoboticsProject/ME439_term_project/ros2_ws/install/parallelbot_interfaces/share/parallelbot_interfaces/cmake/export_parallelbot_interfaces__rosidl_typesupport_fastrtps_cppExport.cmake
[1.052s] -- Up-to-date: /home/noah/Documents/Grad/Coursework/RoboticsProject/ME439_term_project/ros2_ws/install/parallelbot_interfaces/share/parallelbot_interfaces/cmake/export_parallelbot_interfaces__rosidl_typesupport_fastrtps_cppExport-noconfig.cmake
[1.052s] -- Up-to-date: /home/noah/Documents/Grad/Coursework/RoboticsProject/ME439_term_project/ros2_ws/install/parallelbot_interfaces/share/parallelbot_interfaces/cmake/parallelbot_interfaces__rosidl_typesupport_introspection_cExport.cmake
[1.052s] -- Up-to-date: /home/noah/Documents/Grad/Coursework/RoboticsProject/ME439_term_project/ros2_ws/install/parallelbot_interfaces/share/parallelbot_interfaces/cmake/parallelbot_interfaces__rosidl_typesupport_introspection_cExport-noconfig.cmake
[1.052s] -- Up-to-date: /home/noah/Documents/Grad/Coursework/RoboticsProject/ME439_term_project/ros2_ws/install/parallelbot_interfaces/share/parallelbot_interfaces/cmake/parallelbot_interfaces__rosidl_typesupport_cExport.cmake
[1.053s] -- Up-to-date: /home/noah/Documents/Grad/Coursework/RoboticsProject/ME439_term_project/ros2_ws/install/parallelbot_interfaces/share/parallelbot_interfaces/cmake/parallelbot_interfaces__rosidl_typesupport_cExport-noconfig.cmake
[1.053s] -- Up-to-date: /home/noah/Documents/Grad/Coursework/RoboticsProject/ME439_term_project/ros2_ws/install/parallelbot_interfaces/share/parallelbot_interfaces/cmake/parallelbot_interfaces__rosidl_typesupport_introspection_cppExport.cmake
[1.053s] -- Up-to-date: /home/noah/Documents/Grad/Coursework/RoboticsProject/ME439_term_project/ros2_ws/install/parallelbot_interfaces/share/parallelbot_interfaces/cmake/parallelbot_interfaces__rosidl_typesupport_introspection_cppExport-noconfig.cmake
[1.053s] -- Up-to-date: /home/noah/Documents/Grad/Coursework/RoboticsProject/ME439_term_project/ros2_ws/install/parallelbot_interfaces/share/parallelbot_interfaces/cmake/parallelbot_interfaces__rosidl_typesupport_cppExport.cmake
[1.053s] -- Up-to-date: /home/noah/Documents/Grad/Coursework/RoboticsProject/ME439_term_project/ros2_ws/install/parallelbot_interfaces/share/parallelbot_interfaces/cmake/parallelbot_interfaces__rosidl_typesupport_cppExport-noconfig.cmake
[1.053s] -- Up-to-date: /home/noah/Documents/Grad/Coursework/RoboticsProject/ME439_term_project/ros2_ws/install/parallelbot_interfaces/share/parallelbot_interfaces/cmake/export_parallelbot_interfaces__rosidl_generator_pyExport.cmake
[1.053s] -- Up-to-date: /home/noah/Documents/Grad/Coursework/RoboticsProject/ME439_term_project/ros2_ws/install/parallelbot_interfaces/share/parallelbot_interfaces/cmake/export_parallelbot_interfaces__rosidl_generator_pyExport-noconfig.cmake
[1.053s] -- Up-to-date: /home/noah/Documents/Grad/Coursework/RoboticsProject/ME439_term_project/ros2_ws/install/parallelbot_interfaces/share/parallelbot_interfaces/cmake/rosidl_cmake-extras.cmake
[1.053s] -- Up-to-date: /home/noah/Documents/Grad/Coursework/RoboticsProject/ME439_term_project/ros2_ws/install/parallelbot_interfaces/share/parallelbot_interfaces/cmake/ament_cmake_export_dependencies-extras.cmake
[1.053s] -- Up-to-date: /home/noah/Documents/Grad/Coursework/RoboticsProject/ME439_term_project/ros2_ws/install/parallelbot_interfaces/share/parallelbot_interfaces/cmake/ament_cmake_export_include_directories-extras.cmake
[1.054s] -- Up-to-date: /home/noah/Documents/Grad/Coursework/RoboticsProject/ME439_term_project/ros2_ws/install/parallelbot_interfaces/share/parallelbot_interfaces/cmake/ament_cmake_export_libraries-extras.cmake
[1.054s] -- Up-to-date: /home/noah/Documents/Grad/Coursework/RoboticsProject/ME439_term_project/ros2_ws/install/parallelbot_interfaces/share/parallelbot_interfaces/cmake/ament_cmake_export_targets-extras.cmake
[1.054s] -- Up-to-date: /home/noah/Documents/Grad/Coursework/RoboticsProject/ME439_term_project/ros2_ws/install/parallelbot_interfaces/share/parallelbot_interfaces/cmake/rosidl_cmake_export_typesupport_targets-extras.cmake
[1.055s] -- Up-to-date: /home/noah/Documents/Grad/Coursework/RoboticsProject/ME439_term_project/ros2_ws/install/parallelbot_interfaces/share/parallelbot_interfaces/cmake/rosidl_cmake_export_typesupport_libraries-extras.cmake
[1.055s] -- Up-to-date: /home/noah/Documents/Grad/Coursework/RoboticsProject/ME439_term_project/ros2_ws/install/parallelbot_interfaces/share/parallelbot_interfaces/cmake/parallelbot_interfacesConfig.cmake
[1.055s] -- Up-to-date: /home/noah/Documents/Grad/Coursework/RoboticsProject/ME439_term_project/ros2_ws/install/parallelbot_interfaces/share/parallelbot_interfaces/cmake/parallelbot_interfacesConfig-version.cmake
[1.056s] -- Up-to-date: /home/noah/Documents/Grad/Coursework/RoboticsProject/ME439_term_project/ros2_ws/install/parallelbot_interfaces/share/parallelbot_interfaces/package.xml
[1.056s] Invoked command in '/home/noah/Documents/Grad/Coursework/RoboticsProject/ME439_term_project/ros2_ws/build/parallelbot_interfaces' returned '0': CMAKE_PREFIX_PATH=${CMAKE_PREFIX_PATH}:/home/noah/Documents/Grad/Coursework/RoboticsProject/ME439_term_project/ros2_ws/install/parallelbot:/opt/ros/jazzy /usr/bin/cmake --install /home/noah/Documents/Grad/Coursework/RoboticsProject/ME439_term_project/ros2_ws/build/parallelbot_interfaces
