running egg_info
creating ../../build/parallelbot/parallelbot.egg-info
writing ../../build/parallelbot/parallelbot.egg-info/PKG-INFO
writing dependency_links to ../../build/parallelbot/parallelbot.egg-info/dependency_links.txt
writing requirements to ../../build/parallelbot/parallelbot.egg-info/requires.txt
writing top-level names to ../../build/parallelbot/parallelbot.egg-info/top_level.txt
writing manifest file '../../build/parallelbot/parallelbot.egg-info/SOURCES.txt'
reading manifest file '../../build/parallelbot/parallelbot.egg-info/SOURCES.txt'
adding license file 'LICENSE'
writing manifest file '../../build/parallelbot/parallelbot.egg-info/SOURCES.txt'
running build
running build_py
creating /home/noah/parallel_ws/build/parallelbot/build
creating /home/noah/parallel_ws/build/parallelbot/build/lib
creating /home/noah/parallel_ws/build/parallelbot/build/lib/parallelbot
copying parallelbot/__init__.py -> /home/noah/parallel_ws/build/parallelbot/build/lib/parallelbot
running install
running install_lib
creating /home/noah/parallel_ws/install/parallelbot/lib/python3.12/site-packages/parallelbot
copying /home/noah/parallel_ws/build/parallelbot/build/lib/parallelbot/__init__.py -> /home/noah/parallel_ws/install/parallelbot/lib/python3.12/site-packages/parallelbot
byte-compiling /home/noah/parallel_ws/install/parallelbot/lib/python3.12/site-packages/parallelbot/__init__.py to __init__.cpython-312.pyc
running install_data
creating /home/noah/parallel_ws/install/parallelbot/share/ament_index
creating /home/noah/parallel_ws/install/parallelbot/share/ament_index/resource_index
creating /home/noah/parallel_ws/install/parallelbot/share/ament_index/resource_index/packages
copying resource/parallelbot -> /home/noah/parallel_ws/install/parallelbot/share/ament_index/resource_index/packages
copying package.xml -> /home/noah/parallel_ws/install/parallelbot/share/parallelbot
creating /home/noah/parallel_ws/install/parallelbot/share/parallelbot/launch
creating /home/noah/parallel_ws/install/parallelbot/share/parallelbot/urdf
creating /home/noah/parallel_ws/install/parallelbot/share/parallelbot/config
running install_egg_info
Copying ../../build/parallelbot/parallelbot.egg-info to /home/noah/parallel_ws/install/parallelbot/lib/python3.12/site-packages/parallelbot-0.0.0-py3.12.egg-info
running install_scripts
writing list of installed files to '/home/noah/parallel_ws/build/parallelbot/install.log'
