[1.677s] Invoking command in '/home/noah/parallel_ws/src/parallelbot': PYTHONPATH=/home/noah/parallel_ws/build/parallelbot/prefix_override:/usr/lib/python3/dist-packages/colcon_core/task/python/colcon_distutils_commands:/home/noah/parallel_ws/install/parallelbot/lib/python3.12/site-packages:${PYTHONPATH} /usr/bin/python3 -W ignore:setup.py install is deprecated setup.py egg_info --egg-base ../../build/parallelbot build --build-base /home/noah/parallel_ws/build/parallelbot/build install --record /home/noah/parallel_ws/build/parallelbot/install.log --single-version-externally-managed install_data
[2.097s] running egg_info
[2.097s] creating ../../build/parallelbot/parallelbot.egg-info
[2.129s] writing ../../build/parallelbot/parallelbot.egg-info/PKG-INFO
[2.130s] writing dependency_links to ../../build/parallelbot/parallelbot.egg-info/dependency_links.txt
[2.130s] writing requirements to ../../build/parallelbot/parallelbot.egg-info/requires.txt
[2.130s] writing top-level names to ../../build/parallelbot/parallelbot.egg-info/top_level.txt
[2.130s] writing manifest file '../../build/parallelbot/parallelbot.egg-info/SOURCES.txt'
[2.208s] reading manifest file '../../build/parallelbot/parallelbot.egg-info/SOURCES.txt'
[2.208s] adding license file 'LICENSE'
[2.209s] writing manifest file '../../build/parallelbot/parallelbot.egg-info/SOURCES.txt'
[2.209s] running build
[2.209s] running build_py
[2.209s] creating /home/noah/parallel_ws/build/parallelbot/build
[2.209s] creating /home/noah/parallel_ws/build/parallelbot/build/lib
[2.210s] creating /home/noah/parallel_ws/build/parallelbot/build/lib/parallelbot
[2.210s] copying parallelbot/__init__.py -> /home/noah/parallel_ws/build/parallelbot/build/lib/parallelbot
[2.210s] running install
[2.221s] running install_lib
[2.274s] creating /home/noah/parallel_ws/install/parallelbot/lib/python3.12/site-packages/parallelbot
[2.275s] copying /home/noah/parallel_ws/build/parallelbot/build/lib/parallelbot/__init__.py -> /home/noah/parallel_ws/install/parallelbot/lib/python3.12/site-packages/parallelbot
[2.276s] byte-compiling /home/noah/parallel_ws/install/parallelbot/lib/python3.12/site-packages/parallelbot/__init__.py to __init__.cpython-312.pyc
[2.276s] running install_data
[2.277s] creating /home/noah/parallel_ws/install/parallelbot/share/ament_index
[2.277s] creating /home/noah/parallel_ws/install/parallelbot/share/ament_index/resource_index
[2.277s] creating /home/noah/parallel_ws/install/parallelbot/share/ament_index/resource_index/packages
[2.277s] copying resource/parallelbot -> /home/noah/parallel_ws/install/parallelbot/share/ament_index/resource_index/packages
[2.278s] copying package.xml -> /home/noah/parallel_ws/install/parallelbot/share/parallelbot
[2.278s] creating /home/noah/parallel_ws/install/parallelbot/share/parallelbot/launch
[2.278s] creating /home/noah/parallel_ws/install/parallelbot/share/parallelbot/urdf
[2.278s] creating /home/noah/parallel_ws/install/parallelbot/share/parallelbot/config
[2.278s] running install_egg_info
[2.339s] Copying ../../build/parallelbot/parallelbot.egg-info to /home/noah/parallel_ws/install/parallelbot/lib/python3.12/site-packages/parallelbot-0.0.0-py3.12.egg-info
[2.342s] running install_scripts
[2.641s] writing list of installed files to '/home/noah/parallel_ws/build/parallelbot/install.log'
[2.727s] Invoked command in '/home/noah/parallel_ws/src/parallelbot' returned '0': PYTHONPATH=/home/noah/parallel_ws/build/parallelbot/prefix_override:/usr/lib/python3/dist-packages/colcon_core/task/python/colcon_distutils_commands:/home/noah/parallel_ws/install/parallelbot/lib/python3.12/site-packages:${PYTHONPATH} /usr/bin/python3 -W ignore:setup.py install is deprecated setup.py egg_info --egg-base ../../build/parallelbot build --build-base /home/noah/parallel_ws/build/parallelbot/build install --record /home/noah/parallel_ws/build/parallelbot/install.log --single-version-externally-managed install_data
