[0.025s] Invoking command in '/home/noah/Documents/Grad/Coursework/RoboticsProject/ME439_term_project/ros2_ws/build/parallelbot_interfaces': CMAKE_PREFIX_PATH=${CMAKE_PREFIX_PATH}:/home/noah/Documents/Grad/Coursework/RoboticsProject/ME439_term_project/ros2_ws/install/parallelbot:/opt/ros/jazzy /usr/bin/cmake --build /home/noah/Documents/Grad/Coursework/RoboticsProject/ME439_term_project/ros2_ws/build/parallelbot_interfaces -- -j8 -l8
[0.097s] [  1%] Built target parallelbot_interfaces__rosidl_generator_type_description
[0.110s] [  1%] Built target ament_cmake_python_copy_parallelbot_interfaces
[0.125s] [  3%] Built target parallelbot_interfaces__cpp
[0.128s] [ 24%] Built target parallelbot_interfaces__rosidl_generator_c
[0.168s] [ 33%] Built target parallelbot_interfaces__rosidl_typesupport_cpp
[0.168s] [ 53%] Built target parallelbot_interfaces__rosidl_typesupport_c
[0.168s] [ 55%] Built target parallelbot_interfaces__rosidl_typesupport_fastrtps_cpp
[0.168s] [ 61%] Built target parallelbot_interfaces__rosidl_typesupport_introspection_c
[0.169s] [ 79%] Built target parallelbot_interfaces__rosidl_typesupport_fastrtps_c
[0.169s] [ 79%] Built target parallelbot_interfaces__rosidl_typesupport_introspection_cpp
[0.191s] [ 79%] Built target parallelbot_interfaces
[0.219s] [ 81%] Built target parallelbot_interfaces__py
[0.244s] [ 88%] Built target parallelbot_interfaces__rosidl_generator_py
[0.271s] [ 92%] Built target parallelbot_interfaces_s__rosidl_typesupport_introspection_c
[0.273s] [100%] Built target parallelbot_interfaces_s__rosidl_typesupport_c
[0.273s] [100%] Built target parallelbot_interfaces_s__rosidl_typesupport_fastrtps_c
[0.468s] running egg_info
[0.480s] writing parallelbot_interfaces.egg-info/PKG-INFO
[0.480s] writing dependency_links to parallelbot_interfaces.egg-info/dependency_links.txt
[0.480s] writing top-level names to parallelbot_interfaces.egg-info/top_level.txt
[0.644s] reading manifest file 'parallelbot_interfaces.egg-info/SOURCES.txt'
[0.645s] writing manifest file 'parallelbot_interfaces.egg-info/SOURCES.txt'
[0.766s] [100%] Built target ament_cmake_python_build_parallelbot_interfaces_egg
[0.784s] Invoked command in '/home/noah/Documents/Grad/Coursework/RoboticsProject/ME439_term_project/ros2_ws/build/parallelbot_interfaces' returned '0': CMAKE_PREFIX_PATH=${CMAKE_PREFIX_PATH}:/home/noah/Documents/Grad/Coursework/RoboticsProject/ME439_term_project/ros2_ws/install/parallelbot:/opt/ros/jazzy /usr/bin/cmake --build /home/noah/Documents/Grad/Coursework/RoboticsProject/ME439_term_project/ros2_ws/build/parallelbot_interfaces -- -j8 -l8
[0.892s] Invoking command in '/home/noah/Documents/Grad/Coursework/RoboticsProject/ME439_term_project/ros2_ws/build/parallelbot_interfaces': CMAKE_PREFIX_PATH=${CMAKE_PREFIX_PATH}:/home/noah/Documents/Grad/Coursework/RoboticsProject/ME439_term_project/ros2_ws/install/parallelbot:/opt/ros/jazzy /usr/bin/cmake --install /home/noah/Documents/Grad/Coursework/RoboticsProject/ME439_term_project/ros2_ws/build/parallelbot_interfaces
[0.900s] -- Install configuration: ""
[0.901s] -- Up-to-date: /home/noah/Documents/Grad/Coursework/RoboticsProject/ME439_term_project/ros2_ws/install/parallelbot_interfaces/share/ament_index/resource_index/rosidl_interfaces/parallelbot_interfaces
[0.901s] -- Up-to-date: /home/noah/Documents/Grad/Coursework/RoboticsProject/ME439_term_project/ros2_ws/install/parallelbot_interfaces/share/parallelbot_interfaces/msg/PBJointAngles.json
[0.901s] -- Up-to-date: /home/noah/Documents/Grad/Coursework/RoboticsProject/ME439_term_project/ros2_ws/install/parallelbot_interfaces/share/parallelbot_interfaces/msg/PBEndpoint.json
[0.901s] -- Up-to-date: /home/noah/Documents/Grad/Coursework/RoboticsProject/ME439_term_project/ros2_ws/install/parallelbot_interfaces/share/parallelbot_interfaces/msg/PBJointCommand.json
[0.902s] -- Up-to-date: /home/noah/Documents/Grad/Coursework/RoboticsProject/ME439_term_project/ros2_ws/install/parallelbot_interfaces/include/parallelbot_interfaces/parallelbot_interfaces
[0.902s] -- Up-to-date: /home/noah/Documents/Grad/Coursework/RoboticsProject/ME439_term_project/ros2_ws/install/parallelbot_interfaces/include/parallelbot_interfaces/parallelbot_interfaces/msg
[0.902s] -- Up-to-date: /home/noah/Documents/Grad/Coursework/RoboticsProject/ME439_term_project/ros2_ws/install/parallelbot_interfaces/include/parallelbot_interfaces/parallelbot_interfaces/msg/pb_joint_command.h
[0.902s] -- Up-to-date: /home/noah/Documents/Grad/Coursework/RoboticsProject/ME439_term_project/ros2_ws/install/parallelbot_interfaces/include/parallelbot_interfaces/parallelbot_interfaces/msg/detail
[0.902s] -- Up-to-date: /home/noah/Documents/Grad/Coursework/RoboticsProject/ME439_term_project/ros2_ws/install/parallelbot_interfaces/include/parallelbot_interfaces/parallelbot_interfaces/msg/detail/pb_endpoint__functions.c
[0.903s] -- Up-to-date: /home/noah/Documents/Grad/Coursework/RoboticsProject/ME439_term_project/ros2_ws/install/parallelbot_interfaces/include/parallelbot_interfaces/parallelbot_interfaces/msg/detail/pb_joint_command__struct.h
[0.903s] -- Up-to-date: /home/noah/Documents/Grad/Coursework/RoboticsProject/ME439_term_project/ros2_ws/install/parallelbot_interfaces/include/parallelbot_interfaces/parallelbot_interfaces/msg/detail/pb_endpoint__struct.h
[0.903s] -- Up-to-date: /home/noah/Documents/Grad/Coursework/RoboticsProject/ME439_term_project/ros2_ws/install/parallelbot_interfaces/include/parallelbot_interfaces/parallelbot_interfaces/msg/detail/pb_endpoint__type_support.c
[0.903s] -- Up-to-date: /home/noah/Documents/Grad/Coursework/RoboticsProject/ME439_term_project/ros2_ws/install/parallelbot_interfaces/include/parallelbot_interfaces/parallelbot_interfaces/msg/detail/pb_joint_command__type_support.c
[0.903s] -- Up-to-date: /home/noah/Documents/Grad/Coursework/RoboticsProject/ME439_term_project/ros2_ws/install/parallelbot_interfaces/include/parallelbot_interfaces/parallelbot_interfaces/msg/detail/pb_joint_command__type_support.h
[0.904s] -- Up-to-date: /home/noah/Documents/Grad/Coursework/RoboticsProject/ME439_term_project/ros2_ws/install/parallelbot_interfaces/include/parallelbot_interfaces/parallelbot_interfaces/msg/detail/pb_joint_command__functions.c
[0.904s] -- Up-to-date: /home/noah/Documents/Grad/Coursework/RoboticsProject/ME439_term_project/ros2_ws/install/parallelbot_interfaces/include/parallelbot_interfaces/parallelbot_interfaces/msg/detail/pb_endpoint__description.c
[0.904s] -- Up-to-date: /home/noah/Documents/Grad/Coursework/RoboticsProject/ME439_term_project/ros2_ws/install/parallelbot_interfaces/include/parallelbot_interfaces/parallelbot_interfaces/msg/detail/pb_endpoint__type_support.h
[0.904s] -- Up-to-date: /home/noah/Documents/Grad/Coursework/RoboticsProject/ME439_term_project/ros2_ws/install/parallelbot_interfaces/include/parallelbot_interfaces/parallelbot_interfaces/msg/detail/pb_joint_angles__description.c
[0.904s] -- Up-to-date: /home/noah/Documents/Grad/Coursework/RoboticsProject/ME439_term_project/ros2_ws/install/parallelbot_interfaces/include/parallelbot_interfaces/parallelbot_interfaces/msg/detail/pb_endpoint__functions.h
[0.905s] -- Up-to-date: /home/noah/Documents/Grad/Coursework/RoboticsProject/ME439_term_project/ros2_ws/install/parallelbot_interfaces/include/parallelbot_interfaces/parallelbot_interfaces/msg/detail/pb_joint_command__functions.h
[0.905s] -- Up-to-date: /home/noah/Documents/Grad/Coursework/RoboticsProject/ME439_term_project/ros2_ws/install/parallelbot_interfaces/include/parallelbot_interfaces/parallelbot_interfaces/msg/detail/pb_joint_command__description.c
[0.905s] -- Up-to-date: /home/noah/Documents/Grad/Coursework/RoboticsProject/ME439_term_project/ros2_ws/install/parallelbot_interfaces/include/parallelbot_interfaces/parallelbot_interfaces/msg/detail/pb_joint_angles__functions.c
[0.905s] -- Up-to-date: /home/noah/Documents/Grad/Coursework/RoboticsProject/ME439_term_project/ros2_ws/install/parallelbot_interfaces/include/parallelbot_interfaces/parallelbot_interfaces/msg/detail/pb_joint_angles__functions.h
[0.906s] -- Up-to-date: /home/noah/Documents/Grad/Coursework/RoboticsProject/ME439_term_project/ros2_ws/install/parallelbot_interfaces/include/parallelbot_interfaces/parallelbot_interfaces/msg/detail/pb_joint_angles__struct.h
[0.906s] -- Up-to-date: /home/noah/Documents/Grad/Coursework/RoboticsProject/ME439_term_project/ros2_ws/install/parallelbot_interfaces/include/parallelbot_interfaces/parallelbot_interfaces/msg/detail/pb_joint_angles__type_support.c
[0.906s] -- Up-to-date: /home/noah/Documents/Grad/Coursework/RoboticsProject/ME439_term_project/ros2_ws/install/parallelbot_interfaces/include/parallelbot_interfaces/parallelbot_interfaces/msg/detail/pb_joint_angles__type_support.h
[0.906s] -- Up-to-date: /home/noah/Documents/Grad/Coursework/RoboticsProject/ME439_term_project/ros2_ws/install/parallelbot_interfaces/include/parallelbot_interfaces/parallelbot_interfaces/msg/rosidl_generator_c__visibility_control.h
[0.906s] -- Up-to-date: /home/noah/Documents/Grad/Coursework/RoboticsProject/ME439_term_project/ros2_ws/install/parallelbot_interfaces/include/parallelbot_interfaces/parallelbot_interfaces/msg/pb_endpoint.h
[0.906s] -- Up-to-date: /home/noah/Documents/Grad/Coursework/RoboticsProject/ME439_term_project/ros2_ws/install/parallelbot_interfaces/include/parallelbot_interfaces/parallelbot_interfaces/msg/pb_joint_angles.h
[0.907s] -- Up-to-date: /home/noah/Documents/Grad/Coursework/RoboticsProject/ME439_term_project/ros2_ws/install/parallelbot_interfaces/share/parallelbot_interfaces/environment/library_path.sh
[0.907s] -- Up-to-date: /home/noah/Documents/Grad/Coursework/RoboticsProject/ME439_term_project/ros2_ws/install/parallelbot_interfaces/share/parallelbot_interfaces/environment/library_path.dsv
[0.907s] -- Up-to-date: /home/noah/Documents/Grad/Coursework/RoboticsProject/ME439_term_project/ros2_ws/install/parallelbot_interfaces/lib/libparallelbot_interfaces__rosidl_generator_c.so
[0.907s] -- Up-to-date: /home/noah/Documents/Grad/Coursework/RoboticsProject/ME439_term_project/ros2_ws/install/parallelbot_interfaces/include/parallelbot_interfaces/parallelbot_interfaces
[0.907s] -- Up-to-date: /home/noah/Documents/Grad/Coursework/RoboticsProject/ME439_term_project/ros2_ws/install/parallelbot_interfaces/include/parallelbot_interfaces/parallelbot_interfaces/msg
[0.908s] -- Up-to-date: /home/noah/Documents/Grad/Coursework/RoboticsProject/ME439_term_project/ros2_ws/install/parallelbot_interfaces/include/parallelbot_interfaces/parallelbot_interfaces/msg/rosidl_typesupport_fastrtps_c__visibility_control.h
[0.908s] -- Up-to-date: /home/noah/Documents/Grad/Coursework/RoboticsProject/ME439_term_project/ros2_ws/install/parallelbot_interfaces/include/parallelbot_interfaces/parallelbot_interfaces/msg/detail
[0.908s] -- Up-to-date: /home/noah/Documents/Grad/Coursework/RoboticsProject/ME439_term_project/ros2_ws/install/parallelbot_interfaces/include/parallelbot_interfaces/parallelbot_interfaces/msg/detail/pb_joint_angles__rosidl_typesupport_fastrtps_c.h
[0.908s] -- Up-to-date: /home/noah/Documents/Grad/Coursework/RoboticsProject/ME439_term_project/ros2_ws/install/parallelbot_interfaces/include/parallelbot_interfaces/parallelbot_interfaces/msg/detail/pb_joint_command__rosidl_typesupport_fastrtps_c.h
[0.908s] -- Up-to-date: /home/noah/Documents/Grad/Coursework/RoboticsProject/ME439_term_project/ros2_ws/install/parallelbot_interfaces/include/parallelbot_interfaces/parallelbot_interfaces/msg/detail/pb_endpoint__rosidl_typesupport_fastrtps_c.h
[0.909s] -- Up-to-date: /home/noah/Documents/Grad/Coursework/RoboticsProject/ME439_term_project/ros2_ws/install/parallelbot_interfaces/lib/libparallelbot_interfaces__rosidl_typesupport_fastrtps_c.so
[0.909s] -- Up-to-date: /home/noah/Documents/Grad/Coursework/RoboticsProject/ME439_term_project/ros2_ws/install/parallelbot_interfaces/include/parallelbot_interfaces/parallelbot_interfaces
[0.909s] -- Up-to-date: /home/noah/Documents/Grad/Coursework/RoboticsProject/ME439_term_project/ros2_ws/install/parallelbot_interfaces/include/parallelbot_interfaces/parallelbot_interfaces/msg
[0.909s] -- Up-to-date: /home/noah/Documents/Grad/Coursework/RoboticsProject/ME439_term_project/ros2_ws/install/parallelbot_interfaces/include/parallelbot_interfaces/parallelbot_interfaces/msg/pb_joint_angles.hpp
[0.909s] -- Up-to-date: /home/noah/Documents/Grad/Coursework/RoboticsProject/ME439_term_project/ros2_ws/install/parallelbot_interfaces/include/parallelbot_interfaces/parallelbot_interfaces/msg/detail
[0.910s] -- Up-to-date: /home/noah/Documents/Grad/Coursework/RoboticsProject/ME439_term_project/ros2_ws/install/parallelbot_interfaces/include/parallelbot_interfaces/parallelbot_interfaces/msg/detail/pb_joint_angles__traits.hpp
[0.910s] -- Up-to-date: /home/noah/Documents/Grad/Coursework/RoboticsProject/ME439_term_project/ros2_ws/install/parallelbot_interfaces/include/parallelbot_interfaces/parallelbot_interfaces/msg/detail/pb_endpoint__builder.hpp
[0.910s] -- Up-to-date: /home/noah/Documents/Grad/Coursework/RoboticsProject/ME439_term_project/ros2_ws/install/parallelbot_interfaces/include/parallelbot_interfaces/parallelbot_interfaces/msg/detail/pb_endpoint__type_support.hpp
[0.910s] -- Up-to-date: /home/noah/Documents/Grad/Coursework/RoboticsProject/ME439_term_project/ros2_ws/install/parallelbot_interfaces/include/parallelbot_interfaces/parallelbot_interfaces/msg/detail/pb_joint_command__traits.hpp
[0.910s] -- Up-to-date: /home/noah/Documents/Grad/Coursework/RoboticsProject/ME439_term_project/ros2_ws/install/parallelbot_interfaces/include/parallelbot_interfaces/parallelbot_interfaces/msg/detail/pb_joint_command__type_support.hpp
[0.910s] -- Up-to-date: /home/noah/Documents/Grad/Coursework/RoboticsProject/ME439_term_project/ros2_ws/install/parallelbot_interfaces/include/parallelbot_interfaces/parallelbot_interfaces/msg/detail/pb_endpoint__struct.hpp
[0.911s] -- Up-to-date: /home/noah/Documents/Grad/Coursework/RoboticsProject/ME439_term_project/ros2_ws/install/parallelbot_interfaces/include/parallelbot_interfaces/parallelbot_interfaces/msg/detail/pb_joint_angles__type_support.hpp
[0.911s] -- Up-to-date: /home/noah/Documents/Grad/Coursework/RoboticsProject/ME439_term_project/ros2_ws/install/parallelbot_interfaces/include/parallelbot_interfaces/parallelbot_interfaces/msg/detail/pb_joint_angles__builder.hpp
[0.911s] -- Up-to-date: /home/noah/Documents/Grad/Coursework/RoboticsProject/ME439_term_project/ros2_ws/install/parallelbot_interfaces/include/parallelbot_interfaces/parallelbot_interfaces/msg/detail/pb_endpoint__traits.hpp
[0.911s] -- Up-to-date: /home/noah/Documents/Grad/Coursework/RoboticsProject/ME439_term_project/ros2_ws/install/parallelbot_interfaces/include/parallelbot_interfaces/parallelbot_interfaces/msg/detail/pb_joint_angles__struct.hpp
[0.912s] -- Up-to-date: /home/noah/Documents/Grad/Coursework/RoboticsProject/ME439_term_project/ros2_ws/install/parallelbot_interfaces/include/parallelbot_interfaces/parallelbot_interfaces/msg/detail/pb_joint_command__builder.hpp
[0.912s] -- Up-to-date: /home/noah/Documents/Grad/Coursework/RoboticsProject/ME439_term_project/ros2_ws/install/parallelbot_interfaces/include/parallelbot_interfaces/parallelbot_interfaces/msg/detail/pb_joint_command__struct.hpp
[0.912s] -- Up-to-date: /home/noah/Documents/Grad/Coursework/RoboticsProject/ME439_term_project/ros2_ws/install/parallelbot_interfaces/include/parallelbot_interfaces/parallelbot_interfaces/msg/pb_endpoint.hpp
[0.912s] -- Up-to-date: /home/noah/Documents/Grad/Coursework/RoboticsProject/ME439_term_project/ros2_ws/install/parallelbot_interfaces/include/parallelbot_interfaces/parallelbot_interfaces/msg/rosidl_generator_cpp__visibility_control.hpp
[0.912s] -- Up-to-date: /home/noah/Documents/Grad/Coursework/RoboticsProject/ME439_term_project/ros2_ws/install/parallelbot_interfaces/include/parallelbot_interfaces/parallelbot_interfaces/msg/pb_joint_command.hpp
[0.913s] -- Up-to-date: /home/noah/Documents/Grad/Coursework/RoboticsProject/ME439_term_project/ros2_ws/install/parallelbot_interfaces/include/parallelbot_interfaces/parallelbot_interfaces
[0.913s] -- Up-to-date: /home/noah/Documents/Grad/Coursework/RoboticsProject/ME439_term_project/ros2_ws/install/parallelbot_interfaces/include/parallelbot_interfaces/parallelbot_interfaces/msg
[0.913s] -- Up-to-date: /home/noah/Documents/Grad/Coursework/RoboticsProject/ME439_term_project/ros2_ws/install/parallelbot_interfaces/include/parallelbot_interfaces/parallelbot_interfaces/msg/detail
[0.913s] -- Up-to-date: /home/noah/Documents/Grad/Coursework/RoboticsProject/ME439_term_project/ros2_ws/install/parallelbot_interfaces/include/parallelbot_interfaces/parallelbot_interfaces/msg/detail/pb_endpoint__rosidl_typesupport_fastrtps_cpp.hpp
[0.913s] -- Up-to-date: /home/noah/Documents/Grad/Coursework/RoboticsProject/ME439_term_project/ros2_ws/install/parallelbot_interfaces/include/parallelbot_interfaces/parallelbot_interfaces/msg/detail/pb_joint_angles__rosidl_typesupport_fastrtps_cpp.hpp
[0.913s] -- Up-to-date: /home/noah/Documents/Grad/Coursework/RoboticsProject/ME439_term_project/ros2_ws/install/parallelbot_interfaces/include/parallelbot_interfaces/parallelbot_interfaces/msg/detail/dds_fastrtps
[0.914s] -- Up-to-date: /home/noah/Documents/Grad/Coursework/RoboticsProject/ME439_term_project/ros2_ws/install/parallelbot_interfaces/include/parallelbot_interfaces/parallelbot_interfaces/msg/detail/pb_joint_command__rosidl_typesupport_fastrtps_cpp.hpp
[0.914s] -- Up-to-date: /home/noah/Documents/Grad/Coursework/RoboticsProject/ME439_term_project/ros2_ws/install/parallelbot_interfaces/include/parallelbot_interfaces/parallelbot_interfaces/msg/rosidl_typesupport_fastrtps_cpp__visibility_control.h
[0.914s] -- Up-to-date: /home/noah/Documents/Grad/Coursework/RoboticsProject/ME439_term_project/ros2_ws/install/parallelbot_interfaces/lib/libparallelbot_interfaces__rosidl_typesupport_fastrtps_cpp.so
[0.914s] -- Up-to-date: /home/noah/Documents/Grad/Coursework/RoboticsProject/ME439_term_project/ros2_ws/install/parallelbot_interfaces/include/parallelbot_interfaces/parallelbot_interfaces
[0.914s] -- Up-to-date: /home/noah/Documents/Grad/Coursework/RoboticsProject/ME439_term_project/ros2_ws/install/parallelbot_interfaces/include/parallelbot_interfaces/parallelbot_interfaces/msg
[0.914s] -- Up-to-date: /home/noah/Documents/Grad/Coursework/RoboticsProject/ME439_term_project/ros2_ws/install/parallelbot_interfaces/include/parallelbot_interfaces/parallelbot_interfaces/msg/detail
[0.914s] -- Up-to-date: /home/noah/Documents/Grad/Coursework/RoboticsProject/ME439_term_project/ros2_ws/install/parallelbot_interfaces/include/parallelbot_interfaces/parallelbot_interfaces/msg/detail/pb_endpoint__type_support.c
[0.914s] -- Up-to-date: /home/noah/Documents/Grad/Coursework/RoboticsProject/ME439_term_project/ros2_ws/install/parallelbot_interfaces/include/parallelbot_interfaces/parallelbot_interfaces/msg/detail/pb_joint_command__type_support.c
[0.915s] -- Up-to-date: /home/noah/Documents/Grad/Coursework/RoboticsProject/ME439_term_project/ros2_ws/install/parallelbot_interfaces/include/parallelbot_interfaces/parallelbot_interfaces/msg/detail/pb_endpoint__rosidl_typesupport_introspection_c.h
[0.915s] -- Up-to-date: /home/noah/Documents/Grad/Coursework/RoboticsProject/ME439_term_project/ros2_ws/install/parallelbot_interfaces/include/parallelbot_interfaces/parallelbot_interfaces/msg/detail/pb_joint_angles__rosidl_typesupport_introspection_c.h
[0.915s] -- Up-to-date: /home/noah/Documents/Grad/Coursework/RoboticsProject/ME439_term_project/ros2_ws/install/parallelbot_interfaces/include/parallelbot_interfaces/parallelbot_interfaces/msg/detail/pb_joint_angles__type_support.c
[0.915s] -- Up-to-date: /home/noah/Documents/Grad/Coursework/RoboticsProject/ME439_term_project/ros2_ws/install/parallelbot_interfaces/include/parallelbot_interfaces/parallelbot_interfaces/msg/detail/pb_joint_command__rosidl_typesupport_introspection_c.h
[0.915s] -- Up-to-date: /home/noah/Documents/Grad/Coursework/RoboticsProject/ME439_term_project/ros2_ws/install/parallelbot_interfaces/include/parallelbot_interfaces/parallelbot_interfaces/msg/rosidl_typesupport_introspection_c__visibility_control.h
[0.915s] -- Up-to-date: /home/noah/Documents/Grad/Coursework/RoboticsProject/ME439_term_project/ros2_ws/install/parallelbot_interfaces/lib/libparallelbot_interfaces__rosidl_typesupport_introspection_c.so
[0.915s] -- Up-to-date: /home/noah/Documents/Grad/Coursework/RoboticsProject/ME439_term_project/ros2_ws/install/parallelbot_interfaces/lib/libparallelbot_interfaces__rosidl_typesupport_c.so
[0.915s] -- Up-to-date: /home/noah/Documents/Grad/Coursework/RoboticsProject/ME439_term_project/ros2_ws/install/parallelbot_interfaces/include/parallelbot_interfaces/parallelbot_interfaces
[0.916s] -- Up-to-date: /home/noah/Documents/Grad/Coursework/RoboticsProject/ME439_term_project/ros2_ws/install/parallelbot_interfaces/include/parallelbot_interfaces/parallelbot_interfaces/msg
[0.916s] -- Up-to-date: /home/noah/Documents/Grad/Coursework/RoboticsProject/ME439_term_project/ros2_ws/install/parallelbot_interfaces/include/parallelbot_interfaces/parallelbot_interfaces/msg/detail
[0.916s] -- Up-to-date: /home/noah/Documents/Grad/Coursework/RoboticsProject/ME439_term_project/ros2_ws/install/parallelbot_interfaces/include/parallelbot_interfaces/parallelbot_interfaces/msg/detail/pb_joint_command__rosidl_typesupport_introspection_cpp.hpp
[0.916s] -- Up-to-date: /home/noah/Documents/Grad/Coursework/RoboticsProject/ME439_term_project/ros2_ws/install/parallelbot_interfaces/include/parallelbot_interfaces/parallelbot_interfaces/msg/detail/pb_joint_command__type_support.cpp
[0.916s] -- Up-to-date: /home/noah/Documents/Grad/Coursework/RoboticsProject/ME439_term_project/ros2_ws/install/parallelbot_interfaces/include/parallelbot_interfaces/parallelbot_interfaces/msg/detail/pb_joint_angles__rosidl_typesupport_introspection_cpp.hpp
[0.916s] -- Up-to-date: /home/noah/Documents/Grad/Coursework/RoboticsProject/ME439_term_project/ros2_ws/install/parallelbot_interfaces/include/parallelbot_interfaces/parallelbot_interfaces/msg/detail/pb_endpoint__type_support.cpp
[0.916s] -- Up-to-date: /home/noah/Documents/Grad/Coursework/RoboticsProject/ME439_term_project/ros2_ws/install/parallelbot_interfaces/include/parallelbot_interfaces/parallelbot_interfaces/msg/detail/pb_joint_angles__type_support.cpp
[0.916s] -- Up-to-date: /home/noah/Documents/Grad/Coursework/RoboticsProject/ME439_term_project/ros2_ws/install/parallelbot_interfaces/include/parallelbot_interfaces/parallelbot_interfaces/msg/detail/pb_endpoint__rosidl_typesupport_introspection_cpp.hpp
[0.917s] -- Up-to-date: /home/noah/Documents/Grad/Coursework/RoboticsProject/ME439_term_project/ros2_ws/install/parallelbot_interfaces/lib/libparallelbot_interfaces__rosidl_typesupport_introspection_cpp.so
[0.917s] -- Up-to-date: /home/noah/Documents/Grad/Coursework/RoboticsProject/ME439_term_project/ros2_ws/install/parallelbot_interfaces/lib/libparallelbot_interfaces__rosidl_typesupport_cpp.so
[0.917s] -- Up-to-date: /home/noah/Documents/Grad/Coursework/RoboticsProject/ME439_term_project/ros2_ws/install/parallelbot_interfaces/share/parallelbot_interfaces/environment/pythonpath.sh
[0.917s] -- Up-to-date: /home/noah/Documents/Grad/Coursework/RoboticsProject/ME439_term_project/ros2_ws/install/parallelbot_interfaces/share/parallelbot_interfaces/environment/pythonpath.dsv
[0.917s] -- Up-to-date: /home/noah/Documents/Grad/Coursework/RoboticsProject/ME439_term_project/ros2_ws/install/parallelbot_interfaces/lib/python3.12/site-packages/parallelbot_interfaces-0.0.0-py3.12.egg-info
[0.917s] -- Installing: /home/noah/Documents/Grad/Coursework/RoboticsProject/ME439_term_project/ros2_ws/install/parallelbot_interfaces/lib/python3.12/site-packages/parallelbot_interfaces-0.0.0-py3.12.egg-info/SOURCES.txt
[0.917s] -- Installing: /home/noah/Documents/Grad/Coursework/RoboticsProject/ME439_term_project/ros2_ws/install/parallelbot_interfaces/lib/python3.12/site-packages/parallelbot_interfaces-0.0.0-py3.12.egg-info/dependency_links.txt
[0.917s] -- Installing: /home/noah/Documents/Grad/Coursework/RoboticsProject/ME439_term_project/ros2_ws/install/parallelbot_interfaces/lib/python3.12/site-packages/parallelbot_interfaces-0.0.0-py3.12.egg-info/PKG-INFO
[0.918s] -- Installing: /home/noah/Documents/Grad/Coursework/RoboticsProject/ME439_term_project/ros2_ws/install/parallelbot_interfaces/lib/python3.12/site-packages/parallelbot_interfaces-0.0.0-py3.12.egg-info/top_level.txt
[0.918s] -- Up-to-date: /home/noah/Documents/Grad/Coursework/RoboticsProject/ME439_term_project/ros2_ws/install/parallelbot_interfaces/lib/python3.12/site-packages/parallelbot_interfaces
[0.918s] -- Up-to-date: /home/noah/Documents/Grad/Coursework/RoboticsProject/ME439_term_project/ros2_ws/install/parallelbot_interfaces/lib/python3.12/site-packages/parallelbot_interfaces/msg
[0.918s] -- Up-to-date: /home/noah/Documents/Grad/Coursework/RoboticsProject/ME439_term_project/ros2_ws/install/parallelbot_interfaces/lib/python3.12/site-packages/parallelbot_interfaces/msg/_pb_joint_angles.py
[0.918s] -- Up-to-date: /home/noah/Documents/Grad/Coursework/RoboticsProject/ME439_term_project/ros2_ws/install/parallelbot_interfaces/lib/python3.12/site-packages/parallelbot_interfaces/msg/_pb_endpoint.py
[0.918s] -- Up-to-date: /home/noah/Documents/Grad/Coursework/RoboticsProject/ME439_term_project/ros2_ws/install/parallelbot_interfaces/lib/python3.12/site-packages/parallelbot_interfaces/msg/_pb_joint_command.py
[0.918s] -- Up-to-date: /home/noah/Documents/Grad/Coursework/RoboticsProject/ME439_term_project/ros2_ws/install/parallelbot_interfaces/lib/python3.12/site-packages/parallelbot_interfaces/msg/__init__.py
[0.919s] -- Up-to-date: /home/noah/Documents/Grad/Coursework/RoboticsProject/ME439_term_project/ros2_ws/install/parallelbot_interfaces/lib/python3.12/site-packages/parallelbot_interfaces/msg/_pb_endpoint_s.c
[0.919s] -- Up-to-date: /home/noah/Documents/Grad/Coursework/RoboticsProject/ME439_term_project/ros2_ws/install/parallelbot_interfaces/lib/python3.12/site-packages/parallelbot_interfaces/msg/_pb_joint_angles_s.c
[0.919s] -- Up-to-date: /home/noah/Documents/Grad/Coursework/RoboticsProject/ME439_term_project/ros2_ws/install/parallelbot_interfaces/lib/python3.12/site-packages/parallelbot_interfaces/msg/_pb_joint_command_s.c
[0.919s] -- Up-to-date: /home/noah/Documents/Grad/Coursework/RoboticsProject/ME439_term_project/ros2_ws/install/parallelbot_interfaces/lib/python3.12/site-packages/parallelbot_interfaces/parallelbot_interfaces_s__rosidl_typesupport_fastrtps_c.so
[0.919s] -- Up-to-date: /home/noah/Documents/Grad/Coursework/RoboticsProject/ME439_term_project/ros2_ws/install/parallelbot_interfaces/lib/python3.12/site-packages/parallelbot_interfaces/__init__.py
[0.919s] -- Up-to-date: /home/noah/Documents/Grad/Coursework/RoboticsProject/ME439_term_project/ros2_ws/install/parallelbot_interfaces/lib/python3.12/site-packages/parallelbot_interfaces/_parallelbot_interfaces_s.ep.rosidl_typesupport_introspection_c.c
[0.919s] -- Up-to-date: /home/noah/Documents/Grad/Coursework/RoboticsProject/ME439_term_project/ros2_ws/install/parallelbot_interfaces/lib/python3.12/site-packages/parallelbot_interfaces/_parallelbot_interfaces_s.ep.rosidl_typesupport_c.c
[0.919s] -- Up-to-date: /home/noah/Documents/Grad/Coursework/RoboticsProject/ME439_term_project/ros2_ws/install/parallelbot_interfaces/lib/python3.12/site-packages/parallelbot_interfaces/parallelbot_interfaces_s__rosidl_typesupport_introspection_c.so
[0.919s] -- Up-to-date: /home/noah/Documents/Grad/Coursework/RoboticsProject/ME439_term_project/ros2_ws/install/parallelbot_interfaces/lib/python3.12/site-packages/parallelbot_interfaces/_parallelbot_interfaces_s.ep.rosidl_typesupport_fastrtps_c.c
[0.920s] -- Up-to-date: /home/noah/Documents/Grad/Coursework/RoboticsProject/ME439_term_project/ros2_ws/install/parallelbot_interfaces/lib/python3.12/site-packages/parallelbot_interfaces/parallelbot_interfaces_s__rosidl_typesupport_c.so
[0.951s] Listing '/home/noah/Documents/Grad/Coursework/RoboticsProject/ME439_term_project/ros2_ws/install/parallelbot_interfaces/lib/python3.12/site-packages/parallelbot_interfaces'...
[0.951s] Listing '/home/noah/Documents/Grad/Coursework/RoboticsProject/ME439_term_project/ros2_ws/install/parallelbot_interfaces/lib/python3.12/site-packages/parallelbot_interfaces/msg'...
[0.956s] -- Up-to-date: /home/noah/Documents/Grad/Coursework/RoboticsProject/ME439_term_project/ros2_ws/install/parallelbot_interfaces/lib/python3.12/site-packages/parallelbot_interfaces/parallelbot_interfaces_s__rosidl_typesupport_fastrtps_c.so
[0.957s] -- Up-to-date: /home/noah/Documents/Grad/Coursework/RoboticsProject/ME439_term_project/ros2_ws/install/parallelbot_interfaces/lib/python3.12/site-packages/parallelbot_interfaces/parallelbot_interfaces_s__rosidl_typesupport_introspection_c.so
[0.957s] -- Up-to-date: /home/noah/Documents/Grad/Coursework/RoboticsProject/ME439_term_project/ros2_ws/install/parallelbot_interfaces/lib/python3.12/site-packages/parallelbot_interfaces/parallelbot_interfaces_s__rosidl_typesupport_c.so
[0.957s] -- Up-to-date: /home/noah/Documents/Grad/Coursework/RoboticsProject/ME439_term_project/ros2_ws/install/parallelbot_interfaces/lib/libparallelbot_interfaces__rosidl_generator_py.so
[0.958s] -- Up-to-date: /home/noah/Documents/Grad/Coursework/RoboticsProject/ME439_term_project/ros2_ws/install/parallelbot_interfaces/share/parallelbot_interfaces/msg/PBJointAngles.idl
[0.958s] -- Up-to-date: /home/noah/Documents/Grad/Coursework/RoboticsProject/ME439_term_project/ros2_ws/install/parallelbot_interfaces/share/parallelbot_interfaces/msg/PBEndpoint.idl
[0.958s] -- Up-to-date: /home/noah/Documents/Grad/Coursework/RoboticsProject/ME439_term_project/ros2_ws/install/parallelbot_interfaces/share/parallelbot_interfaces/msg/PBJointCommand.idl
[0.958s] -- Up-to-date: /home/noah/Documents/Grad/Coursework/RoboticsProject/ME439_term_project/ros2_ws/install/parallelbot_interfaces/share/parallelbot_interfaces/msg/PBJointAngles.msg
[0.958s] -- Up-to-date: /home/noah/Documents/Grad/Coursework/RoboticsProject/ME439_term_project/ros2_ws/install/parallelbot_interfaces/share/parallelbot_interfaces/msg/PBEndpoint.msg
[0.959s] -- Up-to-date: /home/noah/Documents/Grad/Coursework/RoboticsProject/ME439_term_project/ros2_ws/install/parallelbot_interfaces/share/parallelbot_interfaces/msg/PBJointCommand.msg
[0.959s] -- Up-to-date: /home/noah/Documents/Grad/Coursework/RoboticsProject/ME439_term_project/ros2_ws/install/parallelbot_interfaces/share/ament_index/resource_index/package_run_dependencies/parallelbot_interfaces
[0.959s] -- Up-to-date: /home/noah/Documents/Grad/Coursework/RoboticsProject/ME439_term_project/ros2_ws/install/parallelbot_interfaces/share/ament_index/resource_index/parent_prefix_path/parallelbot_interfaces
[0.959s] -- Up-to-date: /home/noah/Documents/Grad/Coursework/RoboticsProject/ME439_term_project/ros2_ws/install/parallelbot_interfaces/share/parallelbot_interfaces/environment/ament_prefix_path.sh
[0.959s] -- Up-to-date: /home/noah/Documents/Grad/Coursework/RoboticsProject/ME439_term_project/ros2_ws/install/parallelbot_interfaces/share/parallelbot_interfaces/environment/ament_prefix_path.dsv
[0.959s] -- Up-to-date: /home/noah/Documents/Grad/Coursework/RoboticsProject/ME439_term_project/ros2_ws/install/parallelbot_interfaces/share/parallelbot_interfaces/environment/path.sh
[0.960s] -- Up-to-date: /home/noah/Documents/Grad/Coursework/RoboticsProject/ME439_term_project/ros2_ws/install/parallelbot_interfaces/share/parallelbot_interfaces/environment/path.dsv
[0.960s] -- Up-to-date: /home/noah/Documents/Grad/Coursework/RoboticsProject/ME439_term_project/ros2_ws/install/parallelbot_interfaces/share/parallelbot_interfaces/local_setup.bash
[0.960s] -- Up-to-date: /home/noah/Documents/Grad/Coursework/RoboticsProject/ME439_term_project/ros2_ws/install/parallelbot_interfaces/share/parallelbot_interfaces/local_setup.sh
[0.960s] -- Up-to-date: /home/noah/Documents/Grad/Coursework/RoboticsProject/ME439_term_project/ros2_ws/install/parallelbot_interfaces/share/parallelbot_interfaces/local_setup.zsh
[0.960s] -- Up-to-date: /home/noah/Documents/Grad/Coursework/RoboticsProject/ME439_term_project/ros2_ws/install/parallelbot_interfaces/share/parallelbot_interfaces/local_setup.dsv
[0.961s] -- Installing: /home/noah/Documents/Grad/Coursework/RoboticsProject/ME439_term_project/ros2_ws/install/parallelbot_interfaces/share/parallelbot_interfaces/package.dsv
[0.961s] -- Up-to-date: /home/noah/Documents/Grad/Coursework/RoboticsProject/ME439_term_project/ros2_ws/install/parallelbot_interfaces/share/ament_index/resource_index/packages/parallelbot_interfaces
[0.961s] -- Up-to-date: /home/noah/Documents/Grad/Coursework/RoboticsProject/ME439_term_project/ros2_ws/install/parallelbot_interfaces/share/parallelbot_interfaces/cmake/export_parallelbot_interfaces__rosidl_generator_cExport.cmake
[0.961s] -- Up-to-date: /home/noah/Documents/Grad/Coursework/RoboticsProject/ME439_term_project/ros2_ws/install/parallelbot_interfaces/share/parallelbot_interfaces/cmake/export_parallelbot_interfaces__rosidl_generator_cExport-noconfig.cmake
[0.961s] -- Up-to-date: /home/noah/Documents/Grad/Coursework/RoboticsProject/ME439_term_project/ros2_ws/install/parallelbot_interfaces/share/parallelbot_interfaces/cmake/export_parallelbot_interfaces__rosidl_typesupport_fastrtps_cExport.cmake
[0.962s] -- Up-to-date: /home/noah/Documents/Grad/Coursework/RoboticsProject/ME439_term_project/ros2_ws/install/parallelbot_interfaces/share/parallelbot_interfaces/cmake/export_parallelbot_interfaces__rosidl_typesupport_fastrtps_cExport-noconfig.cmake
[0.962s] -- Up-to-date: /home/noah/Documents/Grad/Coursework/RoboticsProject/ME439_term_project/ros2_ws/install/parallelbot_interfaces/share/parallelbot_interfaces/cmake/export_parallelbot_interfaces__rosidl_generator_cppExport.cmake
[0.962s] -- Up-to-date: /home/noah/Documents/Grad/Coursework/RoboticsProject/ME439_term_project/ros2_ws/install/parallelbot_interfaces/share/parallelbot_interfaces/cmake/export_parallelbot_interfaces__rosidl_typesupport_fastrtps_cppExport.cmake
[0.962s] -- Up-to-date: /home/noah/Documents/Grad/Coursework/RoboticsProject/ME439_term_project/ros2_ws/install/parallelbot_interfaces/share/parallelbot_interfaces/cmake/export_parallelbot_interfaces__rosidl_typesupport_fastrtps_cppExport-noconfig.cmake
[0.962s] -- Up-to-date: /home/noah/Documents/Grad/Coursework/RoboticsProject/ME439_term_project/ros2_ws/install/parallelbot_interfaces/share/parallelbot_interfaces/cmake/parallelbot_interfaces__rosidl_typesupport_introspection_cExport.cmake
[0.963s] -- Up-to-date: /home/noah/Documents/Grad/Coursework/RoboticsProject/ME439_term_project/ros2_ws/install/parallelbot_interfaces/share/parallelbot_interfaces/cmake/parallelbot_interfaces__rosidl_typesupport_introspection_cExport-noconfig.cmake
[0.963s] -- Up-to-date: /home/noah/Documents/Grad/Coursework/RoboticsProject/ME439_term_project/ros2_ws/install/parallelbot_interfaces/share/parallelbot_interfaces/cmake/parallelbot_interfaces__rosidl_typesupport_cExport.cmake
[0.963s] -- Up-to-date: /home/noah/Documents/Grad/Coursework/RoboticsProject/ME439_term_project/ros2_ws/install/parallelbot_interfaces/share/parallelbot_interfaces/cmake/parallelbot_interfaces__rosidl_typesupport_cExport-noconfig.cmake
[0.963s] -- Up-to-date: /home/noah/Documents/Grad/Coursework/RoboticsProject/ME439_term_project/ros2_ws/install/parallelbot_interfaces/share/parallelbot_interfaces/cmake/parallelbot_interfaces__rosidl_typesupport_introspection_cppExport.cmake
[0.963s] -- Up-to-date: /home/noah/Documents/Grad/Coursework/RoboticsProject/ME439_term_project/ros2_ws/install/parallelbot_interfaces/share/parallelbot_interfaces/cmake/parallelbot_interfaces__rosidl_typesupport_introspection_cppExport-noconfig.cmake
[0.963s] -- Up-to-date: /home/noah/Documents/Grad/Coursework/RoboticsProject/ME439_term_project/ros2_ws/install/parallelbot_interfaces/share/parallelbot_interfaces/cmake/parallelbot_interfaces__rosidl_typesupport_cppExport.cmake
[0.964s] -- Up-to-date: /home/noah/Documents/Grad/Coursework/RoboticsProject/ME439_term_project/ros2_ws/install/parallelbot_interfaces/share/parallelbot_interfaces/cmake/parallelbot_interfaces__rosidl_typesupport_cppExport-noconfig.cmake
[0.964s] -- Up-to-date: /home/noah/Documents/Grad/Coursework/RoboticsProject/ME439_term_project/ros2_ws/install/parallelbot_interfaces/share/parallelbot_interfaces/cmake/export_parallelbot_interfaces__rosidl_generator_pyExport.cmake
[0.964s] -- Up-to-date: /home/noah/Documents/Grad/Coursework/RoboticsProject/ME439_term_project/ros2_ws/install/parallelbot_interfaces/share/parallelbot_interfaces/cmake/export_parallelbot_interfaces__rosidl_generator_pyExport-noconfig.cmake
[0.964s] -- Up-to-date: /home/noah/Documents/Grad/Coursework/RoboticsProject/ME439_term_project/ros2_ws/install/parallelbot_interfaces/share/parallelbot_interfaces/cmake/rosidl_cmake-extras.cmake
[0.964s] -- Up-to-date: /home/noah/Documents/Grad/Coursework/RoboticsProject/ME439_term_project/ros2_ws/install/parallelbot_interfaces/share/parallelbot_interfaces/cmake/ament_cmake_export_dependencies-extras.cmake
[0.964s] -- Up-to-date: /home/noah/Documents/Grad/Coursework/RoboticsProject/ME439_term_project/ros2_ws/install/parallelbot_interfaces/share/parallelbot_interfaces/cmake/ament_cmake_export_include_directories-extras.cmake
[0.964s] -- Up-to-date: /home/noah/Documents/Grad/Coursework/RoboticsProject/ME439_term_project/ros2_ws/install/parallelbot_interfaces/share/parallelbot_interfaces/cmake/ament_cmake_export_libraries-extras.cmake
[0.965s] -- Up-to-date: /home/noah/Documents/Grad/Coursework/RoboticsProject/ME439_term_project/ros2_ws/install/parallelbot_interfaces/share/parallelbot_interfaces/cmake/ament_cmake_export_targets-extras.cmake
[0.965s] -- Up-to-date: /home/noah/Documents/Grad/Coursework/RoboticsProject/ME439_term_project/ros2_ws/install/parallelbot_interfaces/share/parallelbot_interfaces/cmake/rosidl_cmake_export_typesupport_targets-extras.cmake
[0.965s] -- Up-to-date: /home/noah/Documents/Grad/Coursework/RoboticsProject/ME439_term_project/ros2_ws/install/parallelbot_interfaces/share/parallelbot_interfaces/cmake/rosidl_cmake_export_typesupport_libraries-extras.cmake
[0.965s] -- Up-to-date: /home/noah/Documents/Grad/Coursework/RoboticsProject/ME439_term_project/ros2_ws/install/parallelbot_interfaces/share/parallelbot_interfaces/cmake/parallelbot_interfacesConfig.cmake
[0.966s] -- Up-to-date: /home/noah/Documents/Grad/Coursework/RoboticsProject/ME439_term_project/ros2_ws/install/parallelbot_interfaces/share/parallelbot_interfaces/cmake/parallelbot_interfacesConfig-version.cmake
[0.966s] -- Up-to-date: /home/noah/Documents/Grad/Coursework/RoboticsProject/ME439_term_project/ros2_ws/install/parallelbot_interfaces/share/parallelbot_interfaces/package.xml
[0.967s] Invoked command in '/home/noah/Documents/Grad/Coursework/RoboticsProject/ME439_term_project/ros2_ws/build/parallelbot_interfaces' returned '0': CMAKE_PREFIX_PATH=${CMAKE_PREFIX_PATH}:/home/noah/Documents/Grad/Coursework/RoboticsProject/ME439_term_project/ros2_ws/install/parallelbot:/opt/ros/jazzy /usr/bin/cmake --install /home/noah/Documents/Grad/Coursework/RoboticsProject/ME439_term_project/ros2_ws/build/parallelbot_interfaces
