[0.024s] Invoking command in '/home/noah/Documents/Grad/Coursework/RoboticsProject/ME439_term_project/ros2_ws/build/parallelbot_interfaces': CMAKE_PREFIX_PATH=${CMAKE_PREFIX_PATH}:/home/noah/Documents/Grad/Coursework/RoboticsProject/ME439_term_project/ros2_ws/install/parallelbot:/opt/ros/jazzy /usr/bin/cmake --build /home/noah/Documents/Grad/Coursework/RoboticsProject/ME439_term_project/ros2_ws/build/parallelbot_interfaces -- -j8 -l8
[0.099s] [  1%] Built target parallelbot_interfaces__rosidl_generator_type_description
[0.114s] [  1%] Built target ament_cmake_python_copy_parallelbot_interfaces
[0.128s] [  3%] Built target parallelbot_interfaces__cpp
[0.137s] [ 24%] Built target parallelbot_interfaces__rosidl_generator_c
[0.175s] [ 33%] Built target parallelbot_interfaces__rosidl_typesupport_introspection_c
[0.176s] [ 64%] Built target parallelbot_interfaces__rosidl_typesupport_c
[0.176s] [ 64%] Built target parallelbot_interfaces__rosidl_typesupport_cpp
[0.176s] [ 64%] Built target parallelbot_interfaces__rosidl_typesupport_fastrtps_cpp
[0.177s] [ 70%] Built target parallelbot_interfaces__rosidl_typesupport_fastrtps_c
[0.177s] [ 79%] Built target parallelbot_interfaces__rosidl_typesupport_introspection_cpp
[0.199s] [ 79%] Built target parallelbot_interfaces
[0.227s] [ 81%] Built target parallelbot_interfaces__py
[0.252s] [ 88%] Built target parallelbot_interfaces__rosidl_generator_py
[0.278s] [ 96%] Built target parallelbot_interfaces_s__rosidl_typesupport_introspection_c
[0.278s] [ 96%] Built target parallelbot_interfaces_s__rosidl_typesupport_c
[0.280s] [100%] Built target parallelbot_interfaces_s__rosidl_typesupport_fastrtps_c
[0.445s] running egg_info
[0.478s] writing parallelbot_interfaces.egg-info/PKG-INFO
[0.479s] writing dependency_links to parallelbot_interfaces.egg-info/dependency_links.txt
[0.479s] writing top-level names to parallelbot_interfaces.egg-info/top_level.txt
[0.640s] reading manifest file 'parallelbot_interfaces.egg-info/SOURCES.txt'
[0.641s] writing manifest file 'parallelbot_interfaces.egg-info/SOURCES.txt'
[0.763s] [100%] Built target ament_cmake_python_build_parallelbot_interfaces_egg
[0.796s] Invoked command in '/home/noah/Documents/Grad/Coursework/RoboticsProject/ME439_term_project/ros2_ws/build/parallelbot_interfaces' returned '0': CMAKE_PREFIX_PATH=${CMAKE_PREFIX_PATH}:/home/noah/Documents/Grad/Coursework/RoboticsProject/ME439_term_project/ros2_ws/install/parallelbot:/opt/ros/jazzy /usr/bin/cmake --build /home/noah/Documents/Grad/Coursework/RoboticsProject/ME439_term_project/ros2_ws/build/parallelbot_interfaces -- -j8 -l8
[0.932s] Invoking command in '/home/noah/Documents/Grad/Coursework/RoboticsProject/ME439_term_project/ros2_ws/build/parallelbot_interfaces': CMAKE_PREFIX_PATH=${CMAKE_PREFIX_PATH}:/home/noah/Documents/Grad/Coursework/RoboticsProject/ME439_term_project/ros2_ws/install/parallelbot:/opt/ros/jazzy /usr/bin/cmake --install /home/noah/Documents/Grad/Coursework/RoboticsProject/ME439_term_project/ros2_ws/build/parallelbot_interfaces
[0.945s] -- Install configuration: ""
[0.946s] -- Up-to-date: /home/noah/Documents/Grad/Coursework/RoboticsProject/ME439_term_project/ros2_ws/install/parallelbot_interfaces/share/ament_index/resource_index/rosidl_interfaces/parallelbot_interfaces
[0.947s] -- Up-to-date: /home/noah/Documents/Grad/Coursework/RoboticsProject/ME439_term_project/ros2_ws/install/parallelbot_interfaces/share/parallelbot_interfaces/msg/PBJointAngles.json
[0.948s] -- Up-to-date: /home/noah/Documents/Grad/Coursework/RoboticsProject/ME439_term_project/ros2_ws/install/parallelbot_interfaces/share/parallelbot_interfaces/msg/PBEndpoint.json
[0.949s] -- Up-to-date: /home/noah/Documents/Grad/Coursework/RoboticsProject/ME439_term_project/ros2_ws/install/parallelbot_interfaces/share/parallelbot_interfaces/msg/PBJointCommand.json
[0.949s] -- Up-to-date: /home/noah/Documents/Grad/Coursework/RoboticsProject/ME439_term_project/ros2_ws/install/parallelbot_interfaces/include/parallelbot_interfaces/parallelbot_interfaces
[0.950s] -- Up-to-date: /home/noah/Documents/Grad/Coursework/RoboticsProject/ME439_term_project/ros2_ws/install/parallelbot_interfaces/include/parallelbot_interfaces/parallelbot_interfaces/msg
[0.951s] -- Up-to-date: /home/noah/Documents/Grad/Coursework/RoboticsProject/ME439_term_project/ros2_ws/install/parallelbot_interfaces/include/parallelbot_interfaces/parallelbot_interfaces/msg/pb_joint_command.h
[0.951s] -- Up-to-date: /home/noah/Documents/Grad/Coursework/RoboticsProject/ME439_term_project/ros2_ws/install/parallelbot_interfaces/include/parallelbot_interfaces/parallelbot_interfaces/msg/detail
[0.952s] -- Up-to-date: /home/noah/Documents/Grad/Coursework/RoboticsProject/ME439_term_project/ros2_ws/install/parallelbot_interfaces/include/parallelbot_interfaces/parallelbot_interfaces/msg/detail/pb_endpoint__functions.c
[0.952s] -- Up-to-date: /home/noah/Documents/Grad/Coursework/RoboticsProject/ME439_term_project/ros2_ws/install/parallelbot_interfaces/include/parallelbot_interfaces/parallelbot_interfaces/msg/detail/pb_joint_command__struct.h
[0.952s] -- Up-to-date: /home/noah/Documents/Grad/Coursework/RoboticsProject/ME439_term_project/ros2_ws/install/parallelbot_interfaces/include/parallelbot_interfaces/parallelbot_interfaces/msg/detail/pb_endpoint__struct.h
[0.953s] -- Up-to-date: /home/noah/Documents/Grad/Coursework/RoboticsProject/ME439_term_project/ros2_ws/install/parallelbot_interfaces/include/parallelbot_interfaces/parallelbot_interfaces/msg/detail/pb_endpoint__type_support.c
[0.954s] -- Up-to-date: /home/noah/Documents/Grad/Coursework/RoboticsProject/ME439_term_project/ros2_ws/install/parallelbot_interfaces/include/parallelbot_interfaces/parallelbot_interfaces/msg/detail/pb_joint_command__type_support.c
[0.954s] -- Up-to-date: /home/noah/Documents/Grad/Coursework/RoboticsProject/ME439_term_project/ros2_ws/install/parallelbot_interfaces/include/parallelbot_interfaces/parallelbot_interfaces/msg/detail/pb_joint_command__type_support.h
[0.955s] -- Up-to-date: /home/noah/Documents/Grad/Coursework/RoboticsProject/ME439_term_project/ros2_ws/install/parallelbot_interfaces/include/parallelbot_interfaces/parallelbot_interfaces/msg/detail/pb_joint_command__functions.c
[0.956s] -- Up-to-date: /home/noah/Documents/Grad/Coursework/RoboticsProject/ME439_term_project/ros2_ws/install/parallelbot_interfaces/include/parallelbot_interfaces/parallelbot_interfaces/msg/detail/pb_endpoint__description.c
[0.956s] -- Up-to-date: /home/noah/Documents/Grad/Coursework/RoboticsProject/ME439_term_project/ros2_ws/install/parallelbot_interfaces/include/parallelbot_interfaces/parallelbot_interfaces/msg/detail/pb_endpoint__type_support.h
[0.957s] -- Up-to-date: /home/noah/Documents/Grad/Coursework/RoboticsProject/ME439_term_project/ros2_ws/install/parallelbot_interfaces/include/parallelbot_interfaces/parallelbot_interfaces/msg/detail/pb_joint_angles__description.c
[0.957s] -- Up-to-date: /home/noah/Documents/Grad/Coursework/RoboticsProject/ME439_term_project/ros2_ws/install/parallelbot_interfaces/include/parallelbot_interfaces/parallelbot_interfaces/msg/detail/pb_endpoint__functions.h
[0.957s] -- Up-to-date: /home/noah/Documents/Grad/Coursework/RoboticsProject/ME439_term_project/ros2_ws/install/parallelbot_interfaces/include/parallelbot_interfaces/parallelbot_interfaces/msg/detail/pb_joint_command__functions.h
[0.957s] -- Up-to-date: /home/noah/Documents/Grad/Coursework/RoboticsProject/ME439_term_project/ros2_ws/install/parallelbot_interfaces/include/parallelbot_interfaces/parallelbot_interfaces/msg/detail/pb_joint_command__description.c
[0.957s] -- Up-to-date: /home/noah/Documents/Grad/Coursework/RoboticsProject/ME439_term_project/ros2_ws/install/parallelbot_interfaces/include/parallelbot_interfaces/parallelbot_interfaces/msg/detail/pb_joint_angles__functions.c
[0.957s] -- Up-to-date: /home/noah/Documents/Grad/Coursework/RoboticsProject/ME439_term_project/ros2_ws/install/parallelbot_interfaces/include/parallelbot_interfaces/parallelbot_interfaces/msg/detail/pb_joint_angles__functions.h
[0.958s] -- Up-to-date: /home/noah/Documents/Grad/Coursework/RoboticsProject/ME439_term_project/ros2_ws/install/parallelbot_interfaces/include/parallelbot_interfaces/parallelbot_interfaces/msg/detail/pb_joint_angles__struct.h
[0.958s] -- Up-to-date: /home/noah/Documents/Grad/Coursework/RoboticsProject/ME439_term_project/ros2_ws/install/parallelbot_interfaces/include/parallelbot_interfaces/parallelbot_interfaces/msg/detail/pb_joint_angles__type_support.c
[0.958s] -- Up-to-date: /home/noah/Documents/Grad/Coursework/RoboticsProject/ME439_term_project/ros2_ws/install/parallelbot_interfaces/include/parallelbot_interfaces/parallelbot_interfaces/msg/detail/pb_joint_angles__type_support.h
[0.958s] -- Up-to-date: /home/noah/Documents/Grad/Coursework/RoboticsProject/ME439_term_project/ros2_ws/install/parallelbot_interfaces/include/parallelbot_interfaces/parallelbot_interfaces/msg/rosidl_generator_c__visibility_control.h
[0.958s] -- Up-to-date: /home/noah/Documents/Grad/Coursework/RoboticsProject/ME439_term_project/ros2_ws/install/parallelbot_interfaces/include/parallelbot_interfaces/parallelbot_interfaces/msg/pb_endpoint.h
[0.958s] -- Up-to-date: /home/noah/Documents/Grad/Coursework/RoboticsProject/ME439_term_project/ros2_ws/install/parallelbot_interfaces/include/parallelbot_interfaces/parallelbot_interfaces/msg/pb_joint_angles.h
[0.959s] -- Up-to-date: /home/noah/Documents/Grad/Coursework/RoboticsProject/ME439_term_project/ros2_ws/install/parallelbot_interfaces/share/parallelbot_interfaces/environment/library_path.sh
[0.959s] -- Up-to-date: /home/noah/Documents/Grad/Coursework/RoboticsProject/ME439_term_project/ros2_ws/install/parallelbot_interfaces/share/parallelbot_interfaces/environment/library_path.dsv
[0.959s] -- Up-to-date: /home/noah/Documents/Grad/Coursework/RoboticsProject/ME439_term_project/ros2_ws/install/parallelbot_interfaces/lib/libparallelbot_interfaces__rosidl_generator_c.so
[0.959s] -- Up-to-date: /home/noah/Documents/Grad/Coursework/RoboticsProject/ME439_term_project/ros2_ws/install/parallelbot_interfaces/include/parallelbot_interfaces/parallelbot_interfaces
[0.959s] -- Up-to-date: /home/noah/Documents/Grad/Coursework/RoboticsProject/ME439_term_project/ros2_ws/install/parallelbot_interfaces/include/parallelbot_interfaces/parallelbot_interfaces/msg
[0.959s] -- Up-to-date: /home/noah/Documents/Grad/Coursework/RoboticsProject/ME439_term_project/ros2_ws/install/parallelbot_interfaces/include/parallelbot_interfaces/parallelbot_interfaces/msg/rosidl_typesupport_fastrtps_c__visibility_control.h
[0.960s] -- Up-to-date: /home/noah/Documents/Grad/Coursework/RoboticsProject/ME439_term_project/ros2_ws/install/parallelbot_interfaces/include/parallelbot_interfaces/parallelbot_interfaces/msg/detail
[0.960s] -- Up-to-date: /home/noah/Documents/Grad/Coursework/RoboticsProject/ME439_term_project/ros2_ws/install/parallelbot_interfaces/include/parallelbot_interfaces/parallelbot_interfaces/msg/detail/pb_joint_angles__rosidl_typesupport_fastrtps_c.h
[0.960s] -- Up-to-date: /home/noah/Documents/Grad/Coursework/RoboticsProject/ME439_term_project/ros2_ws/install/parallelbot_interfaces/include/parallelbot_interfaces/parallelbot_interfaces/msg/detail/pb_joint_command__rosidl_typesupport_fastrtps_c.h
[0.960s] -- Up-to-date: /home/noah/Documents/Grad/Coursework/RoboticsProject/ME439_term_project/ros2_ws/install/parallelbot_interfaces/include/parallelbot_interfaces/parallelbot_interfaces/msg/detail/pb_endpoint__rosidl_typesupport_fastrtps_c.h
[0.960s] -- Up-to-date: /home/noah/Documents/Grad/Coursework/RoboticsProject/ME439_term_project/ros2_ws/install/parallelbot_interfaces/lib/libparallelbot_interfaces__rosidl_typesupport_fastrtps_c.so
[0.960s] -- Up-to-date: /home/noah/Documents/Grad/Coursework/RoboticsProject/ME439_term_project/ros2_ws/install/parallelbot_interfaces/include/parallelbot_interfaces/parallelbot_interfaces
[0.961s] -- Up-to-date: /home/noah/Documents/Grad/Coursework/RoboticsProject/ME439_term_project/ros2_ws/install/parallelbot_interfaces/include/parallelbot_interfaces/parallelbot_interfaces/msg
[0.968s] -- Up-to-date: /home/noah/Documents/Grad/Coursework/RoboticsProject/ME439_term_project/ros2_ws/install/parallelbot_interfaces/include/parallelbot_interfaces/parallelbot_interfaces/msg/pb_joint_angles.hpp
[0.968s] -- Up-to-date: /home/noah/Documents/Grad/Coursework/RoboticsProject/ME439_term_project/ros2_ws/install/parallelbot_interfaces/include/parallelbot_interfaces/parallelbot_interfaces/msg/detail
[0.968s] -- Up-to-date: /home/noah/Documents/Grad/Coursework/RoboticsProject/ME439_term_project/ros2_ws/install/parallelbot_interfaces/include/parallelbot_interfaces/parallelbot_interfaces/msg/detail/pb_joint_angles__traits.hpp
[0.968s] -- Up-to-date: /home/noah/Documents/Grad/Coursework/RoboticsProject/ME439_term_project/ros2_ws/install/parallelbot_interfaces/include/parallelbot_interfaces/parallelbot_interfaces/msg/detail/pb_endpoint__builder.hpp
[0.969s] -- Up-to-date: /home/noah/Documents/Grad/Coursework/RoboticsProject/ME439_term_project/ros2_ws/install/parallelbot_interfaces/include/parallelbot_interfaces/parallelbot_interfaces/msg/detail/pb_endpoint__type_support.hpp
[0.969s] -- Up-to-date: /home/noah/Documents/Grad/Coursework/RoboticsProject/ME439_term_project/ros2_ws/install/parallelbot_interfaces/include/parallelbot_interfaces/parallelbot_interfaces/msg/detail/pb_joint_command__traits.hpp
[0.969s] -- Up-to-date: /home/noah/Documents/Grad/Coursework/RoboticsProject/ME439_term_project/ros2_ws/install/parallelbot_interfaces/include/parallelbot_interfaces/parallelbot_interfaces/msg/detail/pb_joint_command__type_support.hpp
[0.969s] -- Up-to-date: /home/noah/Documents/Grad/Coursework/RoboticsProject/ME439_term_project/ros2_ws/install/parallelbot_interfaces/include/parallelbot_interfaces/parallelbot_interfaces/msg/detail/pb_endpoint__struct.hpp
[0.969s] -- Up-to-date: /home/noah/Documents/Grad/Coursework/RoboticsProject/ME439_term_project/ros2_ws/install/parallelbot_interfaces/include/parallelbot_interfaces/parallelbot_interfaces/msg/detail/pb_joint_angles__type_support.hpp
[0.969s] -- Up-to-date: /home/noah/Documents/Grad/Coursework/RoboticsProject/ME439_term_project/ros2_ws/install/parallelbot_interfaces/include/parallelbot_interfaces/parallelbot_interfaces/msg/detail/pb_joint_angles__builder.hpp
[0.970s] -- Up-to-date: /home/noah/Documents/Grad/Coursework/RoboticsProject/ME439_term_project/ros2_ws/install/parallelbot_interfaces/include/parallelbot_interfaces/parallelbot_interfaces/msg/detail/pb_endpoint__traits.hpp
[0.970s] -- Up-to-date: /home/noah/Documents/Grad/Coursework/RoboticsProject/ME439_term_project/ros2_ws/install/parallelbot_interfaces/include/parallelbot_interfaces/parallelbot_interfaces/msg/detail/pb_joint_angles__struct.hpp
[0.970s] -- Up-to-date: /home/noah/Documents/Grad/Coursework/RoboticsProject/ME439_term_project/ros2_ws/install/parallelbot_interfaces/include/parallelbot_interfaces/parallelbot_interfaces/msg/detail/pb_joint_command__builder.hpp
[0.970s] -- Up-to-date: /home/noah/Documents/Grad/Coursework/RoboticsProject/ME439_term_project/ros2_ws/install/parallelbot_interfaces/include/parallelbot_interfaces/parallelbot_interfaces/msg/detail/pb_joint_command__struct.hpp
[0.970s] -- Up-to-date: /home/noah/Documents/Grad/Coursework/RoboticsProject/ME439_term_project/ros2_ws/install/parallelbot_interfaces/include/parallelbot_interfaces/parallelbot_interfaces/msg/pb_endpoint.hpp
[0.970s] -- Up-to-date: /home/noah/Documents/Grad/Coursework/RoboticsProject/ME439_term_project/ros2_ws/install/parallelbot_interfaces/include/parallelbot_interfaces/parallelbot_interfaces/msg/rosidl_generator_cpp__visibility_control.hpp
[0.971s] -- Up-to-date: /home/noah/Documents/Grad/Coursework/RoboticsProject/ME439_term_project/ros2_ws/install/parallelbot_interfaces/include/parallelbot_interfaces/parallelbot_interfaces/msg/pb_joint_command.hpp
[0.971s] -- Up-to-date: /home/noah/Documents/Grad/Coursework/RoboticsProject/ME439_term_project/ros2_ws/install/parallelbot_interfaces/include/parallelbot_interfaces/parallelbot_interfaces
[0.971s] -- Up-to-date: /home/noah/Documents/Grad/Coursework/RoboticsProject/ME439_term_project/ros2_ws/install/parallelbot_interfaces/include/parallelbot_interfaces/parallelbot_interfaces/msg
[0.971s] -- Up-to-date: /home/noah/Documents/Grad/Coursework/RoboticsProject/ME439_term_project/ros2_ws/install/parallelbot_interfaces/include/parallelbot_interfaces/parallelbot_interfaces/msg/detail
[0.971s] -- Up-to-date: /home/noah/Documents/Grad/Coursework/RoboticsProject/ME439_term_project/ros2_ws/install/parallelbot_interfaces/include/parallelbot_interfaces/parallelbot_interfaces/msg/detail/pb_endpoint__rosidl_typesupport_fastrtps_cpp.hpp
[0.971s] -- Up-to-date: /home/noah/Documents/Grad/Coursework/RoboticsProject/ME439_term_project/ros2_ws/install/parallelbot_interfaces/include/parallelbot_interfaces/parallelbot_interfaces/msg/detail/pb_joint_angles__rosidl_typesupport_fastrtps_cpp.hpp
[0.972s] -- Up-to-date: /home/noah/Documents/Grad/Coursework/RoboticsProject/ME439_term_project/ros2_ws/install/parallelbot_interfaces/include/parallelbot_interfaces/parallelbot_interfaces/msg/detail/dds_fastrtps
[0.972s] -- Up-to-date: /home/noah/Documents/Grad/Coursework/RoboticsProject/ME439_term_project/ros2_ws/install/parallelbot_interfaces/include/parallelbot_interfaces/parallelbot_interfaces/msg/detail/pb_joint_command__rosidl_typesupport_fastrtps_cpp.hpp
[0.972s] -- Up-to-date: /home/noah/Documents/Grad/Coursework/RoboticsProject/ME439_term_project/ros2_ws/install/parallelbot_interfaces/include/parallelbot_interfaces/parallelbot_interfaces/msg/rosidl_typesupport_fastrtps_cpp__visibility_control.h
[0.972s] -- Up-to-date: /home/noah/Documents/Grad/Coursework/RoboticsProject/ME439_term_project/ros2_ws/install/parallelbot_interfaces/lib/libparallelbot_interfaces__rosidl_typesupport_fastrtps_cpp.so
[0.972s] -- Up-to-date: /home/noah/Documents/Grad/Coursework/RoboticsProject/ME439_term_project/ros2_ws/install/parallelbot_interfaces/include/parallelbot_interfaces/parallelbot_interfaces
[0.972s] -- Up-to-date: /home/noah/Documents/Grad/Coursework/RoboticsProject/ME439_term_project/ros2_ws/install/parallelbot_interfaces/include/parallelbot_interfaces/parallelbot_interfaces/msg
[0.973s] -- Up-to-date: /home/noah/Documents/Grad/Coursework/RoboticsProject/ME439_term_project/ros2_ws/install/parallelbot_interfaces/include/parallelbot_interfaces/parallelbot_interfaces/msg/detail
[0.973s] -- Up-to-date: /home/noah/Documents/Grad/Coursework/RoboticsProject/ME439_term_project/ros2_ws/install/parallelbot_interfaces/include/parallelbot_interfaces/parallelbot_interfaces/msg/detail/pb_endpoint__type_support.c
[0.973s] -- Up-to-date: /home/noah/Documents/Grad/Coursework/RoboticsProject/ME439_term_project/ros2_ws/install/parallelbot_interfaces/include/parallelbot_interfaces/parallelbot_interfaces/msg/detail/pb_joint_command__type_support.c
[0.973s] -- Up-to-date: /home/noah/Documents/Grad/Coursework/RoboticsProject/ME439_term_project/ros2_ws/install/parallelbot_interfaces/include/parallelbot_interfaces/parallelbot_interfaces/msg/detail/pb_endpoint__rosidl_typesupport_introspection_c.h
[0.973s] -- Up-to-date: /home/noah/Documents/Grad/Coursework/RoboticsProject/ME439_term_project/ros2_ws/install/parallelbot_interfaces/include/parallelbot_interfaces/parallelbot_interfaces/msg/detail/pb_joint_angles__rosidl_typesupport_introspection_c.h
[0.973s] -- Up-to-date: /home/noah/Documents/Grad/Coursework/RoboticsProject/ME439_term_project/ros2_ws/install/parallelbot_interfaces/include/parallelbot_interfaces/parallelbot_interfaces/msg/detail/pb_joint_angles__type_support.c
[0.974s] -- Up-to-date: /home/noah/Documents/Grad/Coursework/RoboticsProject/ME439_term_project/ros2_ws/install/parallelbot_interfaces/include/parallelbot_interfaces/parallelbot_interfaces/msg/detail/pb_joint_command__rosidl_typesupport_introspection_c.h
[0.974s] -- Up-to-date: /home/noah/Documents/Grad/Coursework/RoboticsProject/ME439_term_project/ros2_ws/install/parallelbot_interfaces/include/parallelbot_interfaces/parallelbot_interfaces/msg/rosidl_typesupport_introspection_c__visibility_control.h
[0.974s] -- Up-to-date: /home/noah/Documents/Grad/Coursework/RoboticsProject/ME439_term_project/ros2_ws/install/parallelbot_interfaces/lib/libparallelbot_interfaces__rosidl_typesupport_introspection_c.so
[0.974s] -- Up-to-date: /home/noah/Documents/Grad/Coursework/RoboticsProject/ME439_term_project/ros2_ws/install/parallelbot_interfaces/lib/libparallelbot_interfaces__rosidl_typesupport_c.so
[0.974s] -- Up-to-date: /home/noah/Documents/Grad/Coursework/RoboticsProject/ME439_term_project/ros2_ws/install/parallelbot_interfaces/include/parallelbot_interfaces/parallelbot_interfaces
[0.974s] -- Up-to-date: /home/noah/Documents/Grad/Coursework/RoboticsProject/ME439_term_project/ros2_ws/install/parallelbot_interfaces/include/parallelbot_interfaces/parallelbot_interfaces/msg
[0.975s] -- Up-to-date: /home/noah/Documents/Grad/Coursework/RoboticsProject/ME439_term_project/ros2_ws/install/parallelbot_interfaces/include/parallelbot_interfaces/parallelbot_interfaces/msg/detail
[0.978s] -- Up-to-date: /home/noah/Documents/Grad/Coursework/RoboticsProject/ME439_term_project/ros2_ws/install/parallelbot_interfaces/include/parallelbot_interfaces/parallelbot_interfaces/msg/detail/pb_joint_command__rosidl_typesupport_introspection_cpp.hpp
[0.978s] -- Up-to-date: /home/noah/Documents/Grad/Coursework/RoboticsProject/ME439_term_project/ros2_ws/install/parallelbot_interfaces/include/parallelbot_interfaces/parallelbot_interfaces/msg/detail/pb_joint_command__type_support.cpp
[0.978s] -- Up-to-date: /home/noah/Documents/Grad/Coursework/RoboticsProject/ME439_term_project/ros2_ws/install/parallelbot_interfaces/include/parallelbot_interfaces/parallelbot_interfaces/msg/detail/pb_joint_angles__rosidl_typesupport_introspection_cpp.hpp
[0.978s] -- Up-to-date: /home/noah/Documents/Grad/Coursework/RoboticsProject/ME439_term_project/ros2_ws/install/parallelbot_interfaces/include/parallelbot_interfaces/parallelbot_interfaces/msg/detail/pb_endpoint__type_support.cpp
[0.978s] -- Up-to-date: /home/noah/Documents/Grad/Coursework/RoboticsProject/ME439_term_project/ros2_ws/install/parallelbot_interfaces/include/parallelbot_interfaces/parallelbot_interfaces/msg/detail/pb_joint_angles__type_support.cpp
[0.979s] -- Up-to-date: /home/noah/Documents/Grad/Coursework/RoboticsProject/ME439_term_project/ros2_ws/install/parallelbot_interfaces/include/parallelbot_interfaces/parallelbot_interfaces/msg/detail/pb_endpoint__rosidl_typesupport_introspection_cpp.hpp
[0.979s] -- Up-to-date: /home/noah/Documents/Grad/Coursework/RoboticsProject/ME439_term_project/ros2_ws/install/parallelbot_interfaces/lib/libparallelbot_interfaces__rosidl_typesupport_introspection_cpp.so
[0.979s] -- Up-to-date: /home/noah/Documents/Grad/Coursework/RoboticsProject/ME439_term_project/ros2_ws/install/parallelbot_interfaces/lib/libparallelbot_interfaces__rosidl_typesupport_cpp.so
[0.979s] -- Up-to-date: /home/noah/Documents/Grad/Coursework/RoboticsProject/ME439_term_project/ros2_ws/install/parallelbot_interfaces/share/parallelbot_interfaces/environment/pythonpath.sh
[0.979s] -- Up-to-date: /home/noah/Documents/Grad/Coursework/RoboticsProject/ME439_term_project/ros2_ws/install/parallelbot_interfaces/share/parallelbot_interfaces/environment/pythonpath.dsv
[0.980s] -- Up-to-date: /home/noah/Documents/Grad/Coursework/RoboticsProject/ME439_term_project/ros2_ws/install/parallelbot_interfaces/lib/python3.12/site-packages/parallelbot_interfaces-0.0.0-py3.12.egg-info
[0.980s] -- Installing: /home/noah/Documents/Grad/Coursework/RoboticsProject/ME439_term_project/ros2_ws/install/parallelbot_interfaces/lib/python3.12/site-packages/parallelbot_interfaces-0.0.0-py3.12.egg-info/SOURCES.txt
[0.980s] -- Installing: /home/noah/Documents/Grad/Coursework/RoboticsProject/ME439_term_project/ros2_ws/install/parallelbot_interfaces/lib/python3.12/site-packages/parallelbot_interfaces-0.0.0-py3.12.egg-info/dependency_links.txt
[0.980s] -- Installing: /home/noah/Documents/Grad/Coursework/RoboticsProject/ME439_term_project/ros2_ws/install/parallelbot_interfaces/lib/python3.12/site-packages/parallelbot_interfaces-0.0.0-py3.12.egg-info/PKG-INFO
[0.980s] -- Installing: /home/noah/Documents/Grad/Coursework/RoboticsProject/ME439_term_project/ros2_ws/install/parallelbot_interfaces/lib/python3.12/site-packages/parallelbot_interfaces-0.0.0-py3.12.egg-info/top_level.txt
[0.980s] -- Up-to-date: /home/noah/Documents/Grad/Coursework/RoboticsProject/ME439_term_project/ros2_ws/install/parallelbot_interfaces/lib/python3.12/site-packages/parallelbot_interfaces
[0.981s] -- Up-to-date: /home/noah/Documents/Grad/Coursework/RoboticsProject/ME439_term_project/ros2_ws/install/parallelbot_interfaces/lib/python3.12/site-packages/parallelbot_interfaces/msg
[0.981s] -- Up-to-date: /home/noah/Documents/Grad/Coursework/RoboticsProject/ME439_term_project/ros2_ws/install/parallelbot_interfaces/lib/python3.12/site-packages/parallelbot_interfaces/msg/_pb_joint_angles.py
[0.981s] -- Up-to-date: /home/noah/Documents/Grad/Coursework/RoboticsProject/ME439_term_project/ros2_ws/install/parallelbot_interfaces/lib/python3.12/site-packages/parallelbot_interfaces/msg/_pb_endpoint.py
[0.981s] -- Up-to-date: /home/noah/Documents/Grad/Coursework/RoboticsProject/ME439_term_project/ros2_ws/install/parallelbot_interfaces/lib/python3.12/site-packages/parallelbot_interfaces/msg/_pb_joint_command.py
[0.981s] -- Up-to-date: /home/noah/Documents/Grad/Coursework/RoboticsProject/ME439_term_project/ros2_ws/install/parallelbot_interfaces/lib/python3.12/site-packages/parallelbot_interfaces/msg/__init__.py
[0.982s] -- Up-to-date: /home/noah/Documents/Grad/Coursework/RoboticsProject/ME439_term_project/ros2_ws/install/parallelbot_interfaces/lib/python3.12/site-packages/parallelbot_interfaces/msg/_pb_endpoint_s.c
[0.982s] -- Up-to-date: /home/noah/Documents/Grad/Coursework/RoboticsProject/ME439_term_project/ros2_ws/install/parallelbot_interfaces/lib/python3.12/site-packages/parallelbot_interfaces/msg/_pb_joint_angles_s.c
[0.982s] -- Up-to-date: /home/noah/Documents/Grad/Coursework/RoboticsProject/ME439_term_project/ros2_ws/install/parallelbot_interfaces/lib/python3.12/site-packages/parallelbot_interfaces/msg/_pb_joint_command_s.c
[0.982s] -- Up-to-date: /home/noah/Documents/Grad/Coursework/RoboticsProject/ME439_term_project/ros2_ws/install/parallelbot_interfaces/lib/python3.12/site-packages/parallelbot_interfaces/parallelbot_interfaces_s__rosidl_typesupport_fastrtps_c.so
[0.982s] -- Up-to-date: /home/noah/Documents/Grad/Coursework/RoboticsProject/ME439_term_project/ros2_ws/install/parallelbot_interfaces/lib/python3.12/site-packages/parallelbot_interfaces/__init__.py
[0.982s] -- Up-to-date: /home/noah/Documents/Grad/Coursework/RoboticsProject/ME439_term_project/ros2_ws/install/parallelbot_interfaces/lib/python3.12/site-packages/parallelbot_interfaces/_parallelbot_interfaces_s.ep.rosidl_typesupport_introspection_c.c
[0.983s] -- Up-to-date: /home/noah/Documents/Grad/Coursework/RoboticsProject/ME439_term_project/ros2_ws/install/parallelbot_interfaces/lib/python3.12/site-packages/parallelbot_interfaces/_parallelbot_interfaces_s.ep.rosidl_typesupport_c.c
[0.983s] -- Up-to-date: /home/noah/Documents/Grad/Coursework/RoboticsProject/ME439_term_project/ros2_ws/install/parallelbot_interfaces/lib/python3.12/site-packages/parallelbot_interfaces/parallelbot_interfaces_s__rosidl_typesupport_introspection_c.so
[0.983s] -- Up-to-date: /home/noah/Documents/Grad/Coursework/RoboticsProject/ME439_term_project/ros2_ws/install/parallelbot_interfaces/lib/python3.12/site-packages/parallelbot_interfaces/_parallelbot_interfaces_s.ep.rosidl_typesupport_fastrtps_c.c
[0.983s] -- Up-to-date: /home/noah/Documents/Grad/Coursework/RoboticsProject/ME439_term_project/ros2_ws/install/parallelbot_interfaces/lib/python3.12/site-packages/parallelbot_interfaces/parallelbot_interfaces_s__rosidl_typesupport_c.so
[1.011s] Listing '/home/noah/Documents/Grad/Coursework/RoboticsProject/ME439_term_project/ros2_ws/install/parallelbot_interfaces/lib/python3.12/site-packages/parallelbot_interfaces'...
[1.011s] Listing '/home/noah/Documents/Grad/Coursework/RoboticsProject/ME439_term_project/ros2_ws/install/parallelbot_interfaces/lib/python3.12/site-packages/parallelbot_interfaces/msg'...
[1.018s] -- Up-to-date: /home/noah/Documents/Grad/Coursework/RoboticsProject/ME439_term_project/ros2_ws/install/parallelbot_interfaces/lib/python3.12/site-packages/parallelbot_interfaces/parallelbot_interfaces_s__rosidl_typesupport_fastrtps_c.so
[1.018s] -- Up-to-date: /home/noah/Documents/Grad/Coursework/RoboticsProject/ME439_term_project/ros2_ws/install/parallelbot_interfaces/lib/python3.12/site-packages/parallelbot_interfaces/parallelbot_interfaces_s__rosidl_typesupport_introspection_c.so
[1.019s] -- Up-to-date: /home/noah/Documents/Grad/Coursework/RoboticsProject/ME439_term_project/ros2_ws/install/parallelbot_interfaces/lib/python3.12/site-packages/parallelbot_interfaces/parallelbot_interfaces_s__rosidl_typesupport_c.so
[1.019s] -- Up-to-date: /home/noah/Documents/Grad/Coursework/RoboticsProject/ME439_term_project/ros2_ws/install/parallelbot_interfaces/lib/libparallelbot_interfaces__rosidl_generator_py.so
[1.019s] -- Up-to-date: /home/noah/Documents/Grad/Coursework/RoboticsProject/ME439_term_project/ros2_ws/install/parallelbot_interfaces/share/parallelbot_interfaces/msg/PBJointAngles.idl
[1.019s] -- Up-to-date: /home/noah/Documents/Grad/Coursework/RoboticsProject/ME439_term_project/ros2_ws/install/parallelbot_interfaces/share/parallelbot_interfaces/msg/PBEndpoint.idl
[1.019s] -- Up-to-date: /home/noah/Documents/Grad/Coursework/RoboticsProject/ME439_term_project/ros2_ws/install/parallelbot_interfaces/share/parallelbot_interfaces/msg/PBJointCommand.idl
[1.020s] -- Up-to-date: /home/noah/Documents/Grad/Coursework/RoboticsProject/ME439_term_project/ros2_ws/install/parallelbot_interfaces/share/parallelbot_interfaces/msg/PBJointAngles.msg
[1.020s] -- Up-to-date: /home/noah/Documents/Grad/Coursework/RoboticsProject/ME439_term_project/ros2_ws/install/parallelbot_interfaces/share/parallelbot_interfaces/msg/PBEndpoint.msg
[1.020s] -- Up-to-date: /home/noah/Documents/Grad/Coursework/RoboticsProject/ME439_term_project/ros2_ws/install/parallelbot_interfaces/share/parallelbot_interfaces/msg/PBJointCommand.msg
[1.020s] -- Up-to-date: /home/noah/Documents/Grad/Coursework/RoboticsProject/ME439_term_project/ros2_ws/install/parallelbot_interfaces/share/ament_index/resource_index/package_run_dependencies/parallelbot_interfaces
[1.020s] -- Up-to-date: /home/noah/Documents/Grad/Coursework/RoboticsProject/ME439_term_project/ros2_ws/install/parallelbot_interfaces/share/ament_index/resource_index/parent_prefix_path/parallelbot_interfaces
[1.020s] -- Up-to-date: /home/noah/Documents/Grad/Coursework/RoboticsProject/ME439_term_project/ros2_ws/install/parallelbot_interfaces/share/parallelbot_interfaces/environment/ament_prefix_path.sh
[1.020s] -- Up-to-date: /home/noah/Documents/Grad/Coursework/RoboticsProject/ME439_term_project/ros2_ws/install/parallelbot_interfaces/share/parallelbot_interfaces/environment/ament_prefix_path.dsv
[1.021s] -- Up-to-date: /home/noah/Documents/Grad/Coursework/RoboticsProject/ME439_term_project/ros2_ws/install/parallelbot_interfaces/share/parallelbot_interfaces/environment/path.sh
[1.021s] -- Up-to-date: /home/noah/Documents/Grad/Coursework/RoboticsProject/ME439_term_project/ros2_ws/install/parallelbot_interfaces/share/parallelbot_interfaces/environment/path.dsv
[1.021s] -- Up-to-date: /home/noah/Documents/Grad/Coursework/RoboticsProject/ME439_term_project/ros2_ws/install/parallelbot_interfaces/share/parallelbot_interfaces/local_setup.bash
[1.021s] -- Up-to-date: /home/noah/Documents/Grad/Coursework/RoboticsProject/ME439_term_project/ros2_ws/install/parallelbot_interfaces/share/parallelbot_interfaces/local_setup.sh
[1.021s] -- Up-to-date: /home/noah/Documents/Grad/Coursework/RoboticsProject/ME439_term_project/ros2_ws/install/parallelbot_interfaces/share/parallelbot_interfaces/local_setup.zsh
[1.021s] -- Up-to-date: /home/noah/Documents/Grad/Coursework/RoboticsProject/ME439_term_project/ros2_ws/install/parallelbot_interfaces/share/parallelbot_interfaces/local_setup.dsv
[1.021s] -- Installing: /home/noah/Documents/Grad/Coursework/RoboticsProject/ME439_term_project/ros2_ws/install/parallelbot_interfaces/share/parallelbot_interfaces/package.dsv
[1.022s] -- Up-to-date: /home/noah/Documents/Grad/Coursework/RoboticsProject/ME439_term_project/ros2_ws/install/parallelbot_interfaces/share/ament_index/resource_index/packages/parallelbot_interfaces
[1.022s] -- Up-to-date: /home/noah/Documents/Grad/Coursework/RoboticsProject/ME439_term_project/ros2_ws/install/parallelbot_interfaces/share/parallelbot_interfaces/cmake/export_parallelbot_interfaces__rosidl_generator_cExport.cmake
[1.022s] -- Up-to-date: /home/noah/Documents/Grad/Coursework/RoboticsProject/ME439_term_project/ros2_ws/install/parallelbot_interfaces/share/parallelbot_interfaces/cmake/export_parallelbot_interfaces__rosidl_generator_cExport-noconfig.cmake
[1.022s] -- Up-to-date: /home/noah/Documents/Grad/Coursework/RoboticsProject/ME439_term_project/ros2_ws/install/parallelbot_interfaces/share/parallelbot_interfaces/cmake/export_parallelbot_interfaces__rosidl_typesupport_fastrtps_cExport.cmake
[1.022s] -- Up-to-date: /home/noah/Documents/Grad/Coursework/RoboticsProject/ME439_term_project/ros2_ws/install/parallelbot_interfaces/share/parallelbot_interfaces/cmake/export_parallelbot_interfaces__rosidl_typesupport_fastrtps_cExport-noconfig.cmake
[1.022s] -- Up-to-date: /home/noah/Documents/Grad/Coursework/RoboticsProject/ME439_term_project/ros2_ws/install/parallelbot_interfaces/share/parallelbot_interfaces/cmake/export_parallelbot_interfaces__rosidl_generator_cppExport.cmake
[1.023s] -- Up-to-date: /home/noah/Documents/Grad/Coursework/RoboticsProject/ME439_term_project/ros2_ws/install/parallelbot_interfaces/share/parallelbot_interfaces/cmake/export_parallelbot_interfaces__rosidl_typesupport_fastrtps_cppExport.cmake
[1.023s] -- Up-to-date: /home/noah/Documents/Grad/Coursework/RoboticsProject/ME439_term_project/ros2_ws/install/parallelbot_interfaces/share/parallelbot_interfaces/cmake/export_parallelbot_interfaces__rosidl_typesupport_fastrtps_cppExport-noconfig.cmake
[1.023s] -- Up-to-date: /home/noah/Documents/Grad/Coursework/RoboticsProject/ME439_term_project/ros2_ws/install/parallelbot_interfaces/share/parallelbot_interfaces/cmake/parallelbot_interfaces__rosidl_typesupport_introspection_cExport.cmake
[1.023s] -- Up-to-date: /home/noah/Documents/Grad/Coursework/RoboticsProject/ME439_term_project/ros2_ws/install/parallelbot_interfaces/share/parallelbot_interfaces/cmake/parallelbot_interfaces__rosidl_typesupport_introspection_cExport-noconfig.cmake
[1.024s] -- Up-to-date: /home/noah/Documents/Grad/Coursework/RoboticsProject/ME439_term_project/ros2_ws/install/parallelbot_interfaces/share/parallelbot_interfaces/cmake/parallelbot_interfaces__rosidl_typesupport_cExport.cmake
[1.024s] -- Up-to-date: /home/noah/Documents/Grad/Coursework/RoboticsProject/ME439_term_project/ros2_ws/install/parallelbot_interfaces/share/parallelbot_interfaces/cmake/parallelbot_interfaces__rosidl_typesupport_cExport-noconfig.cmake
[1.024s] -- Up-to-date: /home/noah/Documents/Grad/Coursework/RoboticsProject/ME439_term_project/ros2_ws/install/parallelbot_interfaces/share/parallelbot_interfaces/cmake/parallelbot_interfaces__rosidl_typesupport_introspection_cppExport.cmake
[1.024s] -- Up-to-date: /home/noah/Documents/Grad/Coursework/RoboticsProject/ME439_term_project/ros2_ws/install/parallelbot_interfaces/share/parallelbot_interfaces/cmake/parallelbot_interfaces__rosidl_typesupport_introspection_cppExport-noconfig.cmake
[1.024s] -- Up-to-date: /home/noah/Documents/Grad/Coursework/RoboticsProject/ME439_term_project/ros2_ws/install/parallelbot_interfaces/share/parallelbot_interfaces/cmake/parallelbot_interfaces__rosidl_typesupport_cppExport.cmake
[1.024s] -- Up-to-date: /home/noah/Documents/Grad/Coursework/RoboticsProject/ME439_term_project/ros2_ws/install/parallelbot_interfaces/share/parallelbot_interfaces/cmake/parallelbot_interfaces__rosidl_typesupport_cppExport-noconfig.cmake
[1.025s] -- Up-to-date: /home/noah/Documents/Grad/Coursework/RoboticsProject/ME439_term_project/ros2_ws/install/parallelbot_interfaces/share/parallelbot_interfaces/cmake/export_parallelbot_interfaces__rosidl_generator_pyExport.cmake
[1.025s] -- Up-to-date: /home/noah/Documents/Grad/Coursework/RoboticsProject/ME439_term_project/ros2_ws/install/parallelbot_interfaces/share/parallelbot_interfaces/cmake/export_parallelbot_interfaces__rosidl_generator_pyExport-noconfig.cmake
[1.025s] -- Up-to-date: /home/noah/Documents/Grad/Coursework/RoboticsProject/ME439_term_project/ros2_ws/install/parallelbot_interfaces/share/parallelbot_interfaces/cmake/rosidl_cmake-extras.cmake
[1.025s] -- Up-to-date: /home/noah/Documents/Grad/Coursework/RoboticsProject/ME439_term_project/ros2_ws/install/parallelbot_interfaces/share/parallelbot_interfaces/cmake/ament_cmake_export_dependencies-extras.cmake
[1.025s] -- Up-to-date: /home/noah/Documents/Grad/Coursework/RoboticsProject/ME439_term_project/ros2_ws/install/parallelbot_interfaces/share/parallelbot_interfaces/cmake/ament_cmake_export_include_directories-extras.cmake
[1.025s] -- Up-to-date: /home/noah/Documents/Grad/Coursework/RoboticsProject/ME439_term_project/ros2_ws/install/parallelbot_interfaces/share/parallelbot_interfaces/cmake/ament_cmake_export_libraries-extras.cmake
[1.026s] -- Up-to-date: /home/noah/Documents/Grad/Coursework/RoboticsProject/ME439_term_project/ros2_ws/install/parallelbot_interfaces/share/parallelbot_interfaces/cmake/ament_cmake_export_targets-extras.cmake
[1.026s] -- Up-to-date: /home/noah/Documents/Grad/Coursework/RoboticsProject/ME439_term_project/ros2_ws/install/parallelbot_interfaces/share/parallelbot_interfaces/cmake/rosidl_cmake_export_typesupport_targets-extras.cmake
[1.026s] -- Up-to-date: /home/noah/Documents/Grad/Coursework/RoboticsProject/ME439_term_project/ros2_ws/install/parallelbot_interfaces/share/parallelbot_interfaces/cmake/rosidl_cmake_export_typesupport_libraries-extras.cmake
[1.026s] -- Up-to-date: /home/noah/Documents/Grad/Coursework/RoboticsProject/ME439_term_project/ros2_ws/install/parallelbot_interfaces/share/parallelbot_interfaces/cmake/parallelbot_interfacesConfig.cmake
[1.027s] -- Up-to-date: /home/noah/Documents/Grad/Coursework/RoboticsProject/ME439_term_project/ros2_ws/install/parallelbot_interfaces/share/parallelbot_interfaces/cmake/parallelbot_interfacesConfig-version.cmake
[1.027s] -- Up-to-date: /home/noah/Documents/Grad/Coursework/RoboticsProject/ME439_term_project/ros2_ws/install/parallelbot_interfaces/share/parallelbot_interfaces/package.xml
[1.027s] Invoked command in '/home/noah/Documents/Grad/Coursework/RoboticsProject/ME439_term_project/ros2_ws/build/parallelbot_interfaces' returned '0': CMAKE_PREFIX_PATH=${CMAKE_PREFIX_PATH}:/home/noah/Documents/Grad/Coursework/RoboticsProject/ME439_term_project/ros2_ws/install/parallelbot:/opt/ros/jazzy /usr/bin/cmake --install /home/noah/Documents/Grad/Coursework/RoboticsProject/ME439_term_project/ros2_ws/build/parallelbot_interfaces
