[1.188s] Invoking command in '/home/noah/Documents/Grad/Coursework/RoboticsProject/ME439_term_project/ros2_ws/src/parallelbot': AMENT_PREFIX_PATH=/home/noah/Documents/Grad/Coursework/RoboticsProject/ME439_term_project/ros2_ws/install/parallelbot_interfaces:${AMENT_PREFIX_PATH} CMAKE_PREFIX_PATH=/home/noah/Documents/Grad/Coursework/RoboticsProject/ME439_term_project/ros2_ws/install/parallelbot_interfaces:${CMAKE_PREFIX_PATH} LD_LIBRARY_PATH=/home/noah/Documents/Grad/Coursework/RoboticsProject/ME439_term_project/ros2_ws/install/parallelbot_interfaces/lib:${LD_LIBRARY_PATH} PYTHONPATH=/home/noah/Documents/Grad/Coursework/RoboticsProject/ME439_term_project/ros2_ws/build/parallelbot/prefix_override:/usr/lib/python3/dist-packages/colcon_core/task/python/colcon_distutils_commands:/home/noah/Documents/Grad/Coursework/RoboticsProject/ME439_term_project/ros2_ws/install/parallelbot/lib/python3.12/site-packages:/home/noah/Documents/Grad/Coursework/RoboticsProject/ME439_term_project/ros2_ws/install/parallelbot_interfaces/lib/python3.12/site-packages:${PYTHONPATH} /usr/bin/python3 -W ignore:setup.py install is deprecated -W ignore:easy_install command is deprecated setup.py egg_info --egg-base ../../build/parallelbot build --build-base /home/noah/Documents/Grad/Coursework/RoboticsProject/ME439_term_project/ros2_ws/build/parallelbot/build install --record /home/noah/Documents/Grad/Coursework/RoboticsProject/ME439_term_project/ros2_ws/build/parallelbot/install.log --single-version-externally-managed install_data
[1.541s] running egg_info
[1.577s] writing ../../build/parallelbot/parallelbot.egg-info/PKG-INFO
[1.583s] writing dependency_links to ../../build/parallelbot/parallelbot.egg-info/dependency_links.txt
[1.583s] writing entry points to ../../build/parallelbot/parallelbot.egg-info/entry_points.txt
[1.584s] writing requirements to ../../build/parallelbot/parallelbot.egg-info/requires.txt
[1.584s] writing top-level names to ../../build/parallelbot/parallelbot.egg-info/top_level.txt
[1.653s] reading manifest file '../../build/parallelbot/parallelbot.egg-info/SOURCES.txt'
[1.654s] adding license file 'LICENSE'
[1.654s] writing manifest file '../../build/parallelbot/parallelbot.egg-info/SOURCES.txt'
[1.654s] running build
[1.655s] running build_py
[1.655s] copying parallelbot/Circle.py -> /home/noah/Documents/Grad/Coursework/RoboticsProject/ME439_term_project/ros2_ws/build/parallelbot/build/lib/parallelbot
[1.656s] copying parallelbot/PB_kinematics.py -> /home/noah/Documents/Grad/Coursework/RoboticsProject/ME439_term_project/ros2_ws/build/parallelbot/build/lib/parallelbot
[1.656s] copying parallelbot/Servo_Executor.py -> /home/noah/Documents/Grad/Coursework/RoboticsProject/ME439_term_project/ros2_ws/build/parallelbot/build/lib/parallelbot
[1.656s] copying parallelbot/Define_Path.py -> /home/noah/Documents/Grad/Coursework/RoboticsProject/ME439_term_project/ros2_ws/build/parallelbot/build/lib/parallelbot
[1.656s] copying parallelbot/ServoCommander.py -> /home/noah/Documents/Grad/Coursework/RoboticsProject/ME439_term_project/ros2_ws/build/parallelbot/build/lib/parallelbot
[1.657s] running install
[1.663s] running install_lib
[1.692s] copying /home/noah/Documents/Grad/Coursework/RoboticsProject/ME439_term_project/ros2_ws/build/parallelbot/build/lib/parallelbot/Circle.py -> /home/noah/Documents/Grad/Coursework/RoboticsProject/ME439_term_project/ros2_ws/install/parallelbot/lib/python3.12/site-packages/parallelbot
[1.693s] copying /home/noah/Documents/Grad/Coursework/RoboticsProject/ME439_term_project/ros2_ws/build/parallelbot/build/lib/parallelbot/PB_kinematics.py -> /home/noah/Documents/Grad/Coursework/RoboticsProject/ME439_term_project/ros2_ws/install/parallelbot/lib/python3.12/site-packages/parallelbot
[1.693s] copying /home/noah/Documents/Grad/Coursework/RoboticsProject/ME439_term_project/ros2_ws/build/parallelbot/build/lib/parallelbot/Servo_Executor.py -> /home/noah/Documents/Grad/Coursework/RoboticsProject/ME439_term_project/ros2_ws/install/parallelbot/lib/python3.12/site-packages/parallelbot
[1.693s] copying /home/noah/Documents/Grad/Coursework/RoboticsProject/ME439_term_project/ros2_ws/build/parallelbot/build/lib/parallelbot/Define_Path.py -> /home/noah/Documents/Grad/Coursework/RoboticsProject/ME439_term_project/ros2_ws/install/parallelbot/lib/python3.12/site-packages/parallelbot
[1.694s] copying /home/noah/Documents/Grad/Coursework/RoboticsProject/ME439_term_project/ros2_ws/build/parallelbot/build/lib/parallelbot/ServoCommander.py -> /home/noah/Documents/Grad/Coursework/RoboticsProject/ME439_term_project/ros2_ws/install/parallelbot/lib/python3.12/site-packages/parallelbot
[1.694s] byte-compiling /home/noah/Documents/Grad/Coursework/RoboticsProject/ME439_term_project/ros2_ws/install/parallelbot/lib/python3.12/site-packages/parallelbot/Circle.py to Circle.cpython-312.pyc
[1.695s] byte-compiling /home/noah/Documents/Grad/Coursework/RoboticsProject/ME439_term_project/ros2_ws/install/parallelbot/lib/python3.12/site-packages/parallelbot/PB_kinematics.py to PB_kinematics.cpython-312.pyc
[1.697s] byte-compiling /home/noah/Documents/Grad/Coursework/RoboticsProject/ME439_term_project/ros2_ws/install/parallelbot/lib/python3.12/site-packages/parallelbot/Servo_Executor.py to Servo_Executor.cpython-312.pyc
[1.698s] byte-compiling /home/noah/Documents/Grad/Coursework/RoboticsProject/ME439_term_project/ros2_ws/install/parallelbot/lib/python3.12/site-packages/parallelbot/Define_Path.py to Define_Path.cpython-312.pyc
[1.701s] byte-compiling /home/noah/Documents/Grad/Coursework/RoboticsProject/ME439_term_project/ros2_ws/install/parallelbot/lib/python3.12/site-packages/parallelbot/ServoCommander.py to ServoCommander.cpython-312.pyc
[1.701s] running install_data
[1.702s] running install_egg_info
[1.733s] removing '/home/noah/Documents/Grad/Coursework/RoboticsProject/ME439_term_project/ros2_ws/install/parallelbot/lib/python3.12/site-packages/parallelbot-0.0.0-py3.12.egg-info' (and everything under it)
[1.734s] Copying ../../build/parallelbot/parallelbot.egg-info to /home/noah/Documents/Grad/Coursework/RoboticsProject/ME439_term_project/ros2_ws/install/parallelbot/lib/python3.12/site-packages/parallelbot-0.0.0-py3.12.egg-info
[1.735s] running install_scripts
[1.923s] Installing Circle script to /home/noah/Documents/Grad/Coursework/RoboticsProject/ME439_term_project/ros2_ws/install/parallelbot/lib/parallelbot
[1.929s] Installing Define_Path script to /home/noah/Documents/Grad/Coursework/RoboticsProject/ME439_term_project/ros2_ws/install/parallelbot/lib/parallelbot
[1.929s] Installing PB_kinematics script to /home/noah/Documents/Grad/Coursework/RoboticsProject/ME439_term_project/ros2_ws/install/parallelbot/lib/parallelbot
[1.929s] Installing ServoCommander script to /home/noah/Documents/Grad/Coursework/RoboticsProject/ME439_term_project/ros2_ws/install/parallelbot/lib/parallelbot
[1.929s] Installing servo_executor script to /home/noah/Documents/Grad/Coursework/RoboticsProject/ME439_term_project/ros2_ws/install/parallelbot/lib/parallelbot
[1.930s] writing list of installed files to '/home/noah/Documents/Grad/Coursework/RoboticsProject/ME439_term_project/ros2_ws/build/parallelbot/install.log'
[1.962s] Invoked command in '/home/noah/Documents/Grad/Coursework/RoboticsProject/ME439_term_project/ros2_ws/src/parallelbot' returned '0': AMENT_PREFIX_PATH=/home/noah/Documents/Grad/Coursework/RoboticsProject/ME439_term_project/ros2_ws/install/parallelbot_interfaces:${AMENT_PREFIX_PATH} CMAKE_PREFIX_PATH=/home/noah/Documents/Grad/Coursework/RoboticsProject/ME439_term_project/ros2_ws/install/parallelbot_interfaces:${CMAKE_PREFIX_PATH} LD_LIBRARY_PATH=/home/noah/Documents/Grad/Coursework/RoboticsProject/ME439_term_project/ros2_ws/install/parallelbot_interfaces/lib:${LD_LIBRARY_PATH} PYTHONPATH=/home/noah/Documents/Grad/Coursework/RoboticsProject/ME439_term_project/ros2_ws/build/parallelbot/prefix_override:/usr/lib/python3/dist-packages/colcon_core/task/python/colcon_distutils_commands:/home/noah/Documents/Grad/Coursework/RoboticsProject/ME439_term_project/ros2_ws/install/parallelbot/lib/python3.12/site-packages:/home/noah/Documents/Grad/Coursework/RoboticsProject/ME439_term_project/ros2_ws/install/parallelbot_interfaces/lib/python3.12/site-packages:${PYTHONPATH} /usr/bin/python3 -W ignore:setup.py install is deprecated -W ignore:easy_install command is deprecated setup.py egg_info --egg-base ../../build/parallelbot build --build-base /home/noah/Documents/Grad/Coursework/RoboticsProject/ME439_term_project/ros2_ws/build/parallelbot/build install --record /home/noah/Documents/Grad/Coursework/RoboticsProject/ME439_term_project/ros2_ws/build/parallelbot/install.log --single-version-externally-managed install_data
