[1.871s] Invoking command in '/home/noah/Documents/Grad/Coursework/RoboticsProject/ME439_term_project/ros2_ws/src/parallelbot': PYTHONPATH=/home/noah/Documents/Grad/Coursework/RoboticsProject/ME439_term_project/ros2_ws/build/parallelbot/prefix_override:/usr/lib/python3/dist-packages/colcon_core/task/python/colcon_distutils_commands:/home/noah/Documents/Grad/Coursework/RoboticsProject/ME439_term_project/ros2_ws/install/parallelbot/lib/python3.12/site-packages:${PYTHONPATH} /usr/bin/python3 -W ignore:setup.py install is deprecated setup.py egg_info --egg-base ../../build/parallelbot build --build-base /home/noah/Documents/Grad/Coursework/RoboticsProject/ME439_term_project/ros2_ws/build/parallelbot/build install --record /home/noah/Documents/Grad/Coursework/RoboticsProject/ME439_term_project/ros2_ws/build/parallelbot/install.log --single-version-externally-managed install_data
[2.300s] running egg_info
[2.337s] writing ../../build/parallelbot/parallelbot.egg-info/PKG-INFO
[2.337s] writing dependency_links to ../../build/parallelbot/parallelbot.egg-info/dependency_links.txt
[2.338s] writing entry points to ../../build/parallelbot/parallelbot.egg-info/entry_points.txt
[2.338s] writing requirements to ../../build/parallelbot/parallelbot.egg-info/requires.txt
[2.338s] writing top-level names to ../../build/parallelbot/parallelbot.egg-info/top_level.txt
[2.401s] reading manifest file '../../build/parallelbot/parallelbot.egg-info/SOURCES.txt'
[2.401s] adding license file 'LICENSE'
[2.402s] writing manifest file '../../build/parallelbot/parallelbot.egg-info/SOURCES.txt'
[2.402s] running build
[2.402s] running build_py
[2.403s] running install
[2.410s] running install_lib
[2.447s] running install_data
[2.447s] copying package.xml -> /home/noah/Documents/Grad/Coursework/RoboticsProject/ME439_term_project/ros2_ws/install/parallelbot/share/parallelbot
[2.447s] running install_egg_info
[2.480s] removing '/home/noah/Documents/Grad/Coursework/RoboticsProject/ME439_term_project/ros2_ws/install/parallelbot/lib/python3.12/site-packages/parallelbot-0.0.0-py3.12.egg-info' (and everything under it)
[2.480s] Copying ../../build/parallelbot/parallelbot.egg-info to /home/noah/Documents/Grad/Coursework/RoboticsProject/ME439_term_project/ros2_ws/install/parallelbot/lib/python3.12/site-packages/parallelbot-0.0.0-py3.12.egg-info
[2.482s] running install_scripts
[2.724s] Installing PB_kinematics script to /home/noah/Documents/Grad/Coursework/RoboticsProject/ME439_term_project/ros2_ws/install/parallelbot/lib/parallelbot
[2.724s] writing list of installed files to '/home/noah/Documents/Grad/Coursework/RoboticsProject/ME439_term_project/ros2_ws/build/parallelbot/install.log'
[2.787s] Invoked command in '/home/noah/Documents/Grad/Coursework/RoboticsProject/ME439_term_project/ros2_ws/src/parallelbot' returned '0': PYTHONPATH=/home/noah/Documents/Grad/Coursework/RoboticsProject/ME439_term_project/ros2_ws/build/parallelbot/prefix_override:/usr/lib/python3/dist-packages/colcon_core/task/python/colcon_distutils_commands:/home/noah/Documents/Grad/Coursework/RoboticsProject/ME439_term_project/ros2_ws/install/parallelbot/lib/python3.12/site-packages:${PYTHONPATH} /usr/bin/python3 -W ignore:setup.py install is deprecated setup.py egg_info --egg-base ../../build/parallelbot build --build-base /home/noah/Documents/Grad/Coursework/RoboticsProject/ME439_term_project/ros2_ws/build/parallelbot/build install --record /home/noah/Documents/Grad/Coursework/RoboticsProject/ME439_term_project/ros2_ws/build/parallelbot/install.log --single-version-externally-managed install_data
